#
# There is insufficient memory for the Java Runtime Environment to continue.
# Native memory allocation (malloc) failed to allocate 818896 bytes for Chunk::new
# Possible reasons:
#   The system is out of physical RAM or swap space
#   The process is running with CompressedOops enabled, and the Java Heap may be blocking the growth of the native heap
# Possible solutions:
#   Reduce memory load on the system
#   Increase physical memory or swap space
#   Check if swap backing store is full
#   Decrease Java heap size (-Xmx/-Xms)
#   Decrease number of Java threads
#   Decrease Java thread stack sizes (-Xss)
#   Set larger code cache with -XX:ReservedCodeCacheSize=
#   JVM is running with Unscaled Compressed Oops mode in which the Java heap is
#     placed in the first 4GB address space. The Java Heap base address is the
#     maximum limit for the native heap growth. Please use -XX:HeapBaseMinAddress
#     to set the Java Heap base and to place the Java Heap above 4GB virtual address.
# This output file may be truncated or incomplete.
#
#  Out of Memory Error (arena.cpp:189), pid=4968, tid=20472
#
# JRE version: Java(TM) SE Runtime Environment (17.0.9+11) (build 17.0.9+11-LTS-201)
# Java VM: Java HotSpot(TM) 64-Bit Server VM (17.0.9+11-LTS-201, mixed mode, sharing, tiered, compressed oops, compressed class ptrs, g1 gc, windows-amd64)
# No core dump will be written. Minidumps are not enabled by default on client versions of Windows
#

---------------  S U M M A R Y ------------

Command Line: -Dfile.encoding=UTF-8 --module-path=C:\Users\bala2\Documents\NetBeansProjects\Cafe Managment\build\classes cafe.Dashboard

Host: AMD Ryzen 7 6800HS with Radeon Graphics        , 16 cores, 7G,  Windows 11 , 64 bit Build 22621 (10.0.22621.2506)
Time: Wed Dec 20 18:01:17 2023 Sri Lanka Standard Time elapsed time: 7.334381 seconds (0d 0h 0m 7s)

---------------  T H R E A D  ---------------

Current thread (0x000001b77fd5d800):  JavaThread "C2 CompilerThread0" daemon [_thread_in_native, id=20472, stack(0x0000007590000000,0x0000007590100000)]


Current CompileTask:
C2:   7334 2539       4       javax.swing.GroupLayout$Group::calculateAutopadding (78 bytes)

Stack: [0x0000007590000000,0x0000007590100000]
Native frames: (J=compiled Java code, j=interpreted, Vv=VM code, C=native code)
V  [jvm.dll+0x678a4a]
V  [jvm.dll+0x7d9cfd]
V  [jvm.dll+0x7db60e]
V  [jvm.dll+0x7dbc73]
V  [jvm.dll+0x245e1f]
V  [jvm.dll+0xaaafb]
V  [jvm.dll+0xab09c]
V  [jvm.dll+0x36232f]
V  [jvm.dll+0x32ca01]
V  [jvm.dll+0x32be9a]
V  [jvm.dll+0x21812f]
V  [jvm.dll+0x217561]
V  [jvm.dll+0x1a3bc0]
V  [jvm.dll+0x2272de]
V  [jvm.dll+0x22548b]
V  [jvm.dll+0x78f58c]
V  [jvm.dll+0x78998a]
V  [jvm.dll+0x677875]
C  [ucrtbase.dll+0x29363]
C  [KERNEL32.DLL+0x1257d]
C  [ntdll.dll+0x5aa58]


---------------  P R O C E S S  ---------------

Threads class SMR info:
_java_thread_list=0x000001b76555d750, length=21, elements={
0x000001b77fd3d080, 0x000001b77fd3df00, 0x000001b77fd544f0, 0x000001b77fd57ee0,
0x000001b77fd587b0, 0x000001b77fd5a090, 0x000001b77fd5d800, 0x000001b77fd5e1c0,
0x000001b77fd60ef0, 0x000001b77fd26270, 0x000001b756093b00, 0x000001b7561995b0,
0x000001b7562d8ef0, 0x000001b7562d93d0, 0x000001b7562d9cc0, 0x000001b7563b1a60,
0x000001b772738010, 0x000001b76510a020, 0x000001b76541af00, 0x000001b765433010,
0x000001b7654316c0
}

Java Threads: ( => current thread )
  0x000001b77fd3d080 JavaThread "Reference Handler" daemon [_thread_blocked, id=18492, stack(0x000000758fa00000,0x000000758fb00000)]
  0x000001b77fd3df00 JavaThread "Finalizer" daemon [_thread_blocked, id=10824, stack(0x000000758fb00000,0x000000758fc00000)]
  0x000001b77fd544f0 JavaThread "Signal Dispatcher" daemon [_thread_blocked, id=21232, stack(0x000000758fc00000,0x000000758fd00000)]
  0x000001b77fd57ee0 JavaThread "Attach Listener" daemon [_thread_blocked, id=18752, stack(0x000000758fd00000,0x000000758fe00000)]
  0x000001b77fd587b0 JavaThread "Service Thread" daemon [_thread_blocked, id=19804, stack(0x000000758fe00000,0x000000758ff00000)]
  0x000001b77fd5a090 JavaThread "Monitor Deflation Thread" daemon [_thread_blocked, id=19260, stack(0x000000758ff00000,0x0000007590000000)]
=>0x000001b77fd5d800 JavaThread "C2 CompilerThread0" daemon [_thread_in_native, id=20472, stack(0x0000007590000000,0x0000007590100000)]
  0x000001b77fd5e1c0 JavaThread "C1 CompilerThread0" daemon [_thread_blocked, id=16476, stack(0x0000007590100000,0x0000007590200000)]
  0x000001b77fd60ef0 JavaThread "Sweeper thread" daemon [_thread_blocked, id=11688, stack(0x0000007590200000,0x0000007590300000)]
  0x000001b77fd26270 JavaThread "Common-Cleaner" daemon [_thread_blocked, id=8068, stack(0x0000007590300000,0x0000007590400000)]
  0x000001b756093b00 JavaThread "C1 CompilerThread1" daemon [_thread_blocked, id=10648, stack(0x0000007590400000,0x0000007590500000)]
  0x000001b7561995b0 JavaThread "Notification Thread" daemon [_thread_blocked, id=18408, stack(0x0000007590700000,0x0000007590800000)]
  0x000001b7562d8ef0 JavaThread "Java2D Disposer" daemon [_thread_blocked, id=22400, stack(0x0000007590900000,0x0000007590a00000)]
  0x000001b7562d93d0 JavaThread "AWT-Shutdown" [_thread_blocked, id=18884, stack(0x0000007590a00000,0x0000007590b00000)]
  0x000001b7562d9cc0 JavaThread "AWT-Windows" daemon [_thread_in_native, id=15188, stack(0x0000007590b00000,0x0000007590c00000)]
  0x000001b7563b1a60 JavaThread "AWT-EventQueue-0" [_thread_in_native, id=23536, stack(0x0000007590c00000,0x0000007590d00000)]
  0x000001b772738010 JavaThread "DestroyJavaVM" [_thread_blocked, id=23180, stack(0x000000758f300000,0x000000758f400000)]
  0x000001b76510a020 JavaThread "C1 CompilerThread2" daemon [_thread_blocked, id=22432, stack(0x0000007590500000,0x0000007590600000)]
  0x000001b76541af00 JavaThread "TimerQueue" daemon [_thread_blocked, id=11136, stack(0x0000007591d00000,0x0000007591e00000)]
  0x000001b765433010 JavaThread "Thread-0" [_thread_blocked, id=23308, stack(0x0000007590600000,0x0000007590700000)]
  0x000001b7654316c0 JavaThread "D3D Screen Updater" daemon [_thread_blocked, id=15616, stack(0x0000007592f00000,0x0000007593000000)]

Other Threads:
  0x000001b77fd35060 VMThread "VM Thread" [stack: 0x000000758f900000,0x000000758fa00000] [id=21632]
  0x000001b7561a6e40 WatcherThread [stack: 0x0000007590800000,0x0000007590900000] [id=1356]
  0x000001b77278e590 GCTaskThread "GC Thread#0" [stack: 0x000000758f400000,0x000000758f500000] [id=9976]
  0x000001b7654e0620 GCTaskThread "GC Thread#1" [stack: 0x0000007592300000,0x0000007592400000] [id=10228]
  0x000001b7655e3c50 GCTaskThread "GC Thread#2" [stack: 0x0000007592400000,0x0000007592500000] [id=15672]
  0x000001b765597b90 GCTaskThread "GC Thread#3" [stack: 0x0000007592500000,0x0000007592600000] [id=3964]
  0x000001b765597e50 GCTaskThread "GC Thread#4" [stack: 0x0000007592600000,0x0000007592700000] [id=20108]
  0x000001b765598110 GCTaskThread "GC Thread#5" [stack: 0x0000007592700000,0x0000007592800000] [id=22216]
  0x000001b765553cd0 GCTaskThread "GC Thread#6" [stack: 0x0000007592800000,0x0000007592900000] [id=22672]
  0x000001b765694eb0 GCTaskThread "GC Thread#7" [stack: 0x0000007592900000,0x0000007592a00000] [id=18164]
  0x000001b765695170 GCTaskThread "GC Thread#8" [stack: 0x0000007592a00000,0x0000007592b00000] [id=8568]
  0x000001b765699440 GCTaskThread "GC Thread#9" [stack: 0x0000007592b00000,0x0000007592c00000] [id=9748]
  0x000001b765699f10 GCTaskThread "GC Thread#10" [stack: 0x0000007592c00000,0x0000007592d00000] [id=13940]
  0x000001b7727a0100 ConcurrentGCThread "G1 Main Marker" [stack: 0x000000758f500000,0x000000758f600000] [id=22752]
  0x000001b7727a12b0 ConcurrentGCThread "G1 Conc#0" [stack: 0x000000758f600000,0x000000758f700000] [id=20352]
  0x000001b7655983d0 ConcurrentGCThread "G1 Conc#1" [stack: 0x0000007592d00000,0x0000007592e00000] [id=8576]
  0x000001b765552c90 ConcurrentGCThread "G1 Conc#2" [stack: 0x0000007592e00000,0x0000007592f00000] [id=12984]
  0x000001b77fbf24b0 ConcurrentGCThread "G1 Refine#0" [stack: 0x000000758f700000,0x000000758f800000] [id=13836]
  0x000001b77280d570 ConcurrentGCThread "G1 Service" [stack: 0x000000758f800000,0x000000758f900000] [id=8700]

Threads with active compile tasks:
C2 CompilerThread0     7364 2539       4       javax.swing.GroupLayout$Group::calculateAutopadding (78 bytes)

VM state: not at safepoint (normal execution)

VM Mutex/Monitor currently owned by a thread: None

Heap address: 0x000000008c000000, size: 1856 MB, Compressed Oops mode: 32-bit

CDS archive(s) mapped at: [0x000001b711000000-0x000001b711bd0000-0x000001b711bd0000), size 12386304, SharedBaseAddress: 0x000001b711000000, ArchiveRelocationMode: 1.
Compressed class space mapped at: 0x000001b712000000-0x000001b752000000, reserved size: 1073741824
Narrow klass base: 0x000001b711000000, Narrow klass shift: 0, Narrow klass range: 0x100000000

GC Precious Log:
 CPUs: 16 total, 16 available
 Memory: 7418M
 Large Page Support: Disabled
 NUMA Support: Disabled
 Compressed Oops: Enabled (32-bit)
 Heap Region Size: 1M
 Heap Min Capacity: 8M
 Heap Initial Capacity: 116M
 Heap Max Capacity: 1856M
 Pre-touch: Disabled
 Parallel Workers: 13
 Concurrent Workers: 3
 Concurrent Refinement Workers: 13
 Periodic GC: Disabled

Heap:
 garbage-first heap   total 413696K, used 141789K [0x000000008c000000, 0x0000000100000000)
  region size 1024K, 15 young (15360K), 1 survivors (1024K)
 Metaspace       used 12343K, committed 12608K, reserved 1114112K
  class space    used 1344K, committed 1472K, reserved 1048576K

Heap Regions: E=young(eden), S=young(survivor), O=old, HS=humongous(starts), HC=humongous(continues), CS=collection set, F=free, OA=open archive, CA=closed archive, TAMS=top-at-mark-start (previous, next)
|   0|0x000000008c000000, 0x000000008c100000, 0x000000008c100000|100%|HS|  |TAMS 0x000000008c100000, 0x000000008c100000| Complete 
|   1|0x000000008c100000, 0x000000008c200000, 0x000000008c200000|100%|HC|  |TAMS 0x000000008c200000, 0x000000008c200000| Complete 
|   2|0x000000008c200000, 0x000000008c300000, 0x000000008c300000|100%|HC|  |TAMS 0x000000008c300000, 0x000000008c300000| Complete 
|   3|0x000000008c300000, 0x000000008c400000, 0x000000008c400000|100%| O|  |TAMS 0x000000008c400000, 0x000000008c400000| Untracked 
|   4|0x000000008c400000, 0x000000008c500000, 0x000000008c500000|100%|HS|  |TAMS 0x000000008c500000, 0x000000008c500000| Complete 
|   5|0x000000008c500000, 0x000000008c600000, 0x000000008c600000|100%|HC|  |TAMS 0x000000008c600000, 0x000000008c600000| Complete 
|   6|0x000000008c600000, 0x000000008c700000, 0x000000008c700000|100%|HC|  |TAMS 0x000000008c700000, 0x000000008c700000| Complete 
|   7|0x000000008c700000, 0x000000008c800000, 0x000000008c800000|100%|HC|  |TAMS 0x000000008c800000, 0x000000008c800000| Complete 
|   8|0x000000008c800000, 0x000000008c900000, 0x000000008c900000|100%|HC|  |TAMS 0x000000008c900000, 0x000000008c900000| Complete 
|   9|0x000000008c900000, 0x000000008ca00000, 0x000000008ca00000|100%|HC|  |TAMS 0x000000008ca00000, 0x000000008ca00000| Complete 
|  10|0x000000008ca00000, 0x000000008cb00000, 0x000000008cb00000|100%|HC|  |TAMS 0x000000008cb00000, 0x000000008cb00000| Complete 
|  11|0x000000008cb00000, 0x000000008cc00000, 0x000000008cc00000|100%|HC|  |TAMS 0x000000008cc00000, 0x000000008cc00000| Complete 
|  12|0x000000008cc00000, 0x000000008cd00000, 0x000000008cd00000|100%|HC|  |TAMS 0x000000008cd00000, 0x000000008cd00000| Complete 
|  13|0x000000008cd00000, 0x000000008ce00000, 0x000000008ce00000|100%|HC|  |TAMS 0x000000008ce00000, 0x000000008ce00000| Complete 
|  14|0x000000008ce00000, 0x000000008cf00000, 0x000000008cf00000|100%|HC|  |TAMS 0x000000008cf00000, 0x000000008cf00000| Complete 
|  15|0x000000008cf00000, 0x000000008d000000, 0x000000008d000000|100%|HC|  |TAMS 0x000000008d000000, 0x000000008d000000| Complete 
|  16|0x000000008d000000, 0x000000008d100000, 0x000000008d100000|100%|HC|  |TAMS 0x000000008d100000, 0x000000008d100000| Complete 
|  17|0x000000008d100000, 0x000000008d200000, 0x000000008d200000|100%|HC|  |TAMS 0x000000008d200000, 0x000000008d200000| Complete 
|  18|0x000000008d200000, 0x000000008d300000, 0x000000008d300000|100%|HC|  |TAMS 0x000000008d300000, 0x000000008d300000| Complete 
|  19|0x000000008d300000, 0x000000008d400000, 0x000000008d400000|100%|HC|  |TAMS 0x000000008d400000, 0x000000008d400000| Complete 
|  20|0x000000008d400000, 0x000000008d500000, 0x000000008d500000|100%|HC|  |TAMS 0x000000008d500000, 0x000000008d500000| Complete 
|  21|0x000000008d500000, 0x000000008d600000, 0x000000008d600000|100%|HC|  |TAMS 0x000000008d600000, 0x000000008d600000| Complete 
|  22|0x000000008d600000, 0x000000008d700000, 0x000000008d700000|100%|HC|  |TAMS 0x000000008d700000, 0x000000008d700000| Complete 
|  23|0x000000008d700000, 0x000000008d800000, 0x000000008d800000|100%|HC|  |TAMS 0x000000008d800000, 0x000000008d800000| Complete 
|  24|0x000000008d800000, 0x000000008d900000, 0x000000008d900000|100%|HC|  |TAMS 0x000000008d900000, 0x000000008d900000| Complete 
|  25|0x000000008d900000, 0x000000008da00000, 0x000000008da00000|100%|HC|  |TAMS 0x000000008da00000, 0x000000008da00000| Complete 
|  26|0x000000008da00000, 0x000000008db00000, 0x000000008db00000|100%|HC|  |TAMS 0x000000008db00000, 0x000000008db00000| Complete 
|  27|0x000000008db00000, 0x000000008dc00000, 0x000000008dc00000|100%|HC|  |TAMS 0x000000008dc00000, 0x000000008dc00000| Complete 
|  28|0x000000008dc00000, 0x000000008dd00000, 0x000000008dd00000|100%|HC|  |TAMS 0x000000008dd00000, 0x000000008dd00000| Complete 
|  29|0x000000008dd00000, 0x000000008de00000, 0x000000008de00000|100%|HC|  |TAMS 0x000000008de00000, 0x000000008de00000| Complete 
|  30|0x000000008de00000, 0x000000008df00000, 0x000000008df00000|100%|HC|  |TAMS 0x000000008df00000, 0x000000008df00000| Complete 
|  31|0x000000008df00000, 0x000000008e000000, 0x000000008e000000|100%|HC|  |TAMS 0x000000008e000000, 0x000000008e000000| Complete 
|  32|0x000000008e000000, 0x000000008e100000, 0x000000008e100000|100%|HC|  |TAMS 0x000000008e100000, 0x000000008e100000| Complete 
|  33|0x000000008e100000, 0x000000008e200000, 0x000000008e200000|100%|HC|  |TAMS 0x000000008e200000, 0x000000008e200000| Complete 
|  34|0x000000008e200000, 0x000000008e300000, 0x000000008e300000|100%|HC|  |TAMS 0x000000008e300000, 0x000000008e300000| Complete 
|  35|0x000000008e300000, 0x000000008e400000, 0x000000008e400000|100%|HC|  |TAMS 0x000000008e400000, 0x000000008e400000| Complete 
|  36|0x000000008e400000, 0x000000008e500000, 0x000000008e500000|100%|HC|  |TAMS 0x000000008e500000, 0x000000008e500000| Complete 
|  37|0x000000008e500000, 0x000000008e600000, 0x000000008e600000|100%|HC|  |TAMS 0x000000008e600000, 0x000000008e600000| Complete 
|  38|0x000000008e600000, 0x000000008e700000, 0x000000008e700000|100%|HC|  |TAMS 0x000000008e700000, 0x000000008e700000| Complete 
|  39|0x000000008e700000, 0x000000008e800000, 0x000000008e800000|100%|HC|  |TAMS 0x000000008e800000, 0x000000008e800000| Complete 
|  40|0x000000008e800000, 0x000000008e900000, 0x000000008e900000|100%|HC|  |TAMS 0x000000008e900000, 0x000000008e900000| Complete 
|  41|0x000000008e900000, 0x000000008ea00000, 0x000000008ea00000|100%|HC|  |TAMS 0x000000008ea00000, 0x000000008ea00000| Complete 
|  42|0x000000008ea00000, 0x000000008eb00000, 0x000000008eb00000|100%|HC|  |TAMS 0x000000008eb00000, 0x000000008eb00000| Complete 
|  43|0x000000008eb00000, 0x000000008ec00000, 0x000000008ec00000|100%|HC|  |TAMS 0x000000008ec00000, 0x000000008ec00000| Complete 
|  44|0x000000008ec00000, 0x000000008ed00000, 0x000000008ed00000|100%|HC|  |TAMS 0x000000008ed00000, 0x000000008ed00000| Complete 
|  45|0x000000008ed00000, 0x000000008ee00000, 0x000000008ee00000|100%|HC|  |TAMS 0x000000008ee00000, 0x000000008ee00000| Complete 
|  46|0x000000008ee00000, 0x000000008ef00000, 0x000000008ef00000|100%|HC|  |TAMS 0x000000008ef00000, 0x000000008ef00000| Complete 
|  47|0x000000008ef00000, 0x000000008f000000, 0x000000008f000000|100%|HC|  |TAMS 0x000000008f000000, 0x000000008f000000| Complete 
|  48|0x000000008f000000, 0x000000008f100000, 0x000000008f100000|100%|HC|  |TAMS 0x000000008f100000, 0x000000008f100000| Complete 
|  49|0x000000008f100000, 0x000000008f200000, 0x000000008f200000|100%|HC|  |TAMS 0x000000008f200000, 0x000000008f200000| Complete 
|  50|0x000000008f200000, 0x000000008f300000, 0x000000008f300000|100%|HC|  |TAMS 0x000000008f300000, 0x000000008f300000| Complete 
|  51|0x000000008f300000, 0x000000008f400000, 0x000000008f400000|100%|HC|  |TAMS 0x000000008f400000, 0x000000008f400000| Complete 
|  52|0x000000008f400000, 0x000000008f500000, 0x000000008f500000|100%|HC|  |TAMS 0x000000008f500000, 0x000000008f500000| Complete 
|  53|0x000000008f500000, 0x000000008f600000, 0x000000008f600000|100%|HC|  |TAMS 0x000000008f600000, 0x000000008f600000| Complete 
|  54|0x000000008f600000, 0x000000008f700000, 0x000000008f700000|100%|HC|  |TAMS 0x000000008f700000, 0x000000008f700000| Complete 
|  55|0x000000008f700000, 0x000000008f800000, 0x000000008f800000|100%|HC|  |TAMS 0x000000008f800000, 0x000000008f800000| Complete 
|  56|0x000000008f800000, 0x000000008f900000, 0x000000008f900000|100%|HC|  |TAMS 0x000000008f900000, 0x000000008f900000| Complete 
|  57|0x000000008f900000, 0x000000008fa00000, 0x000000008fa00000|100%|HC|  |TAMS 0x000000008fa00000, 0x000000008fa00000| Complete 
|  58|0x000000008fa00000, 0x000000008fb00000, 0x000000008fb00000|100%|HC|  |TAMS 0x000000008fb00000, 0x000000008fb00000| Complete 
|  59|0x000000008fb00000, 0x000000008fc00000, 0x000000008fc00000|100%|HC|  |TAMS 0x000000008fc00000, 0x000000008fc00000| Complete 
|  60|0x000000008fc00000, 0x000000008fd00000, 0x000000008fd00000|100%|HC|  |TAMS 0x000000008fd00000, 0x000000008fd00000| Complete 
|  61|0x000000008fd00000, 0x000000008fe00000, 0x000000008fe00000|100%|HC|  |TAMS 0x000000008fe00000, 0x000000008fe00000| Complete 
|  62|0x000000008fe00000, 0x000000008ff00000, 0x000000008ff00000|100%|HC|  |TAMS 0x000000008ff00000, 0x000000008ff00000| Complete 
|  63|0x000000008ff00000, 0x0000000090000000, 0x0000000090000000|100%|HC|  |TAMS 0x0000000090000000, 0x0000000090000000| Complete 
|  64|0x0000000090000000, 0x0000000090100000, 0x0000000090100000|100%|HC|  |TAMS 0x0000000090100000, 0x0000000090100000| Complete 
|  65|0x0000000090100000, 0x0000000090200000, 0x0000000090200000|100%|HC|  |TAMS 0x0000000090200000, 0x0000000090200000| Complete 
|  66|0x0000000090200000, 0x0000000090300000, 0x0000000090300000|100%|HC|  |TAMS 0x0000000090300000, 0x0000000090300000| Complete 
|  67|0x0000000090300000, 0x0000000090400000, 0x0000000090400000|100%|HC|  |TAMS 0x0000000090400000, 0x0000000090400000| Complete 
|  68|0x0000000090400000, 0x0000000090500000, 0x0000000090500000|100%|HC|  |TAMS 0x0000000090500000, 0x0000000090500000| Complete 
|  69|0x0000000090500000, 0x0000000090600000, 0x0000000090600000|100%|HC|  |TAMS 0x0000000090600000, 0x0000000090600000| Complete 
|  70|0x0000000090600000, 0x0000000090700000, 0x0000000090700000|100%|HC|  |TAMS 0x0000000090700000, 0x0000000090700000| Complete 
|  71|0x0000000090700000, 0x0000000090800000, 0x0000000090800000|100%|HC|  |TAMS 0x0000000090800000, 0x0000000090800000| Complete 
|  72|0x0000000090800000, 0x0000000090900000, 0x0000000090900000|100%|HC|  |TAMS 0x0000000090900000, 0x0000000090900000| Complete 
|  73|0x0000000090900000, 0x0000000090a00000, 0x0000000090a00000|100%|HC|  |TAMS 0x0000000090a00000, 0x0000000090a00000| Complete 
|  74|0x0000000090a00000, 0x0000000090b00000, 0x0000000090b00000|100%|HC|  |TAMS 0x0000000090b00000, 0x0000000090b00000| Complete 
|  75|0x0000000090b00000, 0x0000000090c00000, 0x0000000090c00000|100%|HC|  |TAMS 0x0000000090c00000, 0x0000000090c00000| Complete 
|  76|0x0000000090c00000, 0x0000000090d00000, 0x0000000090d00000|100%|HC|  |TAMS 0x0000000090d00000, 0x0000000090d00000| Complete 
|  77|0x0000000090d00000, 0x0000000090e00000, 0x0000000090e00000|100%|HC|  |TAMS 0x0000000090e00000, 0x0000000090e00000| Complete 
|  78|0x0000000090e00000, 0x0000000090f00000, 0x0000000090f00000|100%|HC|  |TAMS 0x0000000090f00000, 0x0000000090f00000| Complete 
|  79|0x0000000090f00000, 0x0000000091000000, 0x0000000091000000|100%|HC|  |TAMS 0x0000000091000000, 0x0000000091000000| Complete 
|  80|0x0000000091000000, 0x0000000091100000, 0x0000000091100000|100%|HC|  |TAMS 0x0000000091100000, 0x0000000091100000| Complete 
|  81|0x0000000091100000, 0x0000000091200000, 0x0000000091200000|100%|HC|  |TAMS 0x0000000091200000, 0x0000000091200000| Complete 
|  82|0x0000000091200000, 0x0000000091300000, 0x0000000091300000|100%|HC|  |TAMS 0x0000000091300000, 0x0000000091300000| Complete 
|  83|0x0000000091300000, 0x0000000091400000, 0x0000000091400000|100%|HC|  |TAMS 0x0000000091400000, 0x0000000091400000| Complete 
|  84|0x0000000091400000, 0x0000000091500000, 0x0000000091500000|100%|HC|  |TAMS 0x0000000091500000, 0x0000000091500000| Complete 
|  85|0x0000000091500000, 0x0000000091600000, 0x0000000091600000|100%| O|  |TAMS 0x0000000091600000, 0x0000000091600000| Untracked 
|  86|0x0000000091600000, 0x0000000091700000, 0x0000000091700000|100%| O|  |TAMS 0x0000000091700000, 0x0000000091700000| Untracked 
|  87|0x0000000091700000, 0x0000000091800000, 0x0000000091800000|100%| O|  |TAMS 0x0000000091800000, 0x0000000091800000| Untracked 
|  88|0x0000000091800000, 0x0000000091900000, 0x0000000091900000|100%|HS|  |TAMS 0x0000000091900000, 0x0000000091900000| Complete 
|  89|0x0000000091900000, 0x0000000091a00000, 0x0000000091a00000|100%|HC|  |TAMS 0x0000000091a00000, 0x0000000091a00000| Complete 
|  90|0x0000000091a00000, 0x0000000091b00000, 0x0000000091b00000|100%|HC|  |TAMS 0x0000000091b00000, 0x0000000091b00000| Complete 
|  91|0x0000000091b00000, 0x0000000091c00000, 0x0000000091c00000|100%|HC|  |TAMS 0x0000000091c00000, 0x0000000091c00000| Complete 
|  92|0x0000000091c00000, 0x0000000091d00000, 0x0000000091d00000|100%|HS|  |TAMS 0x0000000091d00000, 0x0000000091d00000| Complete 
|  93|0x0000000091d00000, 0x0000000091e00000, 0x0000000091e00000|100%|HC|  |TAMS 0x0000000091e00000, 0x0000000091e00000| Complete 
|  94|0x0000000091e00000, 0x0000000091f00000, 0x0000000091f00000|100%|HC|  |TAMS 0x0000000091f00000, 0x0000000091f00000| Complete 
|  95|0x0000000091f00000, 0x0000000092000000, 0x0000000092000000|100%|HC|  |TAMS 0x0000000092000000, 0x0000000092000000| Complete 
|  96|0x0000000092000000, 0x0000000092100000, 0x0000000092100000|100%|HC|  |TAMS 0x0000000092100000, 0x0000000092100000| Complete 
|  97|0x0000000092100000, 0x0000000092200000, 0x0000000092200000|100%|HC|  |TAMS 0x0000000092200000, 0x0000000092200000| Complete 
|  98|0x0000000092200000, 0x0000000092300000, 0x0000000092300000|100%|HC|  |TAMS 0x0000000092300000, 0x0000000092300000| Complete 
|  99|0x0000000092300000, 0x0000000092400000, 0x0000000092400000|100%|HC|  |TAMS 0x0000000092400000, 0x0000000092400000| Complete 
| 100|0x0000000092400000, 0x0000000092500000, 0x0000000092500000|100%|HC|  |TAMS 0x0000000092500000, 0x0000000092500000| Complete 
| 101|0x0000000092500000, 0x0000000092600000, 0x0000000092600000|100%|HC|  |TAMS 0x0000000092600000, 0x0000000092600000| Complete 
| 102|0x0000000092600000, 0x0000000092700000, 0x0000000092700000|100%|HC|  |TAMS 0x0000000092700000, 0x0000000092700000| Complete 
| 103|0x0000000092700000, 0x0000000092800000, 0x0000000092800000|100%|HC|  |TAMS 0x0000000092800000, 0x0000000092800000| Complete 
| 104|0x0000000092800000, 0x0000000092900000, 0x0000000092900000|100%|HC|  |TAMS 0x0000000092900000, 0x0000000092900000| Complete 
| 105|0x0000000092900000, 0x0000000092a00000, 0x0000000092a00000|100%|HS|  |TAMS 0x0000000092a00000, 0x0000000092a00000| Complete 
| 106|0x0000000092a00000, 0x0000000092b00000, 0x0000000092b00000|100%|HC|  |TAMS 0x0000000092b00000, 0x0000000092b00000| Complete 
| 107|0x0000000092b00000, 0x0000000092c00000, 0x0000000092c00000|100%|HS|  |TAMS 0x0000000092c00000, 0x0000000092c00000| Complete 
| 108|0x0000000092c00000, 0x0000000092d00000, 0x0000000092d00000|100%|HC|  |TAMS 0x0000000092d00000, 0x0000000092d00000| Complete 
| 109|0x0000000092d00000, 0x0000000092e00000, 0x0000000092e00000|100%|HS|  |TAMS 0x0000000092e00000, 0x0000000092e00000| Complete 
| 110|0x0000000092e00000, 0x0000000092f00000, 0x0000000092f00000|100%|HS|  |TAMS 0x0000000092f00000, 0x0000000092f00000| Complete 
| 111|0x0000000092f00000, 0x0000000093000000, 0x0000000093000000|100%|HC|  |TAMS 0x0000000093000000, 0x0000000093000000| Complete 
| 112|0x0000000093000000, 0x0000000093100000, 0x0000000093100000|100%|HC|  |TAMS 0x0000000093100000, 0x0000000093100000| Complete 
| 113|0x0000000093100000, 0x0000000093200000, 0x0000000093200000|100%|HC|  |TAMS 0x0000000093200000, 0x0000000093200000| Complete 
| 114|0x0000000093200000, 0x0000000093300000, 0x0000000093300000|100%|HS|  |TAMS 0x0000000093200000, 0x0000000093300000| Complete 
| 115|0x0000000093300000, 0x0000000093400000, 0x0000000093400000|100%|HC|  |TAMS 0x0000000093300000, 0x0000000093400000| Complete 
| 116|0x0000000093400000, 0x0000000093500000, 0x0000000093500000|100%|HC|  |TAMS 0x0000000093400000, 0x0000000093500000| Complete 
| 117|0x0000000093500000, 0x0000000093600000, 0x0000000093600000|100%|HC|  |TAMS 0x0000000093500000, 0x0000000093600000| Complete 
| 118|0x0000000093600000, 0x0000000093700000, 0x0000000093700000|100%|HC|  |TAMS 0x0000000093600000, 0x0000000093700000| Complete 
| 119|0x0000000093700000, 0x0000000093800000, 0x0000000093800000|100%|HS|  |TAMS 0x0000000093700000, 0x0000000093700000| Complete 
| 120|0x0000000093800000, 0x0000000093900000, 0x0000000093900000|100%|HC|  |TAMS 0x0000000093800000, 0x0000000093800000| Complete 
| 121|0x0000000093900000, 0x0000000093a00000, 0x0000000093a00000|100%|HC|  |TAMS 0x0000000093900000, 0x0000000093900000| Complete 
| 122|0x0000000093a00000, 0x0000000093b00000, 0x0000000093b00000|100%|HC|  |TAMS 0x0000000093a00000, 0x0000000093a00000| Complete 
| 123|0x0000000093b00000, 0x0000000093c00000, 0x0000000093c00000|100%|HS|  |TAMS 0x0000000093b00000, 0x0000000093b00000| Complete 
| 124|0x0000000093c00000, 0x0000000093d00000, 0x0000000093d00000|100%|HC|  |TAMS 0x0000000093c00000, 0x0000000093c00000| Complete 
| 125|0x0000000093d00000, 0x0000000093d00000, 0x0000000093e00000|  0%| F|  |TAMS 0x0000000093d00000, 0x0000000093d00000| Untracked 
| 126|0x0000000093e00000, 0x0000000093e00000, 0x0000000093f00000|  0%| F|  |TAMS 0x0000000093e00000, 0x0000000093e00000| Untracked 
| 127|0x0000000093f00000, 0x0000000093f00000, 0x0000000094000000|  0%| F|  |TAMS 0x0000000093f00000, 0x0000000093f00000| Untracked 
| 128|0x0000000094000000, 0x0000000094000000, 0x0000000094100000|  0%| F|  |TAMS 0x0000000094000000, 0x0000000094000000| Untracked 
| 129|0x0000000094100000, 0x0000000094100000, 0x0000000094200000|  0%| F|  |TAMS 0x0000000094100000, 0x0000000094100000| Untracked 
| 130|0x0000000094200000, 0x0000000094200000, 0x0000000094300000|  0%| F|  |TAMS 0x0000000094200000, 0x0000000094200000| Untracked 
| 131|0x0000000094300000, 0x0000000094300000, 0x0000000094400000|  0%| F|  |TAMS 0x0000000094300000, 0x0000000094300000| Untracked 
| 132|0x0000000094400000, 0x0000000094400000, 0x0000000094500000|  0%| F|  |TAMS 0x0000000094400000, 0x0000000094400000| Untracked 
| 133|0x0000000094500000, 0x0000000094500000, 0x0000000094600000|  0%| F|  |TAMS 0x0000000094500000, 0x0000000094500000| Untracked 
| 134|0x0000000094600000, 0x0000000094600000, 0x0000000094700000|  0%| F|  |TAMS 0x0000000094600000, 0x0000000094600000| Untracked 
| 135|0x0000000094700000, 0x0000000094700000, 0x0000000094800000|  0%| F|  |TAMS 0x0000000094700000, 0x0000000094700000| Untracked 
| 136|0x0000000094800000, 0x0000000094800000, 0x0000000094900000|  0%| F|  |TAMS 0x0000000094800000, 0x0000000094800000| Untracked 
| 137|0x0000000094900000, 0x0000000094900000, 0x0000000094a00000|  0%| F|  |TAMS 0x0000000094900000, 0x0000000094900000| Untracked 
| 138|0x0000000094a00000, 0x0000000094a00000, 0x0000000094b00000|  0%| F|  |TAMS 0x0000000094a00000, 0x0000000094a00000| Untracked 
| 139|0x0000000094b00000, 0x0000000094b00000, 0x0000000094c00000|  0%| F|  |TAMS 0x0000000094b00000, 0x0000000094b00000| Untracked 
| 140|0x0000000094c00000, 0x0000000094c00000, 0x0000000094d00000|  0%| F|  |TAMS 0x0000000094c00000, 0x0000000094c00000| Untracked 
| 141|0x0000000094d00000, 0x0000000094d00000, 0x0000000094e00000|  0%| F|  |TAMS 0x0000000094d00000, 0x0000000094d00000| Untracked 
| 142|0x0000000094e00000, 0x0000000094e00000, 0x0000000094f00000|  0%| F|  |TAMS 0x0000000094e00000, 0x0000000094e00000| Untracked 
| 143|0x0000000094f00000, 0x0000000094f00000, 0x0000000095000000|  0%| F|  |TAMS 0x0000000094f00000, 0x0000000094f00000| Untracked 
| 144|0x0000000095000000, 0x0000000095000000, 0x0000000095100000|  0%| F|  |TAMS 0x0000000095000000, 0x0000000095000000| Untracked 
| 145|0x0000000095100000, 0x0000000095100000, 0x0000000095200000|  0%| F|  |TAMS 0x0000000095100000, 0x0000000095100000| Untracked 
| 146|0x0000000095200000, 0x0000000095200000, 0x0000000095300000|  0%| F|  |TAMS 0x0000000095200000, 0x0000000095200000| Untracked 
| 147|0x0000000095300000, 0x0000000095300000, 0x0000000095400000|  0%| F|  |TAMS 0x0000000095300000, 0x0000000095300000| Untracked 
| 148|0x0000000095400000, 0x0000000095400000, 0x0000000095500000|  0%| F|  |TAMS 0x0000000095400000, 0x0000000095400000| Untracked 
| 149|0x0000000095500000, 0x0000000095500000, 0x0000000095600000|  0%| F|  |TAMS 0x0000000095500000, 0x0000000095500000| Untracked 
| 150|0x0000000095600000, 0x0000000095600000, 0x0000000095700000|  0%| F|  |TAMS 0x0000000095600000, 0x0000000095600000| Untracked 
| 151|0x0000000095700000, 0x0000000095700000, 0x0000000095800000|  0%| F|  |TAMS 0x0000000095700000, 0x0000000095700000| Untracked 
| 152|0x0000000095800000, 0x0000000095800000, 0x0000000095900000|  0%| F|  |TAMS 0x0000000095800000, 0x0000000095800000| Untracked 
| 153|0x0000000095900000, 0x0000000095900000, 0x0000000095a00000|  0%| F|  |TAMS 0x0000000095900000, 0x0000000095900000| Untracked 
| 154|0x0000000095a00000, 0x0000000095a00000, 0x0000000095b00000|  0%| F|  |TAMS 0x0000000095a00000, 0x0000000095a00000| Untracked 
| 155|0x0000000095b00000, 0x0000000095b00000, 0x0000000095c00000|  0%| F|  |TAMS 0x0000000095b00000, 0x0000000095b00000| Untracked 
| 156|0x0000000095c00000, 0x0000000095c00000, 0x0000000095d00000|  0%| F|  |TAMS 0x0000000095c00000, 0x0000000095c00000| Untracked 
| 157|0x0000000095d00000, 0x0000000095d00000, 0x0000000095e00000|  0%| F|  |TAMS 0x0000000095d00000, 0x0000000095d00000| Untracked 
| 158|0x0000000095e00000, 0x0000000095e00000, 0x0000000095f00000|  0%| F|  |TAMS 0x0000000095e00000, 0x0000000095e00000| Untracked 
| 159|0x0000000095f00000, 0x0000000095f00000, 0x0000000096000000|  0%| F|  |TAMS 0x0000000095f00000, 0x0000000095f00000| Untracked 
| 160|0x0000000096000000, 0x0000000096000000, 0x0000000096100000|  0%| F|  |TAMS 0x0000000096000000, 0x0000000096000000| Untracked 
| 161|0x0000000096100000, 0x0000000096100000, 0x0000000096200000|  0%| F|  |TAMS 0x0000000096100000, 0x0000000096100000| Untracked 
| 162|0x0000000096200000, 0x0000000096200000, 0x0000000096300000|  0%| F|  |TAMS 0x0000000096200000, 0x0000000096200000| Untracked 
| 163|0x0000000096300000, 0x0000000096300000, 0x0000000096400000|  0%| F|  |TAMS 0x0000000096300000, 0x0000000096300000| Untracked 
| 164|0x0000000096400000, 0x0000000096400000, 0x0000000096500000|  0%| F|  |TAMS 0x0000000096400000, 0x0000000096400000| Untracked 
| 165|0x0000000096500000, 0x0000000096500000, 0x0000000096600000|  0%| F|  |TAMS 0x0000000096500000, 0x0000000096500000| Untracked 
| 166|0x0000000096600000, 0x0000000096600000, 0x0000000096700000|  0%| F|  |TAMS 0x0000000096600000, 0x0000000096600000| Untracked 
| 167|0x0000000096700000, 0x0000000096700000, 0x0000000096800000|  0%| F|  |TAMS 0x0000000096700000, 0x0000000096700000| Untracked 
| 168|0x0000000096800000, 0x0000000096800000, 0x0000000096900000|  0%| F|  |TAMS 0x0000000096800000, 0x0000000096800000| Untracked 
| 169|0x0000000096900000, 0x0000000096900000, 0x0000000096a00000|  0%| F|  |TAMS 0x0000000096900000, 0x0000000096900000| Untracked 
| 170|0x0000000096a00000, 0x0000000096a00000, 0x0000000096b00000|  0%| F|  |TAMS 0x0000000096a00000, 0x0000000096a00000| Untracked 
| 171|0x0000000096b00000, 0x0000000096b00000, 0x0000000096c00000|  0%| F|  |TAMS 0x0000000096b00000, 0x0000000096b00000| Untracked 
| 172|0x0000000096c00000, 0x0000000096c00000, 0x0000000096d00000|  0%| F|  |TAMS 0x0000000096c00000, 0x0000000096c00000| Untracked 
| 173|0x0000000096d00000, 0x0000000096d00000, 0x0000000096e00000|  0%| F|  |TAMS 0x0000000096d00000, 0x0000000096d00000| Untracked 
| 174|0x0000000096e00000, 0x0000000096e00000, 0x0000000096f00000|  0%| F|  |TAMS 0x0000000096e00000, 0x0000000096e00000| Untracked 
| 175|0x0000000096f00000, 0x0000000096f00000, 0x0000000097000000|  0%| F|  |TAMS 0x0000000096f00000, 0x0000000096f00000| Untracked 
| 176|0x0000000097000000, 0x0000000097000000, 0x0000000097100000|  0%| F|  |TAMS 0x0000000097000000, 0x0000000097000000| Untracked 
| 177|0x0000000097100000, 0x0000000097100000, 0x0000000097200000|  0%| F|  |TAMS 0x0000000097100000, 0x0000000097100000| Untracked 
| 178|0x0000000097200000, 0x0000000097200000, 0x0000000097300000|  0%| F|  |TAMS 0x0000000097200000, 0x0000000097200000| Untracked 
| 179|0x0000000097300000, 0x0000000097300000, 0x0000000097400000|  0%| F|  |TAMS 0x0000000097300000, 0x0000000097300000| Untracked 
| 180|0x0000000097400000, 0x0000000097400000, 0x0000000097500000|  0%| F|  |TAMS 0x0000000097400000, 0x0000000097400000| Untracked 
| 181|0x0000000097500000, 0x0000000097500000, 0x0000000097600000|  0%| F|  |TAMS 0x0000000097500000, 0x0000000097500000| Untracked 
| 182|0x0000000097600000, 0x0000000097600000, 0x0000000097700000|  0%| F|  |TAMS 0x0000000097600000, 0x0000000097600000| Untracked 
| 183|0x0000000097700000, 0x0000000097700000, 0x0000000097800000|  0%| F|  |TAMS 0x0000000097700000, 0x0000000097700000| Untracked 
| 184|0x0000000097800000, 0x0000000097800000, 0x0000000097900000|  0%| F|  |TAMS 0x0000000097800000, 0x0000000097800000| Untracked 
| 185|0x0000000097900000, 0x0000000097900000, 0x0000000097a00000|  0%| F|  |TAMS 0x0000000097900000, 0x0000000097900000| Untracked 
| 186|0x0000000097a00000, 0x0000000097a00000, 0x0000000097b00000|  0%| F|  |TAMS 0x0000000097a00000, 0x0000000097a00000| Untracked 
| 187|0x0000000097b00000, 0x0000000097b00000, 0x0000000097c00000|  0%| F|  |TAMS 0x0000000097b00000, 0x0000000097b00000| Untracked 
| 188|0x0000000097c00000, 0x0000000097c00000, 0x0000000097d00000|  0%| F|  |TAMS 0x0000000097c00000, 0x0000000097c00000| Untracked 
| 189|0x0000000097d00000, 0x0000000097d00000, 0x0000000097e00000|  0%| F|  |TAMS 0x0000000097d00000, 0x0000000097d00000| Untracked 
| 190|0x0000000097e00000, 0x0000000097e00000, 0x0000000097f00000|  0%| F|  |TAMS 0x0000000097e00000, 0x0000000097e00000| Untracked 
| 191|0x0000000097f00000, 0x0000000097f00000, 0x0000000098000000|  0%| F|  |TAMS 0x0000000097f00000, 0x0000000097f00000| Untracked 
| 192|0x0000000098000000, 0x0000000098000000, 0x0000000098100000|  0%| F|  |TAMS 0x0000000098000000, 0x0000000098000000| Untracked 
| 193|0x0000000098100000, 0x0000000098100000, 0x0000000098200000|  0%| F|  |TAMS 0x0000000098100000, 0x0000000098100000| Untracked 
| 194|0x0000000098200000, 0x0000000098200000, 0x0000000098300000|  0%| F|  |TAMS 0x0000000098200000, 0x0000000098200000| Untracked 
| 195|0x0000000098300000, 0x0000000098300000, 0x0000000098400000|  0%| F|  |TAMS 0x0000000098300000, 0x0000000098300000| Untracked 
| 196|0x0000000098400000, 0x0000000098477620, 0x0000000098500000| 46%| S|CS|TAMS 0x0000000098400000, 0x0000000098400000| Complete 
| 197|0x0000000098500000, 0x0000000098500000, 0x0000000098600000|  0%| F|  |TAMS 0x0000000098500000, 0x0000000098500000| Untracked 
| 198|0x0000000098600000, 0x0000000098600000, 0x0000000098700000|  0%| F|  |TAMS 0x0000000098600000, 0x0000000098600000| Untracked 
| 199|0x0000000098700000, 0x0000000098700000, 0x0000000098800000|  0%| F|  |TAMS 0x0000000098700000, 0x0000000098700000| Untracked 
| 200|0x0000000098800000, 0x0000000098800000, 0x0000000098900000|  0%| F|  |TAMS 0x0000000098800000, 0x0000000098800000| Untracked 
| 201|0x0000000098900000, 0x0000000098900000, 0x0000000098a00000|  0%| F|  |TAMS 0x0000000098900000, 0x0000000098900000| Untracked 
| 202|0x0000000098a00000, 0x0000000098a00000, 0x0000000098b00000|  0%| F|  |TAMS 0x0000000098a00000, 0x0000000098a00000| Untracked 
| 203|0x0000000098b00000, 0x0000000098b00000, 0x0000000098c00000|  0%| F|  |TAMS 0x0000000098b00000, 0x0000000098b00000| Untracked 
| 204|0x0000000098c00000, 0x0000000098c00000, 0x0000000098d00000|  0%| F|  |TAMS 0x0000000098c00000, 0x0000000098c00000| Untracked 
| 205|0x0000000098d00000, 0x0000000098d00000, 0x0000000098e00000|  0%| F|  |TAMS 0x0000000098d00000, 0x0000000098d00000| Untracked 
| 206|0x0000000098e00000, 0x0000000098e00000, 0x0000000098f00000|  0%| F|  |TAMS 0x0000000098e00000, 0x0000000098e00000| Untracked 
| 207|0x0000000098f00000, 0x0000000098f00000, 0x0000000099000000|  0%| F|  |TAMS 0x0000000098f00000, 0x0000000098f00000| Untracked 
| 208|0x0000000099000000, 0x0000000099000000, 0x0000000099100000|  0%| F|  |TAMS 0x0000000099000000, 0x0000000099000000| Untracked 
| 209|0x0000000099100000, 0x0000000099100000, 0x0000000099200000|  0%| F|  |TAMS 0x0000000099100000, 0x0000000099100000| Untracked 
| 210|0x0000000099200000, 0x0000000099200000, 0x0000000099300000|  0%| F|  |TAMS 0x0000000099200000, 0x0000000099200000| Untracked 
| 211|0x0000000099300000, 0x0000000099300000, 0x0000000099400000|  0%| F|  |TAMS 0x0000000099300000, 0x0000000099300000| Untracked 
| 212|0x0000000099400000, 0x0000000099400000, 0x0000000099500000|  0%| F|  |TAMS 0x0000000099400000, 0x0000000099400000| Untracked 
| 213|0x0000000099500000, 0x0000000099500000, 0x0000000099600000|  0%| F|  |TAMS 0x0000000099500000, 0x0000000099500000| Untracked 
| 214|0x0000000099600000, 0x0000000099600000, 0x0000000099700000|  0%| F|  |TAMS 0x0000000099600000, 0x0000000099600000| Untracked 
| 215|0x0000000099700000, 0x0000000099700000, 0x0000000099800000|  0%| F|  |TAMS 0x0000000099700000, 0x0000000099700000| Untracked 
| 216|0x0000000099800000, 0x0000000099800000, 0x0000000099900000|  0%| F|  |TAMS 0x0000000099800000, 0x0000000099800000| Untracked 
| 217|0x0000000099900000, 0x0000000099900000, 0x0000000099a00000|  0%| F|  |TAMS 0x0000000099900000, 0x0000000099900000| Untracked 
| 218|0x0000000099a00000, 0x0000000099a00000, 0x0000000099b00000|  0%| F|  |TAMS 0x0000000099a00000, 0x0000000099a00000| Untracked 
| 219|0x0000000099b00000, 0x0000000099b00000, 0x0000000099c00000|  0%| F|  |TAMS 0x0000000099b00000, 0x0000000099b00000| Untracked 
| 220|0x0000000099c00000, 0x0000000099c00000, 0x0000000099d00000|  0%| F|  |TAMS 0x0000000099c00000, 0x0000000099c00000| Untracked 
| 221|0x0000000099d00000, 0x0000000099d00000, 0x0000000099e00000|  0%| F|  |TAMS 0x0000000099d00000, 0x0000000099d00000| Untracked 
| 222|0x0000000099e00000, 0x0000000099e00000, 0x0000000099f00000|  0%| F|  |TAMS 0x0000000099e00000, 0x0000000099e00000| Untracked 
| 223|0x0000000099f00000, 0x0000000099f00000, 0x000000009a000000|  0%| F|  |TAMS 0x0000000099f00000, 0x0000000099f00000| Untracked 
| 224|0x000000009a000000, 0x000000009a000000, 0x000000009a100000|  0%| F|  |TAMS 0x000000009a000000, 0x000000009a000000| Untracked 
| 225|0x000000009a100000, 0x000000009a100000, 0x000000009a200000|  0%| F|  |TAMS 0x000000009a100000, 0x000000009a100000| Untracked 
| 226|0x000000009a200000, 0x000000009a200000, 0x000000009a300000|  0%| F|  |TAMS 0x000000009a200000, 0x000000009a200000| Untracked 
| 227|0x000000009a300000, 0x000000009a300000, 0x000000009a400000|  0%| F|  |TAMS 0x000000009a300000, 0x000000009a300000| Untracked 
| 228|0x000000009a400000, 0x000000009a400000, 0x000000009a500000|  0%| F|  |TAMS 0x000000009a400000, 0x000000009a400000| Untracked 
| 229|0x000000009a500000, 0x000000009a500000, 0x000000009a600000|  0%| F|  |TAMS 0x000000009a500000, 0x000000009a500000| Untracked 
| 230|0x000000009a600000, 0x000000009a600000, 0x000000009a700000|  0%| F|  |TAMS 0x000000009a600000, 0x000000009a600000| Untracked 
| 231|0x000000009a700000, 0x000000009a700000, 0x000000009a800000|  0%| F|  |TAMS 0x000000009a700000, 0x000000009a700000| Untracked 
| 232|0x000000009a800000, 0x000000009a800000, 0x000000009a900000|  0%| F|  |TAMS 0x000000009a800000, 0x000000009a800000| Untracked 
| 233|0x000000009a900000, 0x000000009a900000, 0x000000009aa00000|  0%| F|  |TAMS 0x000000009a900000, 0x000000009a900000| Untracked 
| 234|0x000000009aa00000, 0x000000009aa00000, 0x000000009ab00000|  0%| F|  |TAMS 0x000000009aa00000, 0x000000009aa00000| Untracked 
| 235|0x000000009ab00000, 0x000000009ab00000, 0x000000009ac00000|  0%| F|  |TAMS 0x000000009ab00000, 0x000000009ab00000| Untracked 
| 236|0x000000009ac00000, 0x000000009ac00000, 0x000000009ad00000|  0%| F|  |TAMS 0x000000009ac00000, 0x000000009ac00000| Untracked 
| 237|0x000000009ad00000, 0x000000009ad00000, 0x000000009ae00000|  0%| F|  |TAMS 0x000000009ad00000, 0x000000009ad00000| Untracked 
| 238|0x000000009ae00000, 0x000000009ae00000, 0x000000009af00000|  0%| F|  |TAMS 0x000000009ae00000, 0x000000009ae00000| Untracked 
| 239|0x000000009af00000, 0x000000009af00000, 0x000000009b000000|  0%| F|  |TAMS 0x000000009af00000, 0x000000009af00000| Untracked 
| 240|0x000000009b000000, 0x000000009b000000, 0x000000009b100000|  0%| F|  |TAMS 0x000000009b000000, 0x000000009b000000| Untracked 
| 241|0x000000009b100000, 0x000000009b100000, 0x000000009b200000|  0%| F|  |TAMS 0x000000009b100000, 0x000000009b100000| Untracked 
| 242|0x000000009b200000, 0x000000009b200000, 0x000000009b300000|  0%| F|  |TAMS 0x000000009b200000, 0x000000009b200000| Untracked 
| 243|0x000000009b300000, 0x000000009b300000, 0x000000009b400000|  0%| F|  |TAMS 0x000000009b300000, 0x000000009b300000| Untracked 
| 244|0x000000009b400000, 0x000000009b400000, 0x000000009b500000|  0%| F|  |TAMS 0x000000009b400000, 0x000000009b400000| Untracked 
| 245|0x000000009b500000, 0x000000009b500000, 0x000000009b600000|  0%| F|  |TAMS 0x000000009b500000, 0x000000009b500000| Untracked 
| 246|0x000000009b600000, 0x000000009b600000, 0x000000009b700000|  0%| F|  |TAMS 0x000000009b600000, 0x000000009b600000| Untracked 
| 247|0x000000009b700000, 0x000000009b700000, 0x000000009b800000|  0%| F|  |TAMS 0x000000009b700000, 0x000000009b700000| Untracked 
| 248|0x000000009b800000, 0x000000009b800000, 0x000000009b900000|  0%| F|  |TAMS 0x000000009b800000, 0x000000009b800000| Untracked 
| 249|0x000000009b900000, 0x000000009b900000, 0x000000009ba00000|  0%| F|  |TAMS 0x000000009b900000, 0x000000009b900000| Untracked 
| 250|0x000000009ba00000, 0x000000009ba00000, 0x000000009bb00000|  0%| F|  |TAMS 0x000000009ba00000, 0x000000009ba00000| Untracked 
| 251|0x000000009bb00000, 0x000000009bb00000, 0x000000009bc00000|  0%| F|  |TAMS 0x000000009bb00000, 0x000000009bb00000| Untracked 
| 252|0x000000009bc00000, 0x000000009bc00000, 0x000000009bd00000|  0%| F|  |TAMS 0x000000009bc00000, 0x000000009bc00000| Untracked 
| 253|0x000000009bd00000, 0x000000009bd00000, 0x000000009be00000|  0%| F|  |TAMS 0x000000009bd00000, 0x000000009bd00000| Untracked 
| 254|0x000000009be00000, 0x000000009be00000, 0x000000009bf00000|  0%| F|  |TAMS 0x000000009be00000, 0x000000009be00000| Untracked 
| 255|0x000000009bf00000, 0x000000009bf00000, 0x000000009c000000|  0%| F|  |TAMS 0x000000009bf00000, 0x000000009bf00000| Untracked 
| 256|0x000000009c000000, 0x000000009c000000, 0x000000009c100000|  0%| F|  |TAMS 0x000000009c000000, 0x000000009c000000| Untracked 
| 257|0x000000009c100000, 0x000000009c100000, 0x000000009c200000|  0%| F|  |TAMS 0x000000009c100000, 0x000000009c100000| Untracked 
| 258|0x000000009c200000, 0x000000009c200000, 0x000000009c300000|  0%| F|  |TAMS 0x000000009c200000, 0x000000009c200000| Untracked 
| 259|0x000000009c300000, 0x000000009c300000, 0x000000009c400000|  0%| F|  |TAMS 0x000000009c300000, 0x000000009c300000| Untracked 
| 260|0x000000009c400000, 0x000000009c400000, 0x000000009c500000|  0%| F|  |TAMS 0x000000009c400000, 0x000000009c400000| Untracked 
| 261|0x000000009c500000, 0x000000009c500000, 0x000000009c600000|  0%| F|  |TAMS 0x000000009c500000, 0x000000009c500000| Untracked 
| 262|0x000000009c600000, 0x000000009c600000, 0x000000009c700000|  0%| F|  |TAMS 0x000000009c600000, 0x000000009c600000| Untracked 
| 263|0x000000009c700000, 0x000000009c700000, 0x000000009c800000|  0%| F|  |TAMS 0x000000009c700000, 0x000000009c700000| Untracked 
| 264|0x000000009c800000, 0x000000009c800000, 0x000000009c900000|  0%| F|  |TAMS 0x000000009c800000, 0x000000009c800000| Untracked 
| 265|0x000000009c900000, 0x000000009c900000, 0x000000009ca00000|  0%| F|  |TAMS 0x000000009c900000, 0x000000009c900000| Untracked 
| 266|0x000000009ca00000, 0x000000009ca00000, 0x000000009cb00000|  0%| F|  |TAMS 0x000000009ca00000, 0x000000009ca00000| Untracked 
| 267|0x000000009cb00000, 0x000000009cb00000, 0x000000009cc00000|  0%| F|  |TAMS 0x000000009cb00000, 0x000000009cb00000| Untracked 
| 268|0x000000009cc00000, 0x000000009cc00000, 0x000000009cd00000|  0%| F|  |TAMS 0x000000009cc00000, 0x000000009cc00000| Untracked 
| 269|0x000000009cd00000, 0x000000009cd00000, 0x000000009ce00000|  0%| F|  |TAMS 0x000000009cd00000, 0x000000009cd00000| Untracked 
| 270|0x000000009ce00000, 0x000000009ce00000, 0x000000009cf00000|  0%| F|  |TAMS 0x000000009ce00000, 0x000000009ce00000| Untracked 
| 271|0x000000009cf00000, 0x000000009cf00000, 0x000000009d000000|  0%| F|  |TAMS 0x000000009cf00000, 0x000000009cf00000| Untracked 
| 272|0x000000009d000000, 0x000000009d000000, 0x000000009d100000|  0%| F|  |TAMS 0x000000009d000000, 0x000000009d000000| Untracked 
| 273|0x000000009d100000, 0x000000009d100000, 0x000000009d200000|  0%| F|  |TAMS 0x000000009d100000, 0x000000009d100000| Untracked 
| 274|0x000000009d200000, 0x000000009d200000, 0x000000009d300000|  0%| F|  |TAMS 0x000000009d200000, 0x000000009d200000| Untracked 
| 275|0x000000009d300000, 0x000000009d300000, 0x000000009d400000|  0%| F|  |TAMS 0x000000009d300000, 0x000000009d300000| Untracked 
| 276|0x000000009d400000, 0x000000009d400000, 0x000000009d500000|  0%| F|  |TAMS 0x000000009d400000, 0x000000009d400000| Untracked 
| 277|0x000000009d500000, 0x000000009d500000, 0x000000009d600000|  0%| F|  |TAMS 0x000000009d500000, 0x000000009d500000| Untracked 
| 278|0x000000009d600000, 0x000000009d600000, 0x000000009d700000|  0%| F|  |TAMS 0x000000009d600000, 0x000000009d600000| Untracked 
| 279|0x000000009d700000, 0x000000009d700000, 0x000000009d800000|  0%| F|  |TAMS 0x000000009d700000, 0x000000009d700000| Untracked 
| 280|0x000000009d800000, 0x000000009d800000, 0x000000009d900000|  0%| F|  |TAMS 0x000000009d800000, 0x000000009d800000| Untracked 
| 281|0x000000009d900000, 0x000000009d900000, 0x000000009da00000|  0%| F|  |TAMS 0x000000009d900000, 0x000000009d900000| Untracked 
| 282|0x000000009da00000, 0x000000009da00000, 0x000000009db00000|  0%| F|  |TAMS 0x000000009da00000, 0x000000009da00000| Untracked 
| 283|0x000000009db00000, 0x000000009db00000, 0x000000009dc00000|  0%| F|  |TAMS 0x000000009db00000, 0x000000009db00000| Untracked 
| 284|0x000000009dc00000, 0x000000009dc00000, 0x000000009dd00000|  0%| F|  |TAMS 0x000000009dc00000, 0x000000009dc00000| Untracked 
| 285|0x000000009dd00000, 0x000000009dd00000, 0x000000009de00000|  0%| F|  |TAMS 0x000000009dd00000, 0x000000009dd00000| Untracked 
| 286|0x000000009de00000, 0x000000009de00000, 0x000000009df00000|  0%| F|  |TAMS 0x000000009de00000, 0x000000009de00000| Untracked 
| 287|0x000000009df00000, 0x000000009df00000, 0x000000009e000000|  0%| F|  |TAMS 0x000000009df00000, 0x000000009df00000| Untracked 
| 288|0x000000009e000000, 0x000000009e000000, 0x000000009e100000|  0%| F|  |TAMS 0x000000009e000000, 0x000000009e000000| Untracked 
| 289|0x000000009e100000, 0x000000009e100000, 0x000000009e200000|  0%| F|  |TAMS 0x000000009e100000, 0x000000009e100000| Untracked 
| 290|0x000000009e200000, 0x000000009e200000, 0x000000009e300000|  0%| F|  |TAMS 0x000000009e200000, 0x000000009e200000| Untracked 
| 291|0x000000009e300000, 0x000000009e300000, 0x000000009e400000|  0%| F|  |TAMS 0x000000009e300000, 0x000000009e300000| Untracked 
| 292|0x000000009e400000, 0x000000009e400000, 0x000000009e500000|  0%| F|  |TAMS 0x000000009e400000, 0x000000009e400000| Untracked 
| 293|0x000000009e500000, 0x000000009e500000, 0x000000009e600000|  0%| F|  |TAMS 0x000000009e500000, 0x000000009e500000| Untracked 
| 294|0x000000009e600000, 0x000000009e600000, 0x000000009e700000|  0%| F|  |TAMS 0x000000009e600000, 0x000000009e600000| Untracked 
| 295|0x000000009e700000, 0x000000009e700000, 0x000000009e800000|  0%| F|  |TAMS 0x000000009e700000, 0x000000009e700000| Untracked 
| 296|0x000000009e800000, 0x000000009e800000, 0x000000009e900000|  0%| F|  |TAMS 0x000000009e800000, 0x000000009e800000| Untracked 
| 297|0x000000009e900000, 0x000000009e900000, 0x000000009ea00000|  0%| F|  |TAMS 0x000000009e900000, 0x000000009e900000| Untracked 
| 298|0x000000009ea00000, 0x000000009ea00000, 0x000000009eb00000|  0%| F|  |TAMS 0x000000009ea00000, 0x000000009ea00000| Untracked 
| 299|0x000000009eb00000, 0x000000009eb00000, 0x000000009ec00000|  0%| F|  |TAMS 0x000000009eb00000, 0x000000009eb00000| Untracked 
| 300|0x000000009ec00000, 0x000000009ec00000, 0x000000009ed00000|  0%| F|  |TAMS 0x000000009ec00000, 0x000000009ec00000| Untracked 
| 301|0x000000009ed00000, 0x000000009ed00000, 0x000000009ee00000|  0%| F|  |TAMS 0x000000009ed00000, 0x000000009ed00000| Untracked 
| 302|0x000000009ee00000, 0x000000009ee00000, 0x000000009ef00000|  0%| F|  |TAMS 0x000000009ee00000, 0x000000009ee00000| Untracked 
| 303|0x000000009ef00000, 0x000000009ef00000, 0x000000009f000000|  0%| F|  |TAMS 0x000000009ef00000, 0x000000009ef00000| Untracked 
| 304|0x000000009f000000, 0x000000009f000000, 0x000000009f100000|  0%| F|  |TAMS 0x000000009f000000, 0x000000009f000000| Untracked 
| 305|0x000000009f100000, 0x000000009f100000, 0x000000009f200000|  0%| F|  |TAMS 0x000000009f100000, 0x000000009f100000| Untracked 
| 306|0x000000009f200000, 0x000000009f200000, 0x000000009f300000|  0%| F|  |TAMS 0x000000009f200000, 0x000000009f200000| Untracked 
| 307|0x000000009f300000, 0x000000009f300000, 0x000000009f400000|  0%| F|  |TAMS 0x000000009f300000, 0x000000009f300000| Untracked 
| 308|0x000000009f400000, 0x000000009f400000, 0x000000009f500000|  0%| F|  |TAMS 0x000000009f400000, 0x000000009f400000| Untracked 
| 309|0x000000009f500000, 0x000000009f500000, 0x000000009f600000|  0%| F|  |TAMS 0x000000009f500000, 0x000000009f500000| Untracked 
| 310|0x000000009f600000, 0x000000009f600000, 0x000000009f700000|  0%| F|  |TAMS 0x000000009f600000, 0x000000009f600000| Untracked 
| 311|0x000000009f700000, 0x000000009f700000, 0x000000009f800000|  0%| F|  |TAMS 0x000000009f700000, 0x000000009f700000| Untracked 
| 312|0x000000009f800000, 0x000000009f800000, 0x000000009f900000|  0%| F|  |TAMS 0x000000009f800000, 0x000000009f800000| Untracked 
| 313|0x000000009f900000, 0x000000009f900000, 0x000000009fa00000|  0%| F|  |TAMS 0x000000009f900000, 0x000000009f900000| Untracked 
| 314|0x000000009fa00000, 0x000000009fa00000, 0x000000009fb00000|  0%| F|  |TAMS 0x000000009fa00000, 0x000000009fa00000| Untracked 
| 315|0x000000009fb00000, 0x000000009fb00000, 0x000000009fc00000|  0%| F|  |TAMS 0x000000009fb00000, 0x000000009fb00000| Untracked 
| 316|0x000000009fc00000, 0x000000009fc00000, 0x000000009fd00000|  0%| F|  |TAMS 0x000000009fc00000, 0x000000009fc00000| Untracked 
| 317|0x000000009fd00000, 0x000000009fd00000, 0x000000009fe00000|  0%| F|  |TAMS 0x000000009fd00000, 0x000000009fd00000| Untracked 
| 318|0x000000009fe00000, 0x000000009fe00000, 0x000000009ff00000|  0%| F|  |TAMS 0x000000009fe00000, 0x000000009fe00000| Untracked 
| 319|0x000000009ff00000, 0x000000009ff00000, 0x00000000a0000000|  0%| F|  |TAMS 0x000000009ff00000, 0x000000009ff00000| Untracked 
| 320|0x00000000a0000000, 0x00000000a0000000, 0x00000000a0100000|  0%| F|  |TAMS 0x00000000a0000000, 0x00000000a0000000| Untracked 
| 321|0x00000000a0100000, 0x00000000a0100000, 0x00000000a0200000|  0%| F|  |TAMS 0x00000000a0100000, 0x00000000a0100000| Untracked 
| 322|0x00000000a0200000, 0x00000000a0200000, 0x00000000a0300000|  0%| F|  |TAMS 0x00000000a0200000, 0x00000000a0200000| Untracked 
| 323|0x00000000a0300000, 0x00000000a0300000, 0x00000000a0400000|  0%| F|  |TAMS 0x00000000a0300000, 0x00000000a0300000| Untracked 
| 324|0x00000000a0400000, 0x00000000a0400000, 0x00000000a0500000|  0%| F|  |TAMS 0x00000000a0400000, 0x00000000a0400000| Untracked 
| 325|0x00000000a0500000, 0x00000000a0500000, 0x00000000a0600000|  0%| F|  |TAMS 0x00000000a0500000, 0x00000000a0500000| Untracked 
| 326|0x00000000a0600000, 0x00000000a0600000, 0x00000000a0700000|  0%| F|  |TAMS 0x00000000a0600000, 0x00000000a0600000| Untracked 
| 327|0x00000000a0700000, 0x00000000a0700000, 0x00000000a0800000|  0%| F|  |TAMS 0x00000000a0700000, 0x00000000a0700000| Untracked 
| 328|0x00000000a0800000, 0x00000000a0800000, 0x00000000a0900000|  0%| F|  |TAMS 0x00000000a0800000, 0x00000000a0800000| Untracked 
| 329|0x00000000a0900000, 0x00000000a0900000, 0x00000000a0a00000|  0%| F|  |TAMS 0x00000000a0900000, 0x00000000a0900000| Untracked 
| 330|0x00000000a0a00000, 0x00000000a0a00000, 0x00000000a0b00000|  0%| F|  |TAMS 0x00000000a0a00000, 0x00000000a0a00000| Untracked 
| 331|0x00000000a0b00000, 0x00000000a0b00000, 0x00000000a0c00000|  0%| F|  |TAMS 0x00000000a0b00000, 0x00000000a0b00000| Untracked 
| 332|0x00000000a0c00000, 0x00000000a0c00000, 0x00000000a0d00000|  0%| F|  |TAMS 0x00000000a0c00000, 0x00000000a0c00000| Untracked 
| 333|0x00000000a0d00000, 0x00000000a0d00000, 0x00000000a0e00000|  0%| F|  |TAMS 0x00000000a0d00000, 0x00000000a0d00000| Untracked 
| 334|0x00000000a0e00000, 0x00000000a0e00000, 0x00000000a0f00000|  0%| F|  |TAMS 0x00000000a0e00000, 0x00000000a0e00000| Untracked 
| 335|0x00000000a0f00000, 0x00000000a0f00000, 0x00000000a1000000|  0%| F|  |TAMS 0x00000000a0f00000, 0x00000000a0f00000| Untracked 
| 336|0x00000000a1000000, 0x00000000a1000000, 0x00000000a1100000|  0%| F|  |TAMS 0x00000000a1000000, 0x00000000a1000000| Untracked 
| 337|0x00000000a1100000, 0x00000000a1100000, 0x00000000a1200000|  0%| F|  |TAMS 0x00000000a1100000, 0x00000000a1100000| Untracked 
| 338|0x00000000a1200000, 0x00000000a1200000, 0x00000000a1300000|  0%| F|  |TAMS 0x00000000a1200000, 0x00000000a1200000| Untracked 
| 339|0x00000000a1300000, 0x00000000a1300000, 0x00000000a1400000|  0%| F|  |TAMS 0x00000000a1300000, 0x00000000a1300000| Untracked 
| 340|0x00000000a1400000, 0x00000000a1400000, 0x00000000a1500000|  0%| F|  |TAMS 0x00000000a1400000, 0x00000000a1400000| Untracked 
| 341|0x00000000a1500000, 0x00000000a1500000, 0x00000000a1600000|  0%| F|  |TAMS 0x00000000a1500000, 0x00000000a1500000| Untracked 
| 342|0x00000000a1600000, 0x00000000a1600000, 0x00000000a1700000|  0%| F|  |TAMS 0x00000000a1600000, 0x00000000a1600000| Untracked 
| 343|0x00000000a1700000, 0x00000000a1700000, 0x00000000a1800000|  0%| F|  |TAMS 0x00000000a1700000, 0x00000000a1700000| Untracked 
| 344|0x00000000a1800000, 0x00000000a1800000, 0x00000000a1900000|  0%| F|  |TAMS 0x00000000a1800000, 0x00000000a1800000| Untracked 
| 345|0x00000000a1900000, 0x00000000a1900000, 0x00000000a1a00000|  0%| F|  |TAMS 0x00000000a1900000, 0x00000000a1900000| Untracked 
| 346|0x00000000a1a00000, 0x00000000a1a00000, 0x00000000a1b00000|  0%| F|  |TAMS 0x00000000a1a00000, 0x00000000a1a00000| Untracked 
| 347|0x00000000a1b00000, 0x00000000a1b00000, 0x00000000a1c00000|  0%| F|  |TAMS 0x00000000a1b00000, 0x00000000a1b00000| Untracked 
| 348|0x00000000a1c00000, 0x00000000a1c00000, 0x00000000a1d00000|  0%| F|  |TAMS 0x00000000a1c00000, 0x00000000a1c00000| Untracked 
| 349|0x00000000a1d00000, 0x00000000a1d00000, 0x00000000a1e00000|  0%| F|  |TAMS 0x00000000a1d00000, 0x00000000a1d00000| Untracked 
| 350|0x00000000a1e00000, 0x00000000a1e00000, 0x00000000a1f00000|  0%| F|  |TAMS 0x00000000a1e00000, 0x00000000a1e00000| Untracked 
| 351|0x00000000a1f00000, 0x00000000a1f00000, 0x00000000a2000000|  0%| F|  |TAMS 0x00000000a1f00000, 0x00000000a1f00000| Untracked 
| 352|0x00000000a2000000, 0x00000000a2000000, 0x00000000a2100000|  0%| F|  |TAMS 0x00000000a2000000, 0x00000000a2000000| Untracked 
| 353|0x00000000a2100000, 0x00000000a2100000, 0x00000000a2200000|  0%| F|  |TAMS 0x00000000a2100000, 0x00000000a2100000| Untracked 
| 354|0x00000000a2200000, 0x00000000a2200000, 0x00000000a2300000|  0%| F|  |TAMS 0x00000000a2200000, 0x00000000a2200000| Untracked 
| 355|0x00000000a2300000, 0x00000000a2300000, 0x00000000a2400000|  0%| F|  |TAMS 0x00000000a2300000, 0x00000000a2300000| Untracked 
| 356|0x00000000a2400000, 0x00000000a2400000, 0x00000000a2500000|  0%| F|  |TAMS 0x00000000a2400000, 0x00000000a2400000| Untracked 
| 357|0x00000000a2500000, 0x00000000a2500000, 0x00000000a2600000|  0%| F|  |TAMS 0x00000000a2500000, 0x00000000a2500000| Untracked 
| 358|0x00000000a2600000, 0x00000000a2600000, 0x00000000a2700000|  0%| F|  |TAMS 0x00000000a2600000, 0x00000000a2600000| Untracked 
| 359|0x00000000a2700000, 0x00000000a2700000, 0x00000000a2800000|  0%| F|  |TAMS 0x00000000a2700000, 0x00000000a2700000| Untracked 
| 360|0x00000000a2800000, 0x00000000a2800000, 0x00000000a2900000|  0%| F|  |TAMS 0x00000000a2800000, 0x00000000a2800000| Untracked 
| 361|0x00000000a2900000, 0x00000000a2900000, 0x00000000a2a00000|  0%| F|  |TAMS 0x00000000a2900000, 0x00000000a2900000| Untracked 
| 362|0x00000000a2a00000, 0x00000000a2a00000, 0x00000000a2b00000|  0%| F|  |TAMS 0x00000000a2a00000, 0x00000000a2a00000| Untracked 
| 363|0x00000000a2b00000, 0x00000000a2b00000, 0x00000000a2c00000|  0%| F|  |TAMS 0x00000000a2b00000, 0x00000000a2b00000| Untracked 
| 364|0x00000000a2c00000, 0x00000000a2c00000, 0x00000000a2d00000|  0%| F|  |TAMS 0x00000000a2c00000, 0x00000000a2c00000| Untracked 
| 365|0x00000000a2d00000, 0x00000000a2d00000, 0x00000000a2e00000|  0%| F|  |TAMS 0x00000000a2d00000, 0x00000000a2d00000| Untracked 
| 366|0x00000000a2e00000, 0x00000000a2e00000, 0x00000000a2f00000|  0%| F|  |TAMS 0x00000000a2e00000, 0x00000000a2e00000| Untracked 
| 367|0x00000000a2f00000, 0x00000000a2f00000, 0x00000000a3000000|  0%| F|  |TAMS 0x00000000a2f00000, 0x00000000a2f00000| Untracked 
| 368|0x00000000a3000000, 0x00000000a3000000, 0x00000000a3100000|  0%| F|  |TAMS 0x00000000a3000000, 0x00000000a3000000| Untracked 
| 369|0x00000000a3100000, 0x00000000a3100000, 0x00000000a3200000|  0%| F|  |TAMS 0x00000000a3100000, 0x00000000a3100000| Untracked 
| 370|0x00000000a3200000, 0x00000000a3200000, 0x00000000a3300000|  0%| F|  |TAMS 0x00000000a3200000, 0x00000000a3200000| Untracked 
| 371|0x00000000a3300000, 0x00000000a3300000, 0x00000000a3400000|  0%| F|  |TAMS 0x00000000a3300000, 0x00000000a3300000| Untracked 
| 372|0x00000000a3400000, 0x00000000a3400000, 0x00000000a3500000|  0%| F|  |TAMS 0x00000000a3400000, 0x00000000a3400000| Untracked 
| 373|0x00000000a3500000, 0x00000000a3500000, 0x00000000a3600000|  0%| F|  |TAMS 0x00000000a3500000, 0x00000000a3500000| Untracked 
| 374|0x00000000a3600000, 0x00000000a3600000, 0x00000000a3700000|  0%| F|  |TAMS 0x00000000a3600000, 0x00000000a3600000| Untracked 
| 375|0x00000000a3700000, 0x00000000a3700000, 0x00000000a3800000|  0%| F|  |TAMS 0x00000000a3700000, 0x00000000a3700000| Untracked 
| 376|0x00000000a3800000, 0x00000000a3800000, 0x00000000a3900000|  0%| F|  |TAMS 0x00000000a3800000, 0x00000000a3800000| Untracked 
| 377|0x00000000a3900000, 0x00000000a3900000, 0x00000000a3a00000|  0%| F|  |TAMS 0x00000000a3900000, 0x00000000a3900000| Untracked 
| 378|0x00000000a3a00000, 0x00000000a3a00000, 0x00000000a3b00000|  0%| F|  |TAMS 0x00000000a3a00000, 0x00000000a3a00000| Untracked 
| 379|0x00000000a3b00000, 0x00000000a3b00000, 0x00000000a3c00000|  0%| F|  |TAMS 0x00000000a3b00000, 0x00000000a3b00000| Untracked 
| 380|0x00000000a3c00000, 0x00000000a3c00000, 0x00000000a3d00000|  0%| F|  |TAMS 0x00000000a3c00000, 0x00000000a3c00000| Untracked 
| 381|0x00000000a3d00000, 0x00000000a3d00000, 0x00000000a3e00000|  0%| F|  |TAMS 0x00000000a3d00000, 0x00000000a3d00000| Untracked 
| 382|0x00000000a3e00000, 0x00000000a3e00000, 0x00000000a3f00000|  0%| F|  |TAMS 0x00000000a3e00000, 0x00000000a3e00000| Untracked 
| 383|0x00000000a3f00000, 0x00000000a3f00000, 0x00000000a4000000|  0%| F|  |TAMS 0x00000000a3f00000, 0x00000000a3f00000| Untracked 
| 384|0x00000000a4000000, 0x00000000a4000000, 0x00000000a4100000|  0%| F|  |TAMS 0x00000000a4000000, 0x00000000a4000000| Untracked 
| 385|0x00000000a4100000, 0x00000000a4100000, 0x00000000a4200000|  0%| F|  |TAMS 0x00000000a4100000, 0x00000000a4100000| Untracked 
| 386|0x00000000a4200000, 0x00000000a4200000, 0x00000000a4300000|  0%| F|  |TAMS 0x00000000a4200000, 0x00000000a4200000| Untracked 
| 387|0x00000000a4300000, 0x00000000a4300000, 0x00000000a4400000|  0%| F|  |TAMS 0x00000000a4300000, 0x00000000a4300000| Untracked 
| 388|0x00000000a4400000, 0x00000000a4400000, 0x00000000a4500000|  0%| F|  |TAMS 0x00000000a4400000, 0x00000000a4400000| Untracked 
| 389|0x00000000a4500000, 0x00000000a4580800, 0x00000000a4600000| 50%| E|  |TAMS 0x00000000a4500000, 0x00000000a4500000| Complete 
| 390|0x00000000a4600000, 0x00000000a4700000, 0x00000000a4700000|100%| E|CS|TAMS 0x00000000a4600000, 0x00000000a4600000| Complete 
| 391|0x00000000a4700000, 0x00000000a4800000, 0x00000000a4800000|100%| E|CS|TAMS 0x00000000a4700000, 0x00000000a4700000| Complete 
| 392|0x00000000a4800000, 0x00000000a4900000, 0x00000000a4900000|100%| E|CS|TAMS 0x00000000a4800000, 0x00000000a4800000| Complete 
| 393|0x00000000a4900000, 0x00000000a4a00000, 0x00000000a4a00000|100%| E|CS|TAMS 0x00000000a4900000, 0x00000000a4900000| Complete 
| 394|0x00000000a4a00000, 0x00000000a4b00000, 0x00000000a4b00000|100%| E|CS|TAMS 0x00000000a4a00000, 0x00000000a4a00000| Complete 
| 395|0x00000000a4b00000, 0x00000000a4c00000, 0x00000000a4c00000|100%| E|CS|TAMS 0x00000000a4b00000, 0x00000000a4b00000| Complete 
| 396|0x00000000a4c00000, 0x00000000a4d00000, 0x00000000a4d00000|100%| E|CS|TAMS 0x00000000a4c00000, 0x00000000a4c00000| Complete 
| 397|0x00000000a4d00000, 0x00000000a4e00000, 0x00000000a4e00000|100%| E|CS|TAMS 0x00000000a4d00000, 0x00000000a4d00000| Complete 
| 398|0x00000000a4e00000, 0x00000000a4f00000, 0x00000000a4f00000|100%| E|CS|TAMS 0x00000000a4e00000, 0x00000000a4e00000| Complete 
| 399|0x00000000a4f00000, 0x00000000a5000000, 0x00000000a5000000|100%| E|CS|TAMS 0x00000000a4f00000, 0x00000000a4f00000| Complete 
| 400|0x00000000a5000000, 0x00000000a5100000, 0x00000000a5100000|100%| E|CS|TAMS 0x00000000a5000000, 0x00000000a5000000| Complete 
| 401|0x00000000a5100000, 0x00000000a5200000, 0x00000000a5200000|100%| E|CS|TAMS 0x00000000a5100000, 0x00000000a5100000| Complete 
| 402|0x00000000a5200000, 0x00000000a5300000, 0x00000000a5300000|100%| E|CS|TAMS 0x00000000a5200000, 0x00000000a5200000| Complete 
| 403|0x00000000a5300000, 0x00000000a5400000, 0x00000000a5400000|100%| E|CS|TAMS 0x00000000a5300000, 0x00000000a5300000| Complete 

Card table byte_map: [0x000001b77ac00000,0x000001b77afa0000] _byte_map_base: 0x000001b77a7a0000

Marking Bits (Prev, Next): (CMBitMap*) 0x000001b77278ebf0, (CMBitMap*) 0x000001b77278ebb0
 Prev Bits: [0x000001b77d040000, 0x000001b77ed40000)
 Next Bits: [0x000001b77b340000, 0x000001b77d040000)

Polling page: 0x000001b771f10000

Metaspace:

Usage:
  Non-class:     10.76 MB used.
      Class:      1.32 MB used.
       Both:     12.08 MB used.

Virtual space:
  Non-class space:       64.00 MB reserved,      10.88 MB ( 17%) committed,  1 nodes.
      Class space:        1.00 GB reserved,       1.44 MB ( <1%) committed,  1 nodes.
             Both:        1.06 GB reserved,      12.31 MB (  1%) committed. 

Chunk freelists:
   Non-Class:  4.98 MB
       Class:  14.60 MB
        Both:  19.58 MB

MaxMetaspaceSize: unlimited
CompressedClassSpaceSize: 1.00 GB
Initial GC threshold: 21.00 MB
Current GC threshold: 21.00 MB
CDS: on
MetaspaceReclaimPolicy: balanced
 - commit_granule_bytes: 65536.
 - commit_granule_words: 8192.
 - virtual_space_node_default_size: 8388608.
 - enlarge_chunks_in_place: 1.
 - new_chunks_are_fully_committed: 0.
 - uncommit_free_chunks: 1.
 - use_allocation_guard: 0.
 - handle_deallocations: 1.


Internal statistics:

num_allocs_failed_limit: 0.
num_arena_births: 136.
num_arena_deaths: 0.
num_vsnodes_births: 2.
num_vsnodes_deaths: 0.
num_space_committed: 197.
num_space_uncommitted: 0.
num_chunks_returned_to_freelist: 0.
num_chunks_taken_from_freelist: 198.
num_chunk_merges: 0.
num_chunk_splits: 110.
num_chunks_enlarged: 40.
num_inconsistent_stats: 0.

CodeHeap 'non-profiled nmethods': size=119168Kb used=810Kb max_used=810Kb free=118357Kb
 bounds [0x000001b707ba0000, 0x000001b707e10000, 0x000001b70f000000]
CodeHeap 'profiled nmethods': size=119104Kb used=4837Kb max_used=4837Kb free=114266Kb
 bounds [0x000001b700000000, 0x000001b7004c0000, 0x000001b707450000]
CodeHeap 'non-nmethods': size=7488Kb used=2461Kb max_used=3011Kb free=5026Kb
 bounds [0x000001b707450000, 0x000001b707750000, 0x000001b707ba0000]
 total_blobs=3224 nmethods=2547 adapters=586
 compilation: enabled
              stopped_count=0, restarted_count=0
 full_count=0

Compilation events (20 events):
Event: 7.279 Thread 0x000001b77fd5e1c0 nmethod 2529 0x000001b7004afc10 code [0x000001b7004afda0, 0x000001b7004afe98]
Event: 7.279 Thread 0x000001b756093b00 nmethod 2530 0x000001b7004aff10 code [0x000001b7004b00a0, 0x000001b7004b01e8]
Event: 7.279 Thread 0x000001b77fd5e1c0 2531       3       sun.java2d.SunGraphics2D::drawImage (11 bytes)
Event: 7.279 Thread 0x000001b756093b00 2532       1       java.util.IdentityHashMap::size (5 bytes)
Event: 7.279 Thread 0x000001b77fd5e1c0 nmethod 2531 0x000001b7004b0290 code [0x000001b7004b0440, 0x000001b7004b0588]
Event: 7.280 Thread 0x000001b756093b00 nmethod 2532 0x000001b707c68e10 code [0x000001b707c68fa0, 0x000001b707c69078]
Event: 7.280 Thread 0x000001b76510a020 nmethod 2528 0x000001b7004b0610 code [0x000001b7004b0860, 0x000001b7004b13a8]
Event: 7.281 Thread 0x000001b756093b00 2533       3       java.util.concurrent.locks.AbstractQueuedSynchronizer$ConditionNode::<init> (5 bytes)
Event: 7.281 Thread 0x000001b77fd5e1c0 2534       3       java.util.concurrent.locks.AbstractQueuedSynchronizer$ConditionObject::enableWait (84 bytes)
Event: 7.281 Thread 0x000001b76510a020 2535       3       java.util.concurrent.locks.AbstractQueuedSynchronizer$Node::setStatusRelaxed (12 bytes)
Event: 7.281 Thread 0x000001b76510a020 nmethod 2535 0x000001b7004b1710 code [0x000001b7004b18a0, 0x000001b7004b19b8]
Event: 7.281 Thread 0x000001b756093b00 nmethod 2533 0x000001b7004b1a90 code [0x000001b7004b1c40, 0x000001b7004b1df8]
Event: 7.282 Thread 0x000001b77fd5e1c0 nmethod 2534 0x000001b7004b1f10 code [0x000001b7004b2120, 0x000001b7004b2868]
Event: 7.285 Thread 0x000001b77fd5e1c0 2536       3       javax.swing.plaf.synth.SynthLabelUI::propertyChange (24 bytes)
Event: 7.286 Thread 0x000001b77fd5e1c0 nmethod 2536 0x000001b7004b2b10 code [0x000001b7004b2da0, 0x000001b7004b3af8]
Event: 7.287 Thread 0x000001b77fd5d800 2537       4       javax.swing.GroupLayout$AutoPreferredGapSpring::calculatePreferredSize (34 bytes)
Event: 7.288 Thread 0x000001b77fd5d800 nmethod 2537 0x000001b707c69110 code [0x000001b707c69280, 0x000001b707c69338]
Event: 7.288 Thread 0x000001b77fd5d800 2538       4       javax.swing.GroupLayout$Group::unsetAutopadding (69 bytes)
Event: 7.294 Thread 0x000001b77fd5d800 nmethod 2538 0x000001b707c69410 code [0x000001b707c69600, 0x000001b707c69c08]
Event: 7.294 Thread 0x000001b77fd5d800 2539       4       javax.swing.GroupLayout$Group::calculateAutopadding (78 bytes)

GC Heap History (20 events):
Event: 1.196 GC heap before
{Heap before GC invocations=4 (full 0):
 garbage-first heap   total 155648K, used 99404K [0x000000008c000000, 0x0000000100000000)
  region size 1024K, 11 young (11264K), 1 survivors (1024K)
 Metaspace       used 10747K, committed 10944K, reserved 1114112K
  class space    used 1219K, committed 1344K, reserved 1048576K
}
Event: 1.197 GC heap after
{Heap after GC invocations=5 (full 0):
 garbage-first heap   total 155648K, used 90137K [0x000000008c000000, 0x0000000100000000)
  region size 1024K, 1 young (1024K), 1 survivors (1024K)
 Metaspace       used 10747K, committed 10944K, reserved 1114112K
  class space    used 1219K, committed 1344K, reserved 1048576K
}
Event: 1.298 GC heap before
{Heap before GC invocations=5 (full 0):
 garbage-first heap   total 155648K, used 131097K [0x000000008c000000, 0x0000000100000000)
  region size 1024K, 42 young (43008K), 1 survivors (1024K)
 Metaspace       used 10747K, committed 10944K, reserved 1114112K
  class space    used 1219K, committed 1344K, reserved 1048576K
}
Event: 1.299 GC heap after
{Heap after GC invocations=6 (full 0):
 garbage-first heap   total 155648K, used 90118K [0x000000008c000000, 0x0000000100000000)
  region size 1024K, 1 young (1024K), 1 survivors (1024K)
 Metaspace       used 10747K, committed 10944K, reserved 1114112K
  class space    used 1219K, committed 1344K, reserved 1048576K
}
Event: 1.332 GC heap before
{Heap before GC invocations=7 (full 0):
 garbage-first heap   total 155648K, used 101382K [0x000000008c000000, 0x0000000100000000)
  region size 1024K, 14 young (14336K), 1 survivors (1024K)
 Metaspace       used 10747K, committed 10944K, reserved 1114112K
  class space    used 1219K, committed 1344K, reserved 1048576K
}
Event: 1.333 GC heap after
{Heap after GC invocations=8 (full 0):
 garbage-first heap   total 155648K, used 90135K [0x000000008c000000, 0x0000000100000000)
  region size 1024K, 1 young (1024K), 1 survivors (1024K)
 Metaspace       used 10747K, committed 10944K, reserved 1114112K
  class space    used 1219K, committed 1344K, reserved 1048576K
}
Event: 1.357 GC heap before
{Heap before GC invocations=9 (full 0):
 garbage-first heap   total 160768K, used 98327K [0x000000008c000000, 0x0000000100000000)
  region size 1024K, 6 young (6144K), 1 survivors (1024K)
 Metaspace       used 10747K, committed 10944K, reserved 1114112K
  class space    used 1219K, committed 1344K, reserved 1048576K
}
Event: 1.358 GC heap after
{Heap after GC invocations=10 (full 0):
 garbage-first heap   total 160768K, used 94236K [0x000000008c000000, 0x0000000100000000)
  region size 1024K, 1 young (1024K), 1 survivors (1024K)
 Metaspace       used 10747K, committed 10944K, reserved 1114112K
  class space    used 1219K, committed 1344K, reserved 1048576K
}
Event: 1.434 GC heap before
{Heap before GC invocations=11 (full 0):
 garbage-first heap   total 183296K, used 120860K [0x000000008c000000, 0x0000000100000000)
  region size 1024K, 15 young (15360K), 1 survivors (1024K)
 Metaspace       used 10747K, committed 10944K, reserved 1114112K
  class space    used 1219K, committed 1344K, reserved 1048576K
}
Event: 1.435 GC heap after
{Heap after GC invocations=12 (full 0):
 garbage-first heap   total 183296K, used 107544K [0x000000008c000000, 0x0000000100000000)
  region size 1024K, 1 young (1024K), 1 survivors (1024K)
 Metaspace       used 10747K, committed 10944K, reserved 1114112K
  class space    used 1219K, committed 1344K, reserved 1048576K
}
Event: 1.442 GC heap before
{Heap before GC invocations=13 (full 0):
 garbage-first heap   total 186368K, used 111640K [0x000000008c000000, 0x0000000100000000)
  region size 1024K, 4 young (4096K), 1 survivors (1024K)
 Metaspace       used 10747K, committed 10944K, reserved 1114112K
  class space    used 1219K, committed 1344K, reserved 1048576K
}
Event: 1.443 GC heap after
{Heap after GC invocations=14 (full 0):
 garbage-first heap   total 186368K, used 109594K [0x000000008c000000, 0x0000000100000000)
  region size 1024K, 1 young (1024K), 1 survivors (1024K)
 Metaspace       used 10747K, committed 10944K, reserved 1114112K
  class space    used 1219K, committed 1344K, reserved 1048576K
}
Event: 1.457 GC heap before
{Heap before GC invocations=15 (full 0):
 garbage-first heap   total 189440K, used 112666K [0x000000008c000000, 0x0000000100000000)
  region size 1024K, 3 young (3072K), 1 survivors (1024K)
 Metaspace       used 10747K, committed 10944K, reserved 1114112K
  class space    used 1219K, committed 1344K, reserved 1048576K
}
Event: 1.458 GC heap after
{Heap after GC invocations=16 (full 0):
 garbage-first heap   total 189440K, used 111642K [0x000000008c000000, 0x0000000100000000)
  region size 1024K, 1 young (1024K), 1 survivors (1024K)
 Metaspace       used 10747K, committed 10944K, reserved 1114112K
  class space    used 1219K, committed 1344K, reserved 1048576K
}
Event: 1.482 GC heap before
{Heap before GC invocations=17 (full 0):
 garbage-first heap   total 193536K, used 114714K [0x000000008c000000, 0x0000000100000000)
  region size 1024K, 4 young (4096K), 1 survivors (1024K)
 Metaspace       used 10747K, committed 10944K, reserved 1114112K
  class space    used 1220K, committed 1344K, reserved 1048576K
}
Event: 1.483 GC heap after
{Heap after GC invocations=18 (full 0):
 garbage-first heap   total 193536K, used 113111K [0x000000008c000000, 0x0000000100000000)
  region size 1024K, 1 young (1024K), 1 survivors (1024K)
 Metaspace       used 10747K, committed 10944K, reserved 1114112K
  class space    used 1220K, committed 1344K, reserved 1048576K
}
Event: 1.502 GC heap before
{Heap before GC invocations=19 (full 0):
 garbage-first heap   total 198656K, used 120279K [0x000000008c000000, 0x0000000100000000)
  region size 1024K, 5 young (5120K), 1 survivors (1024K)
 Metaspace       used 10747K, committed 10944K, reserved 1114112K
  class space    used 1220K, committed 1344K, reserved 1048576K
}
Event: 1.503 GC heap after
{Heap after GC invocations=20 (full 0):
 garbage-first heap   total 198656K, used 117212K [0x000000008c000000, 0x0000000100000000)
  region size 1024K, 1 young (1024K), 1 survivors (1024K)
 Metaspace       used 10747K, committed 10944K, reserved 1114112K
  class space    used 1220K, committed 1344K, reserved 1048576K
}
Event: 1.538 GC heap before
{Heap before GC invocations=21 (full 0):
 garbage-first heap   total 206848K, used 127452K [0x000000008c000000, 0x0000000100000000)
  region size 1024K, 7 young (7168K), 1 survivors (1024K)
 Metaspace       used 10747K, committed 10944K, reserved 1114112K
  class space    used 1220K, committed 1344K, reserved 1048576K
}
Event: 1.541 GC heap after
{Heap after GC invocations=22 (full 0):
 garbage-first heap   total 413696K, used 122333K [0x000000008c000000, 0x0000000100000000)
  region size 1024K, 1 young (1024K), 1 survivors (1024K)
 Metaspace       used 10747K, committed 10944K, reserved 1114112K
  class space    used 1220K, committed 1344K, reserved 1048576K
}

Deoptimization events (20 events):
Event: 2.264 Thread 0x000001b7563b1a60 Uncommon trap: trap_request=0xffffffbe fr.pc=0x000001b707c05ea0 relative=0x0000000000000ce0
Event: 2.264 Thread 0x000001b7563b1a60 Uncommon trap: reason=profile_predicate action=maybe_recompile pc=0x000001b707c05ea0 method=javax.swing.GroupLayout$Group.calculateSize(II)I @ 71 c2
Event: 2.264 Thread 0x000001b7563b1a60 DEOPT PACKING pc=0x000001b707c05ea0 sp=0x0000007590cfd7c0
Event: 2.264 Thread 0x000001b7563b1a60 DEOPT UNPACKING pc=0x000001b7074a23a3 sp=0x0000007590cfd768 mode 2
Event: 2.264 Thread 0x000001b7563b1a60 Uncommon trap: trap_request=0xffffffbe fr.pc=0x000001b707c05ea0 relative=0x0000000000000ce0
Event: 2.264 Thread 0x000001b7563b1a60 Uncommon trap: reason=profile_predicate action=maybe_recompile pc=0x000001b707c05ea0 method=javax.swing.GroupLayout$Group.calculateSize(II)I @ 71 c2
Event: 2.264 Thread 0x000001b7563b1a60 DEOPT PACKING pc=0x000001b707c05ea0 sp=0x0000007590cfd590
Event: 2.264 Thread 0x000001b7563b1a60 DEOPT UNPACKING pc=0x000001b7074a23a3 sp=0x0000007590cfd538 mode 2
Event: 2.265 Thread 0x000001b7563b1a60 Uncommon trap: trap_request=0xffffffbe fr.pc=0x000001b707c05ea0 relative=0x0000000000000ce0
Event: 2.265 Thread 0x000001b7563b1a60 Uncommon trap: reason=profile_predicate action=maybe_recompile pc=0x000001b707c05ea0 method=javax.swing.GroupLayout$Group.calculateSize(II)I @ 71 c2
Event: 2.265 Thread 0x000001b7563b1a60 DEOPT PACKING pc=0x000001b707c05ea0 sp=0x0000007590cfcb90
Event: 2.265 Thread 0x000001b7563b1a60 DEOPT UNPACKING pc=0x000001b7074a23a3 sp=0x0000007590cfcb38 mode 2
Event: 2.311 Thread 0x000001b7563b1a60 Uncommon trap: trap_request=0xffffff45 fr.pc=0x000001b707c0221c relative=0x000000000000045c
Event: 2.311 Thread 0x000001b7563b1a60 Uncommon trap: reason=unstable_if action=reinterpret pc=0x000001b707c0221c method=javax.swing.JComponent.getClientProperty(Ljava/lang/Object;)Ljava/lang/Object; @ 16 c2
Event: 2.311 Thread 0x000001b7563b1a60 DEOPT PACKING pc=0x000001b707c0221c sp=0x0000007590cfcf70
Event: 2.311 Thread 0x000001b7563b1a60 DEOPT UNPACKING pc=0x000001b7074a23a3 sp=0x0000007590cfcf38 mode 2
Event: 2.350 Thread 0x000001b7563b1a60 Uncommon trap: trap_request=0xffffff45 fr.pc=0x000001b707c2ad0c relative=0x000000000000008c
Event: 2.350 Thread 0x000001b7563b1a60 Uncommon trap: reason=unstable_if action=reinterpret pc=0x000001b707c2ad0c method=java.lang.Math.round(F)I @ 36 c2
Event: 2.350 Thread 0x000001b7563b1a60 DEOPT PACKING pc=0x000001b707c2ad0c sp=0x0000007590cfcc60
Event: 2.350 Thread 0x000001b7563b1a60 DEOPT UNPACKING pc=0x000001b7074a23a3 sp=0x0000007590cfcbe0 mode 2

Classes unloaded (0 events):
No events

Classes redefined (0 events):
No events

Internal exceptions (20 events):
Event: 0.314 Thread 0x000001b772738010 Exception <a 'java/lang/ClassNotFoundException'{0x0000000092f85d80}: ToolBar> (0x0000000092f85d80) 
thrown [s\open\src\hotspot\share\classfile\systemDictionary.cpp, line 256]
Event: 0.314 Thread 0x000001b772738010 Exception <a 'java/lang/ClassNotFoundException'{0x0000000092f860e0}: Button> (0x0000000092f860e0) 
thrown [s\open\src\hotspot\share\classfile\systemDictionary.cpp, line 256]
Event: 0.314 Thread 0x000001b772738010 Exception <a 'java/lang/ClassNotFoundException'{0x0000000092f865a8}: ToolBar> (0x0000000092f865a8) 
thrown [s\open\src\hotspot\share\classfile\systemDictionary.cpp, line 256]
Event: 0.314 Thread 0x000001b772738010 Exception <a 'java/lang/ClassNotFoundException'{0x0000000092f86918}: ToggleButton> (0x0000000092f86918) 
thrown [s\open\src\hotspot\share\classfile\systemDictionary.cpp, line 256]
Event: 0.314 Thread 0x000001b772738010 Exception <a 'java/lang/ClassNotFoundException'{0x0000000092f86d58}: javax/swing/JToolBarSeparator> (0x0000000092f86d58) 
thrown [s\open\src\hotspot\share\classfile\systemDictionary.cpp, line 256]
Event: 0.314 Thread 0x000001b772738010 Exception <a 'java/lang/ClassNotFoundException'{0x0000000092f87060}: ToolBarSeparator> (0x0000000092f87060) 
thrown [s\open\src\hotspot\share\classfile\systemDictionary.cpp, line 256]
Event: 0.314 Thread 0x000001b772738010 Exception <a 'java/lang/ClassNotFoundException'{0x0000000092f87578}: ToolTip> (0x0000000092f87578) 
thrown [s\open\src\hotspot\share\classfile\systemDictionary.cpp, line 256]
Event: 0.315 Thread 0x000001b772738010 Exception <a 'java/lang/ClassNotFoundException'{0x0000000092f87ec8}: Tree> (0x0000000092f87ec8) 
thrown [s\open\src\hotspot\share\classfile\systemDictionary.cpp, line 256]
Event: 0.315 Thread 0x000001b772738010 Exception <a 'java/lang/ClassNotFoundException'{0x0000000092f883c0}: Tree> (0x0000000092f883c0) 
thrown [s\open\src\hotspot\share\classfile\systemDictionary.cpp, line 256]
Event: 0.315 Thread 0x000001b772738010 Exception <a 'java/lang/ClassNotFoundException'{0x0000000092f88730}: javax/swing/JTreeCell> (0x0000000092f88730) 
thrown [s\open\src\hotspot\share\classfile\systemDictionary.cpp, line 256]
Event: 0.315 Thread 0x000001b772738010 Exception <a 'java/lang/ClassNotFoundException'{0x0000000092f88a30}: TreeCell> (0x0000000092f88a30) 
thrown [s\open\src\hotspot\share\classfile\systemDictionary.cpp, line 256]
Event: 0.316 Thread 0x000001b772738010 Exception <a 'java/lang/ClassNotFoundException'{0x0000000092f891f0}: RootPane> (0x0000000092f891f0) 
thrown [s\open\src\hotspot\share\classfile\systemDictionary.cpp, line 256]
Event: 0.318 Thread 0x000001b772738010 Exception <a 'java/lang/ClassNotFoundException'{0x0000000092f8c040}: com/sun/swing/internal/plaf/metal/resources/spi/metalProvider> (0x0000000092f8c040) 
thrown [s\open\src\hotspot\share\classfile\systemDictionary.cpp, line 256]
Event: 0.319 Thread 0x000001b772738010 Exception <a 'java/lang/ClassNotFoundException'{0x0000000092f8fbf0}: com/sun/swing/internal/plaf/basic/resources/spi/basicProvider> (0x0000000092f8fbf0) 
thrown [s\open\src\hotspot\share\classfile\systemDictionary.cpp, line 256]
Event: 0.459 Thread 0x000001b7563b1a60 Exception <a 'java/lang/ClassNotFoundException'{0x0000000092e03258}: com/sun/swing/internal/plaf/synth/resources/spi/synthProvider> (0x0000000092e03258) 
thrown [s\open\src\hotspot\share\classfile\systemDictionary.cpp, line 256]
Event: 0.768 Thread 0x000001b7563b1a60 Exception <a 'java/lang/NoSuchMethodError'{0x0000000092ae5de8}: 'void java.lang.invoke.DirectMethodHandle$Holder.invokeStaticInit(java.lang.Object)'> (0x0000000092ae5de8) 
thrown [s\open\src\hotspot\share\interpreter\linkResolver.cpp, line 759]
Event: 0.817 Thread 0x000001b7562d9cc0 Exception <a 'java/lang/NoSuchMethodError'{0x00000000931fb780}: 'void java.lang.invoke.DirectMethodHandle$Holder.invokeVirtual(java.lang.Object, java.lang.Object)'> (0x00000000931fb780) 
thrown [s\open\src\hotspot\share\interpreter\linkResolver.cpp, line 759]
Event: 0.971 Thread 0x000001b7654311b0 Exception <a 'java/lang/NoSuchMethodError'{0x000000009274b650}: 'java.lang.Object java.lang.invoke.DirectMethodHandle$Holder.newInvokeSpecial(java.lang.Object, java.lang.Object, java.lang.Object, int, int, int, int, int)'> (0x000000009274b650) 
thrown [s\open\src\hotspot\share\interpreter\linkResolver.cpp, line 759]
Event: 1.578 Thread 0x000001b7654311b0 Implicit null exception at 0x000001b707c13572 to 0x000001b707c14334
Event: 1.655 Thread 0x000001b7654311b0 Implicit null exception at 0x000001b707c1cdfd to 0x000001b707c1cf54

VM Operations (20 events):
Event: 1.538 Executing VM operation: G1TryInitiateConcMark
Event: 1.541 Executing VM operation: G1TryInitiateConcMark done
Event: 1.569 Executing VM operation: HandshakeAllThreads
Event: 1.569 Executing VM operation: HandshakeAllThreads done
Event: 2.320 Executing VM operation: HandshakeAllThreads
Event: 2.320 Executing VM operation: HandshakeAllThreads done
Event: 2.326 Executing VM operation: HandshakeAllThreads
Event: 2.326 Executing VM operation: HandshakeAllThreads done
Event: 2.471 Executing VM operation: HandshakeAllThreads
Event: 2.471 Executing VM operation: HandshakeAllThreads done
Event: 2.822 Executing VM operation: ICBufferFull
Event: 2.822 Executing VM operation: ICBufferFull done
Event: 3.829 Executing VM operation: Cleanup
Event: 3.829 Executing VM operation: Cleanup done
Event: 4.830 Executing VM operation: Cleanup
Event: 4.830 Executing VM operation: Cleanup done
Event: 5.842 Executing VM operation: Cleanup
Event: 5.842 Executing VM operation: Cleanup done
Event: 6.850 Executing VM operation: Cleanup
Event: 6.850 Executing VM operation: Cleanup done

Events (20 events):
Event: 2.553 loading class java/util/concurrent/Delayed done
Event: 2.553 loading class javax/swing/TimerQueue$DelayedTimer done
Event: 2.553 loading class java/util/concurrent/TimeUnit$1
Event: 2.553 loading class java/util/concurrent/TimeUnit$1 done
Event: 2.782 Thread 0x000001b765605590 Thread exited: 0x000001b765605590
Event: 3.070 loading class javax/swing/Timer$1
Event: 3.070 loading class javax/swing/Timer$1 done
Event: 3.275 loading class sun/font/StandardGlyphVector
Event: 3.276 loading class java/awt/font/GlyphVector
Event: 3.276 loading class java/awt/font/GlyphVector done
Event: 3.276 loading class sun/font/StandardGlyphVector done
Event: 3.276 loading class sun/font/FontSubstitution
Event: 3.276 loading class sun/font/FontSubstitution done
Event: 3.276 loading class sun/font/StandardGlyphVector$GlyphStrike
Event: 3.276 loading class sun/font/StandardGlyphVector$GlyphStrike done
Event: 4.133 loading class javax/swing/JSpinner$DateEditor
Event: 4.134 loading class javax/swing/JSpinner$DateEditor done
Event: 4.134 loading class java/text/ParsePosition
Event: 4.134 loading class java/text/ParsePosition done
Event: 7.270 Thread 0x000001b7654311b0 Thread exited: 0x000001b7654311b0


Dynamic libraries:
0x00007ff79d3f0000 - 0x00007ff79d400000 	C:\Program Files\Java\jdk-17\bin\java.exe
0x00007fffb5b70000 - 0x00007fffb5d87000 	C:\Windows\SYSTEM32\ntdll.dll
0x00007fffb49c0000 - 0x00007fffb4a84000 	C:\Windows\System32\KERNEL32.DLL
0x00007fffb32e0000 - 0x00007fffb3686000 	C:\Windows\System32\KERNELBASE.dll
0x00007fffb2f10000 - 0x00007fffb3021000 	C:\Windows\System32\ucrtbase.dll
0x00007fff9c650000 - 0x00007fff9c66b000 	C:\Program Files\Java\jdk-17\bin\VCRUNTIME140.dll
0x00007fffafa80000 - 0x00007fffafa99000 	C:\Program Files\Java\jdk-17\bin\jli.dll
0x00007fffb38c0000 - 0x00007fffb3971000 	C:\Windows\System32\ADVAPI32.dll
0x00007fffb4770000 - 0x00007fffb4817000 	C:\Windows\System32\msvcrt.dll
0x00007fffb5960000 - 0x00007fffb5a05000 	C:\Windows\System32\sechost.dll
0x00007fffb5a10000 - 0x00007fffb5b27000 	C:\Windows\System32\RPCRT4.dll
0x00007fffb3b20000 - 0x00007fffb3cce000 	C:\Windows\System32\USER32.dll
0x00007fffb2ee0000 - 0x00007fffb2f06000 	C:\Windows\System32\win32u.dll
0x00007fffb3cd0000 - 0x00007fffb3cf9000 	C:\Windows\System32\GDI32.dll
0x00007fffa1280000 - 0x00007fffa1513000 	C:\Windows\WinSxS\amd64_microsoft.windows.common-controls_6595b64144ccf1df_6.0.22621.2506_none_270c5ae97388e100\COMCTL32.dll
0x00007fffb3030000 - 0x00007fffb3148000 	C:\Windows\System32\gdi32full.dll
0x00007fffb3150000 - 0x00007fffb31ea000 	C:\Windows\System32\msvcp_win.dll
0x00007fffaadd0000 - 0x00007fffaadda000 	C:\Windows\SYSTEM32\VERSION.dll
0x00007fffb3d10000 - 0x00007fffb3d41000 	C:\Windows\System32\IMM32.DLL
0x00007fff9e4d0000 - 0x00007fff9e4dc000 	C:\Program Files\Java\jdk-17\bin\vcruntime140_1.dll
0x00007fff7b3f0000 - 0x00007fff7b47e000 	C:\Program Files\Java\jdk-17\bin\msvcp140.dll
0x00007fff3f3b0000 - 0x00007fff3ff91000 	C:\Program Files\Java\jdk-17\bin\server\jvm.dll
0x00007fffb3ee0000 - 0x00007fffb3ee8000 	C:\Windows\System32\PSAPI.DLL
0x00007fff9fe60000 - 0x00007fff9fe69000 	C:\Windows\SYSTEM32\WSOCK32.dll
0x00007fffab080000 - 0x00007fffab0b4000 	C:\Windows\SYSTEM32\WINMM.dll
0x00007fffb4d50000 - 0x00007fffb4dc1000 	C:\Windows\System32\WS2_32.dll
0x00007fffb1eb0000 - 0x00007fffb1ec8000 	C:\Windows\SYSTEM32\kernel.appcore.dll
0x00007fff9c960000 - 0x00007fff9c96a000 	C:\Program Files\Java\jdk-17\bin\jimage.dll
0x00007fffa97d0000 - 0x00007fffa9a03000 	C:\Windows\SYSTEM32\DBGHELP.DLL
0x00007fffb5560000 - 0x00007fffb58e9000 	C:\Windows\System32\combase.dll
0x00007fffb39d0000 - 0x00007fffb3aa7000 	C:\Windows\System32\OLEAUT32.dll
0x00007fffa9790000 - 0x00007fffa97c2000 	C:\Windows\SYSTEM32\dbgcore.DLL
0x00007fffb3260000 - 0x00007fffb32da000 	C:\Windows\System32\bcryptPrimitives.dll
0x00007fff9c570000 - 0x00007fff9c595000 	C:\Program Files\Java\jdk-17\bin\java.dll
0x00007fff9bc50000 - 0x00007fff9bd27000 	C:\Program Files\Java\jdk-17\bin\jsvml.dll
0x00007fffb3ef0000 - 0x00007fffb474a000 	C:\Windows\System32\SHELL32.dll
0x00007fffb0db0000 - 0x00007fffb16a6000 	C:\Windows\SYSTEM32\windows.storage.dll
0x00007fffb0c70000 - 0x00007fffb0dae000 	C:\Windows\SYSTEM32\wintypes.dll
0x00007fffb3de0000 - 0x00007fffb3ed3000 	C:\Windows\System32\SHCORE.dll
0x00007fffb4b20000 - 0x00007fffb4b7e000 	C:\Windows\System32\shlwapi.dll
0x00007fffb2e10000 - 0x00007fffb2e36000 	C:\Windows\SYSTEM32\profapi.dll
0x00007fff9c550000 - 0x00007fff9c569000 	C:\Program Files\Java\jdk-17\bin\net.dll
0x00007fffad570000 - 0x00007fffad6a7000 	C:\Windows\SYSTEM32\WINHTTP.dll
0x00007fffb2340000 - 0x00007fffb23a9000 	C:\Windows\system32\mswsock.dll
0x00007fff9c480000 - 0x00007fff9c496000 	C:\Program Files\Java\jdk-17\bin\nio.dll
0x00007fff5d2c0000 - 0x00007fff5d451000 	C:\Program Files\Java\jdk-17\bin\awt.dll
0x00007fffb01e0000 - 0x00007fffb0277000 	C:\Windows\SYSTEM32\apphelp.dll
0x00007fffb0370000 - 0x00007fffb041b000 	C:\Windows\system32\uxtheme.dll
0x00007fffb5410000 - 0x00007fffb5560000 	C:\Windows\System32\MSCTF.dll
0x00007fffb4820000 - 0x00007fffb49c0000 	C:\Windows\System32\ole32.dll
0x00007fffb05e0000 - 0x00007fffb060b000 	C:\Windows\system32\DWMAPI.DLL
0x00007fff75c20000 - 0x00007fff75ca7000 	C:\Program Files\Java\jdk-17\bin\freetype.dll
0x00007fff60610000 - 0x00007fff606e3000 	C:\Program Files\Java\jdk-17\bin\fontmanager.dll
0x00007fff56e20000 - 0x00007fff56f20000 	C:\Windows\system32\opengl32.dll
0x00007fff59c10000 - 0x00007fff59c3d000 	C:\Windows\SYSTEM32\GLU32.dll
0x00007fffb0480000 - 0x00007fffb04b6000 	C:\Windows\SYSTEM32\dxcore.dll
0x00007fff9b9c0000 - 0x00007fff9bb69000 	C:\Windows\system32\d3d9.dll
0x00007fffa79d0000 - 0x00007fffa7b8b000 	C:\Windows\System32\DriverStore\FileRepository\u0385165.inf_amd64_21334d6e6df1a592\B383687\aticfx64.dll
0x00007fff6aa90000 - 0x00007fff6c85f000 	C:\Windows\System32\DriverStore\FileRepository\u0385165.inf_amd64_21334d6e6df1a592\B383687\amdxn64.dll
0x00007fffb4dd0000 - 0x00007fffb5244000 	C:\Windows\System32\SETUPAPI.dll
0x00007fffb04d0000 - 0x00007fffb05c8000 	C:\Windows\SYSTEM32\dxgi.dll
0x00007fffa5240000 - 0x00007fffa5275000 	C:\Windows\SYSTEM32\amdihk64.dll
0x00007fffad770000 - 0x00007fffad7ba000 	C:\Windows\SYSTEM32\directxdatabasehelper.dll
0x00007fffb4ca0000 - 0x00007fffb4d50000 	C:\Windows\System32\clbcatq.dll
0x00007fffae710000 - 0x00007fffae8c0000 	C:\Windows\SYSTEM32\WindowsCodecs.dll
0x00007fff9cb50000 - 0x00007fff9cbae000 	C:\Windows\system32\dataexchange.dll
0x00007fffaa9a0000 - 0x00007fffaac25000 	C:\Windows\system32\twinapi.appcore.dll
0x00007fff9bc30000 - 0x00007fff9bc48000 	C:\Program Files\Java\jdk-17\bin\zip.dll
0x00007fffa4dd0000 - 0x00007fffa4dfe000 	C:\Program Files\Java\jdk-17\bin\javajpeg.dll
0x00007fff8a9f0000 - 0x00007fff8ab3a000 	C:\Windows\SYSTEM32\textinputframework.dll
0x00007fffaff00000 - 0x00007fffb0033000 	C:\Windows\SYSTEM32\CoreMessaging.dll
0x00007fffaca10000 - 0x00007fffacd7c000 	C:\Windows\SYSTEM32\CoreUIComponents.dll
0x00007fffb25b0000 - 0x00007fffb25bc000 	C:\Windows\SYSTEM32\CRYPTBASE.DLL

dbghelp: loaded successfully - version: 4.0.5 - missing functions: none
symbol engine: initialized successfully - sym options: 0x614 - pdb path: .;C:\Program Files\Java\jdk-17\bin;C:\Windows\SYSTEM32;C:\Windows\WinSxS\amd64_microsoft.windows.common-controls_6595b64144ccf1df_6.0.22621.2506_none_270c5ae97388e100;C:\Program Files\Java\jdk-17\bin\server;C:\Windows\System32\DriverStore\FileRepository\u0385165.inf_amd64_21334d6e6df1a592\B383687

VM Arguments:
jvm_args: -Dfile.encoding=UTF-8 --module-path=C:\Users\bala2\Documents\NetBeansProjects\Cafe Managment\build\classes 
java_command: cafe.Dashboard
java_class_path (initial): C:\Users\bala2\Documents\NetBeansProjects\Cafe Managment\build\classes
Launcher Type: SUN_STANDARD

[Global flags]
     intx CICompilerCount                          = 12                                        {product} {ergonomic}
     uint ConcGCThreads                            = 3                                         {product} {ergonomic}
     uint G1ConcRefinementThreads                  = 13                                        {product} {ergonomic}
   size_t G1HeapRegionSize                         = 1048576                                   {product} {ergonomic}
    uintx GCDrainStackTargetSize                   = 64                                        {product} {ergonomic}
   size_t InitialHeapSize                          = 121634816                                 {product} {ergonomic}
   size_t MarkStackSize                            = 4194304                                   {product} {ergonomic}
   size_t MaxHeapSize                              = 1946157056                                {product} {ergonomic}
   size_t MaxNewSize                               = 1167065088                                {product} {ergonomic}
   size_t MinHeapDeltaBytes                        = 1048576                                   {product} {ergonomic}
   size_t MinHeapSize                              = 8388608                                   {product} {ergonomic}
    uintx NonNMethodCodeHeapSize                   = 7602480                                {pd product} {ergonomic}
    uintx NonProfiledCodeHeapSize                  = 122027880                              {pd product} {ergonomic}
    uintx ProfiledCodeHeapSize                     = 122027880                              {pd product} {ergonomic}
    uintx ReservedCodeCacheSize                    = 251658240                              {pd product} {ergonomic}
     bool SegmentedCodeCache                       = true                                      {product} {ergonomic}
   size_t SoftMaxHeapSize                          = 1946157056                             {manageable} {ergonomic}
     bool UseCompressedClassPointers               = true                           {product lp64_product} {ergonomic}
     bool UseCompressedOops                        = true                           {product lp64_product} {ergonomic}
     bool UseG1GC                                  = true                                      {product} {ergonomic}
     bool UseLargePagesIndividualAllocation        = false                                  {pd product} {ergonomic}

Logging:
Log output configuration:
 #0: stdout all=warning uptime,level,tags
 #1: stderr all=off uptime,level,tags

Environment Variables:
JAVA_HOME=C:\Program Files\Java\jdk-17
PATH=C:\Program Files\Common Files\Oracle\Java\javapath;C:\Windows\system32;C:\Windows;C:\Windows\System32\Wbem;C:\Windows\System32\WindowsPowerShell\v1.0\;C:\Windows\System32\OpenSSH\;C:\Program Files (x86)\NVIDIA Corporation\PhysX\Common;C:\Program Files\NVIDIA Corporation\NVIDIA NvDLISR;C:\Program Files\dotnet\;C:\Program Files\Java\jdk-17\bin;C:\Program Files\Git\cmd;C:\Users\bala2\AppData\Local\Microsoft\WindowsApps;;C:\Users\bala2\AppData\Local\Programs\Microsoft VS Code\bin
USERNAME=bala2
OS=Windows_NT
PROCESSOR_IDENTIFIER=AMD64 Family 25 Model 68 Stepping 1, AuthenticAMD



---------------  S Y S T E M  ---------------

OS:
 Windows 11 , 64 bit Build 22621 (10.0.22621.2506)
OS uptime: 1 days 0:07 hours
Hyper-V role detected

CPU: total 16 (initial active 16) (16 cores per cpu, 2 threads per core) family 25 model 68 stepping 1 microcode 0x0, cx8, cmov, fxsr, ht, mmx, 3dnowpref, sse, sse2, sse3, ssse3, sse4a, sse4.1, sse4.2, popcnt, lzcnt, tsc, tscinvbit, avx, avx2, aes, erms, clmul, bmi1, bmi2, adx, sha, fma, vzeroupper, clflush, clflushopt, hv

Memory: 4k page, system-wide physical 7418M (545M free)
TotalPageFile size 29946M (AvailPageFile size 0M)
current process WorkingSet (physical memory assigned to process): 332M, peak: 352M
current process commit charge ("private bytes"): 653M, peak: 653M

vm_info: Java HotSpot(TM) 64-Bit Server VM (17.0.9+11-LTS-201) for windows-amd64 JRE (17.0.9+11-LTS-201), built on Oct 10 2023 23:16:06 by "mach5one" with MS VC++ 17.1 (VS2022)

END.
