#
# There is insufficient memory for the Java Runtime Environment to continue.
# Native memory allocation (mmap) failed to map 211812352 bytes for G1 virtual space
# Possible reasons:
#   The system is out of physical RAM or swap space
#   The process is running with CompressedOops enabled, and the Java Heap may be blocking the growth of the native heap
# Possible solutions:
#   Reduce memory load on the system
#   Increase physical memory or swap space
#   Check if swap backing store is full
#   Decrease Java heap size (-Xmx/-Xms)
#   Decrease number of Java threads
#   Decrease Java thread stack sizes (-Xss)
#   Set larger code cache with -XX:ReservedCodeCacheSize=
#   JVM is running with Unscaled Compressed Oops mode in which the Java heap is
#     placed in the first 4GB address space. The Java Heap base address is the
#     maximum limit for the native heap growth. Please use -XX:HeapBaseMinAddress
#     to set the Java Heap base and to place the Java Heap above 4GB virtual address.
# This output file may be truncated or incomplete.
#
#  Out of Memory Error (os_windows.cpp:3552), pid=12772, tid=11072
#
# JRE version: Java(TM) SE Runtime Environment (17.0.9+11) (build 17.0.9+11-LTS-201)
# Java VM: Java HotSpot(TM) 64-Bit Server VM (17.0.9+11-LTS-201, mixed mode, sharing, tiered, compressed oops, compressed class ptrs, g1 gc, windows-amd64)
# No core dump will be written. Minidumps are not enabled by default on client versions of Windows
#

---------------  S U M M A R Y ------------

Command Line: -Dfile.encoding=UTF-8 --module-path=C:\Users\bala2\Documents\NetBeansProjects\Cafe Managment\build\classes cafe.Dashboard

Host: AMD Ryzen 7 6800HS with Radeon Graphics        , 16 cores, 7G,  Windows 11 , 64 bit Build 22621 (10.0.22621.2506)
Time: Wed Dec 20 18:04:12 2023 Sri Lanka Standard Time elapsed time: 1.219479 seconds (0d 0h 0m 1s)

---------------  T H R E A D  ---------------

Current thread (0x0000017a43a98160):  VMThread "VM Thread" [stack: 0x000000188cd00000,0x000000188ce00000] [id=11072]

Stack: [0x000000188cd00000,0x000000188ce00000]
Native frames: (J=compiled Java code, j=interpreted, Vv=VM code, C=native code)
V  [jvm.dll+0x678a4a]
V  [jvm.dll+0x7d9cfd]
V  [jvm.dll+0x7db60e]
V  [jvm.dll+0x7dbc73]
V  [jvm.dll+0x245e1f]
V  [jvm.dll+0x6758f9]
V  [jvm.dll+0x66a2a2]
V  [jvm.dll+0x303686]
V  [jvm.dll+0x30ac06]
V  [jvm.dll+0x35a48e]
V  [jvm.dll+0x35a6bf]
V  [jvm.dll+0x2da678]
V  [jvm.dll+0x2d8a85]
V  [jvm.dll+0x2d808c]
V  [jvm.dll+0x31bca1]
V  [jvm.dll+0x7e048b]
V  [jvm.dll+0x7e11c4]
V  [jvm.dll+0x7e16dd]
V  [jvm.dll+0x7e1ab4]
V  [jvm.dll+0x7e1b80]
V  [jvm.dll+0x78998a]
V  [jvm.dll+0x677875]
C  [ucrtbase.dll+0x29363]
C  [KERNEL32.DLL+0x1257d]
C  [ntdll.dll+0x5aa58]

VM_Operation (0x000000188f6fddf8): G1TryInitiateConcMark, mode: safepoint, requested by thread 0x0000017a98123170


---------------  P R O C E S S  ---------------

Threads class SMR info:
_java_thread_list=0x0000017a97d38260, length=21, elements={
0x0000017a43a9fb90, 0x0000017a43aa0920, 0x0000017a43aaf2e0, 0x0000017a43ab0dc0,
0x0000017a43ab1890, 0x0000017a43ab5180, 0x0000017a43ab5e30, 0x0000017a43ab67f0,
0x0000017a43ab9110, 0x0000017a8904af50, 0x0000017a890fdcb0, 0x0000017a8910a770,
0x0000017a8910df70, 0x0000017a8915e880, 0x0000017a89337050, 0x0000017a89337530,
0x0000017a8933ba20, 0x0000017a893decf0, 0x0000017a255380a0, 0x0000017a980491d0,
0x0000017a98123170
}

Java Threads: ( => current thread )
  0x0000017a43a9fb90 JavaThread "Reference Handler" daemon [_thread_blocked, id=12232, stack(0x000000188ce00000,0x000000188cf00000)]
  0x0000017a43aa0920 JavaThread "Finalizer" daemon [_thread_blocked, id=21128, stack(0x000000188cf00000,0x000000188d000000)]
  0x0000017a43aaf2e0 JavaThread "Signal Dispatcher" daemon [_thread_blocked, id=10524, stack(0x000000188d000000,0x000000188d100000)]
  0x0000017a43ab0dc0 JavaThread "Attach Listener" daemon [_thread_blocked, id=9472, stack(0x000000188d100000,0x000000188d200000)]
  0x0000017a43ab1890 JavaThread "Service Thread" daemon [_thread_blocked, id=7440, stack(0x000000188d200000,0x000000188d300000)]
  0x0000017a43ab5180 JavaThread "Monitor Deflation Thread" daemon [_thread_blocked, id=10616, stack(0x000000188d300000,0x000000188d400000)]
  0x0000017a43ab5e30 JavaThread "C2 CompilerThread0" daemon [_thread_blocked, id=11096, stack(0x000000188d400000,0x000000188d500000)]
  0x0000017a43ab67f0 JavaThread "C1 CompilerThread0" daemon [_thread_blocked, id=21332, stack(0x000000188d500000,0x000000188d600000)]
  0x0000017a43ab9110 JavaThread "Sweeper thread" daemon [_thread_blocked, id=4544, stack(0x000000188d600000,0x000000188d700000)]
  0x0000017a8904af50 JavaThread "C1 CompilerThread1" daemon [_thread_blocked, id=6788, stack(0x000000188d700000,0x000000188d800000)]
  0x0000017a890fdcb0 JavaThread "Common-Cleaner" daemon [_thread_blocked, id=18800, stack(0x000000188d800000,0x000000188d900000)]
  0x0000017a8910a770 JavaThread "C1 CompilerThread2" daemon [_thread_blocked, id=23080, stack(0x000000188d900000,0x000000188da00000)]
  0x0000017a8910df70 JavaThread "C1 CompilerThread3" daemon [_thread_blocked, id=21796, stack(0x000000188da00000,0x000000188db00000)]
  0x0000017a8915e880 JavaThread "Notification Thread" daemon [_thread_blocked, id=20628, stack(0x000000188dc00000,0x000000188dd00000)]
  0x0000017a89337050 JavaThread "Java2D Disposer" daemon [_thread_blocked, id=9824, stack(0x000000188de00000,0x000000188df00000)]
  0x0000017a89337530 JavaThread "AWT-Shutdown" [_thread_blocked, id=1600, stack(0x000000188df00000,0x000000188e000000)]
  0x0000017a8933ba20 JavaThread "AWT-Windows" daemon [_thread_in_native, id=21756, stack(0x000000188e000000,0x000000188e100000)]
  0x0000017a893decf0 JavaThread "AWT-EventQueue-0" [_thread_blocked, id=13124, stack(0x000000188e100000,0x000000188e200000)]
  0x0000017a255380a0 JavaThread "DestroyJavaVM" [_thread_blocked, id=1564, stack(0x000000188c700000,0x000000188c800000)]
  0x0000017a980491d0 JavaThread "TimerQueue" daemon [_thread_blocked, id=22304, stack(0x000000188f200000,0x000000188f300000)]
  0x0000017a98123170 JavaThread "Image Fetcher 0" daemon [_thread_blocked, id=23428, stack(0x000000188f600000,0x000000188f700000)]

Other Threads:
=>0x0000017a43a98160 VMThread "VM Thread" [stack: 0x000000188cd00000,0x000000188ce00000] [id=11072]
  0x0000017a255ebcd0 WatcherThread [stack: 0x000000188dd00000,0x000000188de00000] [id=4884]
  0x0000017a2558f630 GCTaskThread "GC Thread#0" [stack: 0x000000188c800000,0x000000188c900000] [id=20824]
  0x0000017a98159c90 GCTaskThread "GC Thread#1" [stack: 0x000000188f700000,0x000000188f800000] [id=22264]
  0x0000017a98159f50 GCTaskThread "GC Thread#2" [stack: 0x000000188f800000,0x000000188f900000] [id=19548]
  0x0000017a98294d70 GCTaskThread "GC Thread#3" [stack: 0x000000188f900000,0x000000188fa00000] [id=18816]
  0x0000017a9827ccc0 GCTaskThread "GC Thread#4" [stack: 0x000000188fa00000,0x000000188fb00000] [id=11980]
  0x0000017a9830ee20 GCTaskThread "GC Thread#5" [stack: 0x000000188fb00000,0x000000188fc00000] [id=13696]
  0x0000017a9830e8a0 GCTaskThread "GC Thread#6" [stack: 0x000000188fc00000,0x000000188fd00000] [id=22228]
  0x0000017a9830f0e0 GCTaskThread "GC Thread#7" [stack: 0x000000188fd00000,0x000000188fe00000] [id=13952]
  0x0000017a9830f3a0 GCTaskThread "GC Thread#8" [stack: 0x000000188fe00000,0x000000188ff00000] [id=21000]
  0x0000017a9830f660 GCTaskThread "GC Thread#9" [stack: 0x000000188ff00000,0x0000001890000000] [id=16136]
  0x0000017a9830e320 GCTaskThread "GC Thread#10" [stack: 0x0000001890000000,0x0000001890100000] [id=20676]
  0x0000017a2559ed80 ConcurrentGCThread "G1 Main Marker" [stack: 0x000000188c900000,0x000000188ca00000] [id=15788]
  0x0000017a2559f790 ConcurrentGCThread "G1 Conc#0" [stack: 0x000000188ca00000,0x000000188cb00000] [id=2236]
  0x0000017a9830f920 ConcurrentGCThread "G1 Conc#1" [stack: 0x0000001890100000,0x0000001890200000] [id=3524]
  0x0000017a9830e5e0 ConcurrentGCThread "G1 Conc#2" [stack: 0x0000001890200000,0x0000001890300000] [id=13248]
  0x0000017a2560e5b0 ConcurrentGCThread "G1 Refine#0" [stack: 0x000000188cb00000,0x000000188cc00000] [id=21672]
  0x0000017a43955240 ConcurrentGCThread "G1 Service" [stack: 0x000000188cc00000,0x000000188cd00000] [id=19904]

Threads with active compile tasks:

VM state: at safepoint (normal execution)

VM Mutex/Monitor currently owned by a thread:  ([mutex/lock_event])
[0x0000017a25533dc0] Threads_lock - owner thread: 0x0000017a43a98160
[0x0000017a255338b0] Heap_lock - owner thread: 0x0000017a98123170

Heap address: 0x000000008c000000, size: 1856 MB, Compressed Oops mode: 32-bit

CDS archive(s) mapped at: [0x0000017a44000000-0x0000017a44bd0000-0x0000017a44bd0000), size 12386304, SharedBaseAddress: 0x0000017a44000000, ArchiveRelocationMode: 1.
Compressed class space mapped at: 0x0000017a45000000-0x0000017a85000000, reserved size: 1073741824
Narrow klass base: 0x0000017a44000000, Narrow klass shift: 0, Narrow klass range: 0x100000000

GC Precious Log:
 CPUs: 16 total, 16 available
 Memory: 7418M
 Large Page Support: Disabled
 NUMA Support: Disabled
 Compressed Oops: Enabled (32-bit)
 Heap Region Size: 1M
 Heap Min Capacity: 8M
 Heap Initial Capacity: 116M
 Heap Max Capacity: 1856M
 Pre-touch: Disabled
 Parallel Workers: 13
 Concurrent Workers: 3
 Concurrent Refinement Workers: 13
 Periodic GC: Disabled

Heap:
 garbage-first heap   total 206848K, used 122324K [0x000000008c000000, 0x0000000100000000)
  region size 1024K, 1 young (1024K), 1 survivors (1024K)
 Metaspace       used 10751K, committed 11008K, reserved 1114112K
  class space    used 1220K, committed 1344K, reserved 1048576K

Heap Regions: E=young(eden), S=young(survivor), O=old, HS=humongous(starts), HC=humongous(continues), CS=collection set, F=free, OA=open archive, CA=closed archive, TAMS=top-at-mark-start (previous, next)
|   0|0x000000008c000000, 0x000000008c100000, 0x000000008c100000|100%|HS|  |TAMS 0x000000008c100000, 0x000000008c100000| Complete 
|   1|0x000000008c100000, 0x000000008c200000, 0x000000008c200000|100%|HC|  |TAMS 0x000000008c200000, 0x000000008c200000| Complete 
|   2|0x000000008c200000, 0x000000008c300000, 0x000000008c300000|100%|HC|  |TAMS 0x000000008c300000, 0x000000008c300000| Complete 
|   3|0x000000008c300000, 0x000000008c400000, 0x000000008c400000|100%| O|  |TAMS 0x000000008c400000, 0x000000008c400000| Untracked 
|   4|0x000000008c400000, 0x000000008c500000, 0x000000008c500000|100%|HS|  |TAMS 0x000000008c500000, 0x000000008c500000| Complete 
|   5|0x000000008c500000, 0x000000008c600000, 0x000000008c600000|100%|HC|  |TAMS 0x000000008c600000, 0x000000008c600000| Complete 
|   6|0x000000008c600000, 0x000000008c700000, 0x000000008c700000|100%|HC|  |TAMS 0x000000008c700000, 0x000000008c700000| Complete 
|   7|0x000000008c700000, 0x000000008c800000, 0x000000008c800000|100%|HC|  |TAMS 0x000000008c800000, 0x000000008c800000| Complete 
|   8|0x000000008c800000, 0x000000008c900000, 0x000000008c900000|100%|HC|  |TAMS 0x000000008c900000, 0x000000008c900000| Complete 
|   9|0x000000008c900000, 0x000000008ca00000, 0x000000008ca00000|100%|HC|  |TAMS 0x000000008ca00000, 0x000000008ca00000| Complete 
|  10|0x000000008ca00000, 0x000000008cb00000, 0x000000008cb00000|100%|HC|  |TAMS 0x000000008cb00000, 0x000000008cb00000| Complete 
|  11|0x000000008cb00000, 0x000000008cc00000, 0x000000008cc00000|100%|HC|  |TAMS 0x000000008cc00000, 0x000000008cc00000| Complete 
|  12|0x000000008cc00000, 0x000000008cd00000, 0x000000008cd00000|100%|HC|  |TAMS 0x000000008cd00000, 0x000000008cd00000| Complete 
|  13|0x000000008cd00000, 0x000000008ce00000, 0x000000008ce00000|100%|HC|  |TAMS 0x000000008ce00000, 0x000000008ce00000| Complete 
|  14|0x000000008ce00000, 0x000000008cf00000, 0x000000008cf00000|100%|HC|  |TAMS 0x000000008cf00000, 0x000000008cf00000| Complete 
|  15|0x000000008cf00000, 0x000000008d000000, 0x000000008d000000|100%|HC|  |TAMS 0x000000008d000000, 0x000000008d000000| Complete 
|  16|0x000000008d000000, 0x000000008d100000, 0x000000008d100000|100%|HC|  |TAMS 0x000000008d100000, 0x000000008d100000| Complete 
|  17|0x000000008d100000, 0x000000008d200000, 0x000000008d200000|100%|HC|  |TAMS 0x000000008d200000, 0x000000008d200000| Complete 
|  18|0x000000008d200000, 0x000000008d300000, 0x000000008d300000|100%|HC|  |TAMS 0x000000008d300000, 0x000000008d300000| Complete 
|  19|0x000000008d300000, 0x000000008d400000, 0x000000008d400000|100%|HC|  |TAMS 0x000000008d400000, 0x000000008d400000| Complete 
|  20|0x000000008d400000, 0x000000008d500000, 0x000000008d500000|100%|HC|  |TAMS 0x000000008d500000, 0x000000008d500000| Complete 
|  21|0x000000008d500000, 0x000000008d600000, 0x000000008d600000|100%|HC|  |TAMS 0x000000008d600000, 0x000000008d600000| Complete 
|  22|0x000000008d600000, 0x000000008d700000, 0x000000008d700000|100%|HC|  |TAMS 0x000000008d700000, 0x000000008d700000| Complete 
|  23|0x000000008d700000, 0x000000008d800000, 0x000000008d800000|100%|HC|  |TAMS 0x000000008d800000, 0x000000008d800000| Complete 
|  24|0x000000008d800000, 0x000000008d900000, 0x000000008d900000|100%|HC|  |TAMS 0x000000008d900000, 0x000000008d900000| Complete 
|  25|0x000000008d900000, 0x000000008da00000, 0x000000008da00000|100%|HC|  |TAMS 0x000000008da00000, 0x000000008da00000| Complete 
|  26|0x000000008da00000, 0x000000008db00000, 0x000000008db00000|100%|HC|  |TAMS 0x000000008db00000, 0x000000008db00000| Complete 
|  27|0x000000008db00000, 0x000000008dc00000, 0x000000008dc00000|100%|HC|  |TAMS 0x000000008dc00000, 0x000000008dc00000| Complete 
|  28|0x000000008dc00000, 0x000000008dd00000, 0x000000008dd00000|100%|HC|  |TAMS 0x000000008dd00000, 0x000000008dd00000| Complete 
|  29|0x000000008dd00000, 0x000000008de00000, 0x000000008de00000|100%|HC|  |TAMS 0x000000008de00000, 0x000000008de00000| Complete 
|  30|0x000000008de00000, 0x000000008df00000, 0x000000008df00000|100%|HC|  |TAMS 0x000000008df00000, 0x000000008df00000| Complete 
|  31|0x000000008df00000, 0x000000008e000000, 0x000000008e000000|100%|HC|  |TAMS 0x000000008e000000, 0x000000008e000000| Complete 
|  32|0x000000008e000000, 0x000000008e100000, 0x000000008e100000|100%|HC|  |TAMS 0x000000008e100000, 0x000000008e100000| Complete 
|  33|0x000000008e100000, 0x000000008e200000, 0x000000008e200000|100%|HC|  |TAMS 0x000000008e200000, 0x000000008e200000| Complete 
|  34|0x000000008e200000, 0x000000008e300000, 0x000000008e300000|100%|HC|  |TAMS 0x000000008e300000, 0x000000008e300000| Complete 
|  35|0x000000008e300000, 0x000000008e400000, 0x000000008e400000|100%|HC|  |TAMS 0x000000008e400000, 0x000000008e400000| Complete 
|  36|0x000000008e400000, 0x000000008e500000, 0x000000008e500000|100%|HC|  |TAMS 0x000000008e500000, 0x000000008e500000| Complete 
|  37|0x000000008e500000, 0x000000008e600000, 0x000000008e600000|100%|HC|  |TAMS 0x000000008e600000, 0x000000008e600000| Complete 
|  38|0x000000008e600000, 0x000000008e700000, 0x000000008e700000|100%|HC|  |TAMS 0x000000008e700000, 0x000000008e700000| Complete 
|  39|0x000000008e700000, 0x000000008e800000, 0x000000008e800000|100%|HC|  |TAMS 0x000000008e800000, 0x000000008e800000| Complete 
|  40|0x000000008e800000, 0x000000008e900000, 0x000000008e900000|100%|HC|  |TAMS 0x000000008e900000, 0x000000008e900000| Complete 
|  41|0x000000008e900000, 0x000000008ea00000, 0x000000008ea00000|100%|HC|  |TAMS 0x000000008ea00000, 0x000000008ea00000| Complete 
|  42|0x000000008ea00000, 0x000000008eb00000, 0x000000008eb00000|100%|HC|  |TAMS 0x000000008eb00000, 0x000000008eb00000| Complete 
|  43|0x000000008eb00000, 0x000000008ec00000, 0x000000008ec00000|100%|HC|  |TAMS 0x000000008ec00000, 0x000000008ec00000| Complete 
|  44|0x000000008ec00000, 0x000000008ed00000, 0x000000008ed00000|100%|HC|  |TAMS 0x000000008ed00000, 0x000000008ed00000| Complete 
|  45|0x000000008ed00000, 0x000000008ee00000, 0x000000008ee00000|100%|HC|  |TAMS 0x000000008ee00000, 0x000000008ee00000| Complete 
|  46|0x000000008ee00000, 0x000000008ef00000, 0x000000008ef00000|100%|HC|  |TAMS 0x000000008ef00000, 0x000000008ef00000| Complete 
|  47|0x000000008ef00000, 0x000000008f000000, 0x000000008f000000|100%|HC|  |TAMS 0x000000008f000000, 0x000000008f000000| Complete 
|  48|0x000000008f000000, 0x000000008f100000, 0x000000008f100000|100%|HC|  |TAMS 0x000000008f100000, 0x000000008f100000| Complete 
|  49|0x000000008f100000, 0x000000008f200000, 0x000000008f200000|100%|HC|  |TAMS 0x000000008f200000, 0x000000008f200000| Complete 
|  50|0x000000008f200000, 0x000000008f300000, 0x000000008f300000|100%|HC|  |TAMS 0x000000008f300000, 0x000000008f300000| Complete 
|  51|0x000000008f300000, 0x000000008f400000, 0x000000008f400000|100%|HC|  |TAMS 0x000000008f400000, 0x000000008f400000| Complete 
|  52|0x000000008f400000, 0x000000008f500000, 0x000000008f500000|100%|HC|  |TAMS 0x000000008f500000, 0x000000008f500000| Complete 
|  53|0x000000008f500000, 0x000000008f600000, 0x000000008f600000|100%|HC|  |TAMS 0x000000008f600000, 0x000000008f600000| Complete 
|  54|0x000000008f600000, 0x000000008f700000, 0x000000008f700000|100%|HC|  |TAMS 0x000000008f700000, 0x000000008f700000| Complete 
|  55|0x000000008f700000, 0x000000008f800000, 0x000000008f800000|100%|HC|  |TAMS 0x000000008f800000, 0x000000008f800000| Complete 
|  56|0x000000008f800000, 0x000000008f900000, 0x000000008f900000|100%|HC|  |TAMS 0x000000008f900000, 0x000000008f900000| Complete 
|  57|0x000000008f900000, 0x000000008fa00000, 0x000000008fa00000|100%|HC|  |TAMS 0x000000008fa00000, 0x000000008fa00000| Complete 
|  58|0x000000008fa00000, 0x000000008fb00000, 0x000000008fb00000|100%|HC|  |TAMS 0x000000008fb00000, 0x000000008fb00000| Complete 
|  59|0x000000008fb00000, 0x000000008fc00000, 0x000000008fc00000|100%|HC|  |TAMS 0x000000008fc00000, 0x000000008fc00000| Complete 
|  60|0x000000008fc00000, 0x000000008fd00000, 0x000000008fd00000|100%|HC|  |TAMS 0x000000008fd00000, 0x000000008fd00000| Complete 
|  61|0x000000008fd00000, 0x000000008fe00000, 0x000000008fe00000|100%|HC|  |TAMS 0x000000008fe00000, 0x000000008fe00000| Complete 
|  62|0x000000008fe00000, 0x000000008ff00000, 0x000000008ff00000|100%|HC|  |TAMS 0x000000008ff00000, 0x000000008ff00000| Complete 
|  63|0x000000008ff00000, 0x0000000090000000, 0x0000000090000000|100%|HC|  |TAMS 0x0000000090000000, 0x0000000090000000| Complete 
|  64|0x0000000090000000, 0x0000000090100000, 0x0000000090100000|100%|HC|  |TAMS 0x0000000090100000, 0x0000000090100000| Complete 
|  65|0x0000000090100000, 0x0000000090200000, 0x0000000090200000|100%|HC|  |TAMS 0x0000000090200000, 0x0000000090200000| Complete 
|  66|0x0000000090200000, 0x0000000090300000, 0x0000000090300000|100%|HC|  |TAMS 0x0000000090300000, 0x0000000090300000| Complete 
|  67|0x0000000090300000, 0x0000000090400000, 0x0000000090400000|100%|HC|  |TAMS 0x0000000090400000, 0x0000000090400000| Complete 
|  68|0x0000000090400000, 0x0000000090500000, 0x0000000090500000|100%|HC|  |TAMS 0x0000000090500000, 0x0000000090500000| Complete 
|  69|0x0000000090500000, 0x0000000090600000, 0x0000000090600000|100%|HC|  |TAMS 0x0000000090600000, 0x0000000090600000| Complete 
|  70|0x0000000090600000, 0x0000000090700000, 0x0000000090700000|100%|HC|  |TAMS 0x0000000090700000, 0x0000000090700000| Complete 
|  71|0x0000000090700000, 0x0000000090800000, 0x0000000090800000|100%|HC|  |TAMS 0x0000000090800000, 0x0000000090800000| Complete 
|  72|0x0000000090800000, 0x0000000090900000, 0x0000000090900000|100%|HC|  |TAMS 0x0000000090900000, 0x0000000090900000| Complete 
|  73|0x0000000090900000, 0x0000000090a00000, 0x0000000090a00000|100%|HC|  |TAMS 0x0000000090a00000, 0x0000000090a00000| Complete 
|  74|0x0000000090a00000, 0x0000000090b00000, 0x0000000090b00000|100%|HC|  |TAMS 0x0000000090b00000, 0x0000000090b00000| Complete 
|  75|0x0000000090b00000, 0x0000000090c00000, 0x0000000090c00000|100%|HC|  |TAMS 0x0000000090c00000, 0x0000000090c00000| Complete 
|  76|0x0000000090c00000, 0x0000000090d00000, 0x0000000090d00000|100%|HC|  |TAMS 0x0000000090d00000, 0x0000000090d00000| Complete 
|  77|0x0000000090d00000, 0x0000000090e00000, 0x0000000090e00000|100%|HC|  |TAMS 0x0000000090e00000, 0x0000000090e00000| Complete 
|  78|0x0000000090e00000, 0x0000000090f00000, 0x0000000090f00000|100%|HC|  |TAMS 0x0000000090f00000, 0x0000000090f00000| Complete 
|  79|0x0000000090f00000, 0x0000000091000000, 0x0000000091000000|100%|HC|  |TAMS 0x0000000091000000, 0x0000000091000000| Complete 
|  80|0x0000000091000000, 0x0000000091100000, 0x0000000091100000|100%|HC|  |TAMS 0x0000000091100000, 0x0000000091100000| Complete 
|  81|0x0000000091100000, 0x0000000091200000, 0x0000000091200000|100%|HC|  |TAMS 0x0000000091200000, 0x0000000091200000| Complete 
|  82|0x0000000091200000, 0x0000000091300000, 0x0000000091300000|100%|HC|  |TAMS 0x0000000091300000, 0x0000000091300000| Complete 
|  83|0x0000000091300000, 0x0000000091400000, 0x0000000091400000|100%|HC|  |TAMS 0x0000000091400000, 0x0000000091400000| Complete 
|  84|0x0000000091400000, 0x0000000091500000, 0x0000000091500000|100%|HC|  |TAMS 0x0000000091500000, 0x0000000091500000| Complete 
|  85|0x0000000091500000, 0x0000000091600000, 0x0000000091600000|100%| O|  |TAMS 0x0000000091600000, 0x0000000091600000| Untracked 
|  86|0x0000000091600000, 0x0000000091700000, 0x0000000091700000|100%| O|  |TAMS 0x0000000091700000, 0x0000000091700000| Untracked 
|  87|0x0000000091700000, 0x00000000917fea00, 0x0000000091800000| 99%| O|  |TAMS 0x00000000917fea00, 0x00000000917fea00| Untracked 
|  88|0x0000000091800000, 0x0000000091900000, 0x0000000091900000|100%|HS|  |TAMS 0x0000000091900000, 0x0000000091900000| Complete 
|  89|0x0000000091900000, 0x0000000091a00000, 0x0000000091a00000|100%|HC|  |TAMS 0x0000000091a00000, 0x0000000091a00000| Complete 
|  90|0x0000000091a00000, 0x0000000091b00000, 0x0000000091b00000|100%|HC|  |TAMS 0x0000000091b00000, 0x0000000091b00000| Complete 
|  91|0x0000000091b00000, 0x0000000091c00000, 0x0000000091c00000|100%|HC|  |TAMS 0x0000000091c00000, 0x0000000091c00000| Complete 
|  92|0x0000000091c00000, 0x0000000091d00000, 0x0000000091d00000|100%|HS|  |TAMS 0x0000000091d00000, 0x0000000091d00000| Complete 
|  93|0x0000000091d00000, 0x0000000091e00000, 0x0000000091e00000|100%|HC|  |TAMS 0x0000000091e00000, 0x0000000091e00000| Complete 
|  94|0x0000000091e00000, 0x0000000091f00000, 0x0000000091f00000|100%|HC|  |TAMS 0x0000000091f00000, 0x0000000091f00000| Complete 
|  95|0x0000000091f00000, 0x0000000092000000, 0x0000000092000000|100%|HC|  |TAMS 0x0000000092000000, 0x0000000092000000| Complete 
|  96|0x0000000092000000, 0x0000000092100000, 0x0000000092100000|100%|HC|  |TAMS 0x0000000092100000, 0x0000000092100000| Complete 
|  97|0x0000000092100000, 0x0000000092200000, 0x0000000092200000|100%|HC|  |TAMS 0x0000000092200000, 0x0000000092200000| Complete 
|  98|0x0000000092200000, 0x0000000092300000, 0x0000000092300000|100%|HC|  |TAMS 0x0000000092300000, 0x0000000092300000| Complete 
|  99|0x0000000092300000, 0x0000000092400000, 0x0000000092400000|100%|HC|  |TAMS 0x0000000092400000, 0x0000000092400000| Complete 
| 100|0x0000000092400000, 0x0000000092500000, 0x0000000092500000|100%|HC|  |TAMS 0x0000000092500000, 0x0000000092500000| Complete 
| 101|0x0000000092500000, 0x0000000092600000, 0x0000000092600000|100%|HC|  |TAMS 0x0000000092600000, 0x0000000092600000| Complete 
| 102|0x0000000092600000, 0x0000000092700000, 0x0000000092700000|100%|HC|  |TAMS 0x0000000092700000, 0x0000000092700000| Complete 
| 103|0x0000000092700000, 0x0000000092800000, 0x0000000092800000|100%|HC|  |TAMS 0x0000000092800000, 0x0000000092800000| Complete 
| 104|0x0000000092800000, 0x0000000092900000, 0x0000000092900000|100%|HC|  |TAMS 0x0000000092900000, 0x0000000092900000| Complete 
| 105|0x0000000092900000, 0x0000000092a00000, 0x0000000092a00000|100%|HS|  |TAMS 0x0000000092a00000, 0x0000000092a00000| Complete 
| 106|0x0000000092a00000, 0x0000000092b00000, 0x0000000092b00000|100%|HC|  |TAMS 0x0000000092b00000, 0x0000000092b00000| Complete 
| 107|0x0000000092b00000, 0x0000000092c00000, 0x0000000092c00000|100%|HS|  |TAMS 0x0000000092c00000, 0x0000000092c00000| Complete 
| 108|0x0000000092c00000, 0x0000000092d00000, 0x0000000092d00000|100%|HC|  |TAMS 0x0000000092d00000, 0x0000000092d00000| Complete 
| 109|0x0000000092d00000, 0x0000000092e00000, 0x0000000092e00000|100%|HS|  |TAMS 0x0000000092e00000, 0x0000000092e00000| Complete 
| 110|0x0000000092e00000, 0x0000000092f00000, 0x0000000092f00000|100%|HS|  |TAMS 0x0000000092f00000, 0x0000000092f00000| Complete 
| 111|0x0000000092f00000, 0x0000000093000000, 0x0000000093000000|100%|HC|  |TAMS 0x0000000093000000, 0x0000000093000000| Complete 
| 112|0x0000000093000000, 0x0000000093100000, 0x0000000093100000|100%|HC|  |TAMS 0x0000000093100000, 0x0000000093100000| Complete 
| 113|0x0000000093100000, 0x0000000093200000, 0x0000000093200000|100%|HC|  |TAMS 0x0000000093200000, 0x0000000093200000| Complete 
| 114|0x0000000093200000, 0x0000000093300000, 0x0000000093300000|100%|HS|  |TAMS 0x0000000093200000, 0x0000000093300000| Complete 
| 115|0x0000000093300000, 0x0000000093400000, 0x0000000093400000|100%|HC|  |TAMS 0x0000000093300000, 0x0000000093400000| Complete 
| 116|0x0000000093400000, 0x0000000093500000, 0x0000000093500000|100%|HC|  |TAMS 0x0000000093400000, 0x0000000093500000| Complete 
| 117|0x0000000093500000, 0x0000000093600000, 0x0000000093600000|100%|HC|  |TAMS 0x0000000093500000, 0x0000000093600000| Complete 
| 118|0x0000000093600000, 0x0000000093700000, 0x0000000093700000|100%|HC|  |TAMS 0x0000000093600000, 0x0000000093700000| Complete 
| 119|0x0000000093700000, 0x0000000093700000, 0x0000000093800000|  0%| F|  |TAMS 0x0000000093700000, 0x0000000093700000| Untracked 
| 120|0x0000000093800000, 0x0000000093800000, 0x0000000093900000|  0%| F|  |TAMS 0x0000000093800000, 0x0000000093800000| Untracked 
| 121|0x0000000093900000, 0x0000000093900000, 0x0000000093a00000|  0%| F|  |TAMS 0x0000000093900000, 0x0000000093900000| Untracked 
| 122|0x0000000093a00000, 0x0000000093a00000, 0x0000000093b00000|  0%| F|  |TAMS 0x0000000093a00000, 0x0000000093a00000| Untracked 
| 123|0x0000000093b00000, 0x0000000093b00000, 0x0000000093c00000|  0%| F|  |TAMS 0x0000000093b00000, 0x0000000093b00000| Untracked 
| 124|0x0000000093c00000, 0x0000000093c00000, 0x0000000093d00000|  0%| F|  |TAMS 0x0000000093c00000, 0x0000000093c00000| Untracked 
| 125|0x0000000093d00000, 0x0000000093d00000, 0x0000000093e00000|  0%| F|  |TAMS 0x0000000093d00000, 0x0000000093d00000| Untracked 
| 126|0x0000000093e00000, 0x0000000093e00000, 0x0000000093f00000|  0%| F|  |TAMS 0x0000000093e00000, 0x0000000093e00000| Untracked 
| 127|0x0000000093f00000, 0x0000000093f00000, 0x0000000094000000|  0%| F|  |TAMS 0x0000000093f00000, 0x0000000093f00000| Untracked 
| 128|0x0000000094000000, 0x0000000094000000, 0x0000000094100000|  0%| F|  |TAMS 0x0000000094000000, 0x0000000094000000| Untracked 
| 129|0x0000000094100000, 0x0000000094100000, 0x0000000094200000|  0%| F|  |TAMS 0x0000000094100000, 0x0000000094100000| Untracked 
| 130|0x0000000094200000, 0x0000000094200000, 0x0000000094300000|  0%| F|  |TAMS 0x0000000094200000, 0x0000000094200000| Untracked 
| 131|0x0000000094300000, 0x0000000094300000, 0x0000000094400000|  0%| F|  |TAMS 0x0000000094300000, 0x0000000094300000| Untracked 
| 132|0x0000000094400000, 0x0000000094400000, 0x0000000094500000|  0%| F|  |TAMS 0x0000000094400000, 0x0000000094400000| Untracked 
| 133|0x0000000094500000, 0x0000000094500000, 0x0000000094600000|  0%| F|  |TAMS 0x0000000094500000, 0x0000000094500000| Untracked 
| 134|0x0000000094600000, 0x0000000094600000, 0x0000000094700000|  0%| F|  |TAMS 0x0000000094600000, 0x0000000094600000| Untracked 
| 135|0x0000000094700000, 0x0000000094700000, 0x0000000094800000|  0%| F|  |TAMS 0x0000000094700000, 0x0000000094700000| Untracked 
| 136|0x0000000094800000, 0x0000000094800000, 0x0000000094900000|  0%| F|  |TAMS 0x0000000094800000, 0x0000000094800000| Untracked 
| 137|0x0000000094900000, 0x0000000094900000, 0x0000000094a00000|  0%| F|  |TAMS 0x0000000094900000, 0x0000000094900000| Untracked 
| 138|0x0000000094a00000, 0x0000000094a00000, 0x0000000094b00000|  0%| F|  |TAMS 0x0000000094a00000, 0x0000000094a00000| Untracked 
| 139|0x0000000094b00000, 0x0000000094b00000, 0x0000000094c00000|  0%| F|  |TAMS 0x0000000094b00000, 0x0000000094b00000| Untracked 
| 140|0x0000000094c00000, 0x0000000094c00000, 0x0000000094d00000|  0%| F|  |TAMS 0x0000000094c00000, 0x0000000094c00000| Untracked 
| 141|0x0000000094d00000, 0x0000000094d00000, 0x0000000094e00000|  0%| F|  |TAMS 0x0000000094d00000, 0x0000000094d00000| Untracked 
| 142|0x0000000094e00000, 0x0000000094e00000, 0x0000000094f00000|  0%| F|  |TAMS 0x0000000094e00000, 0x0000000094e00000| Untracked 
| 143|0x0000000094f00000, 0x0000000094f00000, 0x0000000095000000|  0%| F|  |TAMS 0x0000000094f00000, 0x0000000094f00000| Untracked 
| 144|0x0000000095000000, 0x0000000095000000, 0x0000000095100000|  0%| F|  |TAMS 0x0000000095000000, 0x0000000095000000| Untracked 
| 145|0x0000000095100000, 0x0000000095100000, 0x0000000095200000|  0%| F|  |TAMS 0x0000000095100000, 0x0000000095100000| Untracked 
| 146|0x0000000095200000, 0x0000000095200000, 0x0000000095300000|  0%| F|  |TAMS 0x0000000095200000, 0x0000000095200000| Untracked 
| 147|0x0000000095300000, 0x0000000095300000, 0x0000000095400000|  0%| F|  |TAMS 0x0000000095300000, 0x0000000095300000| Untracked 
| 148|0x0000000095400000, 0x0000000095400000, 0x0000000095500000|  0%| F|  |TAMS 0x0000000095400000, 0x0000000095400000| Untracked 
| 149|0x0000000095500000, 0x0000000095500000, 0x0000000095600000|  0%| F|  |TAMS 0x0000000095500000, 0x0000000095500000| Untracked 
| 150|0x0000000095600000, 0x0000000095600000, 0x0000000095700000|  0%| F|  |TAMS 0x0000000095600000, 0x0000000095600000| Untracked 
| 151|0x0000000095700000, 0x0000000095700000, 0x0000000095800000|  0%| F|  |TAMS 0x0000000095700000, 0x0000000095700000| Untracked 
| 152|0x0000000095800000, 0x0000000095800000, 0x0000000095900000|  0%| F|  |TAMS 0x0000000095800000, 0x0000000095800000| Untracked 
| 153|0x0000000095900000, 0x0000000095900000, 0x0000000095a00000|  0%| F|  |TAMS 0x0000000095900000, 0x0000000095900000| Untracked 
| 154|0x0000000095a00000, 0x0000000095a00000, 0x0000000095b00000|  0%| F|  |TAMS 0x0000000095a00000, 0x0000000095a00000| Untracked 
| 155|0x0000000095b00000, 0x0000000095b00000, 0x0000000095c00000|  0%| F|  |TAMS 0x0000000095b00000, 0x0000000095b00000| Untracked 
| 156|0x0000000095c00000, 0x0000000095c00000, 0x0000000095d00000|  0%| F|  |TAMS 0x0000000095c00000, 0x0000000095c00000| Untracked 
| 157|0x0000000095d00000, 0x0000000095d00000, 0x0000000095e00000|  0%| F|  |TAMS 0x0000000095d00000, 0x0000000095d00000| Untracked 
| 158|0x0000000095e00000, 0x0000000095e00000, 0x0000000095f00000|  0%| F|  |TAMS 0x0000000095e00000, 0x0000000095e00000| Untracked 
| 159|0x0000000095f00000, 0x0000000095f00000, 0x0000000096000000|  0%| F|  |TAMS 0x0000000095f00000, 0x0000000095f00000| Untracked 
| 160|0x0000000096000000, 0x0000000096000000, 0x0000000096100000|  0%| F|  |TAMS 0x0000000096000000, 0x0000000096000000| Untracked 
| 161|0x0000000096100000, 0x0000000096100000, 0x0000000096200000|  0%| F|  |TAMS 0x0000000096100000, 0x0000000096100000| Untracked 
| 162|0x0000000096200000, 0x0000000096200000, 0x0000000096300000|  0%| F|  |TAMS 0x0000000096200000, 0x0000000096200000| Untracked 
| 163|0x0000000096300000, 0x0000000096300000, 0x0000000096400000|  0%| F|  |TAMS 0x0000000096300000, 0x0000000096300000| Untracked 
| 164|0x0000000096400000, 0x0000000096400000, 0x0000000096500000|  0%| F|  |TAMS 0x0000000096400000, 0x0000000096400000| Untracked 
| 165|0x0000000096500000, 0x0000000096500000, 0x0000000096600000|  0%| F|  |TAMS 0x0000000096500000, 0x0000000096500000| Untracked 
| 166|0x0000000096600000, 0x0000000096600000, 0x0000000096700000|  0%| F|  |TAMS 0x0000000096600000, 0x0000000096600000| Untracked 
| 167|0x0000000096700000, 0x0000000096700000, 0x0000000096800000|  0%| F|  |TAMS 0x0000000096700000, 0x0000000096700000| Untracked 
| 168|0x0000000096800000, 0x0000000096800000, 0x0000000096900000|  0%| F|  |TAMS 0x0000000096800000, 0x0000000096800000| Untracked 
| 169|0x0000000096900000, 0x0000000096900000, 0x0000000096a00000|  0%| F|  |TAMS 0x0000000096900000, 0x0000000096900000| Untracked 
| 170|0x0000000096a00000, 0x0000000096a00000, 0x0000000096b00000|  0%| F|  |TAMS 0x0000000096a00000, 0x0000000096a00000| Untracked 
| 171|0x0000000096b00000, 0x0000000096b00000, 0x0000000096c00000|  0%| F|  |TAMS 0x0000000096b00000, 0x0000000096b00000| Untracked 
| 172|0x0000000096c00000, 0x0000000096c00000, 0x0000000096d00000|  0%| F|  |TAMS 0x0000000096c00000, 0x0000000096c00000| Untracked 
| 173|0x0000000096d00000, 0x0000000096d00000, 0x0000000096e00000|  0%| F|  |TAMS 0x0000000096d00000, 0x0000000096d00000| Untracked 
| 174|0x0000000096e00000, 0x0000000096e00000, 0x0000000096f00000|  0%| F|  |TAMS 0x0000000096e00000, 0x0000000096e00000| Untracked 
| 175|0x0000000096f00000, 0x0000000096f00000, 0x0000000097000000|  0%| F|  |TAMS 0x0000000096f00000, 0x0000000096f00000| Untracked 
| 176|0x0000000097000000, 0x0000000097000000, 0x0000000097100000|  0%| F|  |TAMS 0x0000000097000000, 0x0000000097000000| Untracked 
| 177|0x0000000097100000, 0x0000000097100000, 0x0000000097200000|  0%| F|  |TAMS 0x0000000097100000, 0x0000000097100000| Untracked 
| 178|0x0000000097200000, 0x0000000097200000, 0x0000000097300000|  0%| F|  |TAMS 0x0000000097200000, 0x0000000097200000| Untracked 
| 179|0x0000000097300000, 0x0000000097300000, 0x0000000097400000|  0%| F|  |TAMS 0x0000000097300000, 0x0000000097300000| Untracked 
| 180|0x0000000097400000, 0x0000000097400000, 0x0000000097500000|  0%| F|  |TAMS 0x0000000097400000, 0x0000000097400000| Untracked 
| 181|0x0000000097500000, 0x0000000097500000, 0x0000000097600000|  0%| F|  |TAMS 0x0000000097500000, 0x0000000097500000| Untracked 
| 182|0x0000000097600000, 0x0000000097600000, 0x0000000097700000|  0%| F|  |TAMS 0x0000000097600000, 0x0000000097600000| Untracked 
| 183|0x0000000097700000, 0x0000000097700000, 0x0000000097800000|  0%| F|  |TAMS 0x0000000097700000, 0x0000000097700000| Untracked 
| 184|0x0000000097800000, 0x0000000097800000, 0x0000000097900000|  0%| F|  |TAMS 0x0000000097800000, 0x0000000097800000| Untracked 
| 185|0x0000000097900000, 0x0000000097900000, 0x0000000097a00000|  0%| F|  |TAMS 0x0000000097900000, 0x0000000097900000| Untracked 
| 186|0x0000000097a00000, 0x0000000097a00000, 0x0000000097b00000|  0%| F|  |TAMS 0x0000000097a00000, 0x0000000097a00000| Untracked 
| 187|0x0000000097b00000, 0x0000000097b00000, 0x0000000097c00000|  0%| F|  |TAMS 0x0000000097b00000, 0x0000000097b00000| Untracked 
| 188|0x0000000097c00000, 0x0000000097c00000, 0x0000000097d00000|  0%| F|  |TAMS 0x0000000097c00000, 0x0000000097c00000| Untracked 
| 189|0x0000000097d00000, 0x0000000097d00000, 0x0000000097e00000|  0%| F|  |TAMS 0x0000000097d00000, 0x0000000097d00000| Untracked 
| 190|0x0000000097e00000, 0x0000000097e00000, 0x0000000097f00000|  0%| F|  |TAMS 0x0000000097e00000, 0x0000000097e00000| Untracked 
| 191|0x0000000097f00000, 0x0000000097f00000, 0x0000000098000000|  0%| F|  |TAMS 0x0000000097f00000, 0x0000000097f00000| Untracked 
| 192|0x0000000098000000, 0x0000000098000000, 0x0000000098100000|  0%| F|  |TAMS 0x0000000098000000, 0x0000000098000000| Untracked 
| 193|0x0000000098100000, 0x0000000098100000, 0x0000000098200000|  0%| F|  |TAMS 0x0000000098100000, 0x0000000098100000| Untracked 
| 194|0x0000000098200000, 0x0000000098200000, 0x0000000098300000|  0%| F|  |TAMS 0x0000000098200000, 0x0000000098200000| Untracked 
| 195|0x0000000098300000, 0x0000000098300000, 0x0000000098400000|  0%| F|  |TAMS 0x0000000098300000, 0x0000000098300000| Untracked 
| 196|0x0000000098400000, 0x0000000098476600, 0x0000000098500000| 46%| S|CS|TAMS 0x0000000098400000, 0x0000000098400000| Complete 
| 197|0x0000000098500000, 0x0000000098500000, 0x0000000098600000|  0%| F|  |TAMS 0x0000000098500000, 0x0000000098500000| Untracked 
| 198|0x0000000098600000, 0x0000000098600000, 0x0000000098700000|  0%| F|  |TAMS 0x0000000098600000, 0x0000000098600000| Untracked 
| 199|0x0000000098700000, 0x0000000098700000, 0x0000000098800000|  0%| F|  |TAMS 0x0000000098700000, 0x0000000098700000| Untracked 
| 200|0x0000000098800000, 0x0000000098800000, 0x0000000098900000|  0%| F|  |TAMS 0x0000000098800000, 0x0000000098800000| Untracked 
| 201|0x0000000098900000, 0x0000000098900000, 0x0000000098a00000|  0%| F|  |TAMS 0x0000000098900000, 0x0000000098900000| Untracked 

Card table byte_map: [0x0000017a3ca00000,0x0000017a3cda0000] _byte_map_base: 0x0000017a3c5a0000

Marking Bits (Prev, Next): (CMBitMap*) 0x0000017a2558fc90, (CMBitMap*) 0x0000017a2558fc50
 Prev Bits: [0x0000017a3ee40000, 0x0000017a40b40000)
 Next Bits: [0x0000017a3d140000, 0x0000017a3ee40000)

Polling page: 0x0000017a23470000

Metaspace:

Usage:
  Non-class:      9.31 MB used.
      Class:      1.19 MB used.
       Both:     10.50 MB used.

Virtual space:
  Non-class space:       64.00 MB reserved,       9.44 MB ( 15%) committed,  1 nodes.
      Class space:        1.00 GB reserved,       1.31 MB ( <1%) committed,  1 nodes.
             Both:        1.06 GB reserved,      10.75 MB ( <1%) committed. 

Chunk freelists:
   Non-Class:  6.47 MB
       Class:  14.73 MB
        Both:  21.20 MB

MaxMetaspaceSize: unlimited
CompressedClassSpaceSize: 1.00 GB
Initial GC threshold: 21.00 MB
Current GC threshold: 21.00 MB
CDS: on
MetaspaceReclaimPolicy: balanced
 - commit_granule_bytes: 65536.
 - commit_granule_words: 8192.
 - virtual_space_node_default_size: 8388608.
 - enlarge_chunks_in_place: 1.
 - new_chunks_are_fully_committed: 0.
 - uncommit_free_chunks: 1.
 - use_allocation_guard: 0.
 - handle_deallocations: 1.


Internal statistics:

num_allocs_failed_limit: 0.
num_arena_births: 120.
num_arena_deaths: 0.
num_vsnodes_births: 2.
num_vsnodes_deaths: 0.
num_space_committed: 172.
num_space_uncommitted: 0.
num_chunks_returned_to_freelist: 0.
num_chunks_taken_from_freelist: 180.
num_chunk_merges: 0.
num_chunk_splits: 96.
num_chunks_enlarged: 31.
num_inconsistent_stats: 0.

CodeHeap 'non-profiled nmethods': size=119168Kb used=482Kb max_used=482Kb free=118685Kb
 bounds [0x0000017a34980000, 0x0000017a34bf0000, 0x0000017a3bde0000]
CodeHeap 'profiled nmethods': size=119104Kb used=3136Kb max_used=3136Kb free=115967Kb
 bounds [0x0000017a2cde0000, 0x0000017a2d100000, 0x0000017a34230000]
CodeHeap 'non-nmethods': size=7488Kb used=2986Kb max_used=3009Kb free=4501Kb
 bounds [0x0000017a34230000, 0x0000017a34530000, 0x0000017a34980000]
 total_blobs=2388 nmethods=1758 adapters=539
 compilation: enabled
              stopped_count=0, restarted_count=0
 full_count=0

Compilation events (20 events):
Event: 1.154 Thread 0x0000017a43ab5e30 1748  s    4       sun.awt.image.InputStreamImageSource::doneDecoding (25 bytes)
Event: 1.155 Thread 0x0000017a43ab5e30 nmethod 1748 0x0000017a349f5a90 code [0x0000017a349f5c20, 0x0000017a349f5f28]
Event: 1.158 Thread 0x0000017a43ab5e30 1750       4       java.io.BufferedInputStream::read1 (108 bytes)
Event: 1.160 Thread 0x0000017a43ab5e30 nmethod 1750 0x0000017a349f6410 code [0x0000017a349f65a0, 0x0000017a349f67e8]
Event: 1.161 Thread 0x0000017a8910df70 1751       3       java.io.FileInputStream::read (8 bytes)
Event: 1.161 Thread 0x0000017a8910df70 nmethod 1751 0x0000017a2d0ee510 code [0x0000017a2d0ee6a0, 0x0000017a2d0ee7e8]
Event: 1.162 Thread 0x0000017a43ab5e30 1752  s    4       java.io.BufferedInputStream::read (113 bytes)
Event: 1.169 Thread 0x0000017a43ab5e30 nmethod 1752 0x0000017a349f6a10 code [0x0000017a349f6be0, 0x0000017a349f7408]
Event: 1.184 Thread 0x0000017a43ab5e30 1753       4       java.nio.DirectIntBufferU::ix (10 bytes)
Event: 1.184 Thread 0x0000017a43ab5e30 nmethod 1753 0x0000017a349f7990 code [0x0000017a349f7b00, 0x0000017a349f7b78]
Event: 1.185 Thread 0x0000017a43ab5e30 1754       4       java.lang.String::indexOf (7 bytes)
Event: 1.185 Thread 0x0000017a43ab67f0 1755       3       java.lang.StringBuilder::<init> (6 bytes)
Event: 1.185 Thread 0x0000017a43ab67f0 nmethod 1755 0x0000017a2d0ee890 code [0x0000017a2d0eea20, 0x0000017a2d0eeb68]
Event: 1.187 Thread 0x0000017a43ab5e30 nmethod 1754 0x0000017a349f7c90 code [0x0000017a349f7e00, 0x0000017a349f7fd8]
Event: 1.199 Thread 0x0000017a8904af50 1756       3       java.io.BufferedInputStream::fill (203 bytes)
Event: 1.200 Thread 0x0000017a8904af50 nmethod 1756 0x0000017a2d0eec10 code [0x0000017a2d0eee80, 0x0000017a2d0efae8]
Event: 1.207 Thread 0x0000017a43ab5e30 1757       4       java.lang.AbstractStringBuilder::append (77 bytes)
Event: 1.208 Thread 0x0000017a8910a770 1758       3       java.util.Calendar::internalGet (7 bytes)
Event: 1.208 Thread 0x0000017a8910a770 nmethod 1758 0x0000017a2d0efe90 code [0x0000017a2d0f0020, 0x0000017a2d0f0158]
Event: 1.211 Thread 0x0000017a43ab5e30 nmethod 1757 0x0000017a349f8110 code [0x0000017a349f82c0, 0x0000017a349f8898]

GC Heap History (20 events):
Event: 0.880 GC heap after
{Heap after GC invocations=3 (full 0):
 garbage-first heap   total 118784K, used 90182K [0x000000008c000000, 0x0000000100000000)
  region size 1024K, 1 young (1024K), 1 survivors (1024K)
 Metaspace       used 10751K, committed 11008K, reserved 1114112K
  class space    used 1220K, committed 1344K, reserved 1048576K
}
Event: 0.903 GC heap before
{Heap before GC invocations=4 (full 0):
 garbage-first heap   total 157696K, used 99398K [0x000000008c000000, 0x0000000100000000)
  region size 1024K, 11 young (11264K), 1 survivors (1024K)
 Metaspace       used 10751K, committed 11008K, reserved 1114112K
  class space    used 1220K, committed 1344K, reserved 1048576K
}
Event: 0.903 GC heap after
{Heap after GC invocations=5 (full 0):
 garbage-first heap   total 157696K, used 90125K [0x000000008c000000, 0x0000000100000000)
  region size 1024K, 1 young (1024K), 1 survivors (1024K)
 Metaspace       used 10751K, committed 11008K, reserved 1114112K
  class space    used 1220K, committed 1344K, reserved 1048576K
}
Event: 0.986 GC heap before
{Heap before GC invocations=5 (full 0):
 garbage-first heap   total 157696K, used 133133K [0x000000008c000000, 0x0000000100000000)
  region size 1024K, 44 young (45056K), 1 survivors (1024K)
 Metaspace       used 10751K, committed 11008K, reserved 1114112K
  class space    used 1220K, committed 1344K, reserved 1048576K
}
Event: 0.987 GC heap after
{Heap after GC invocations=6 (full 0):
 garbage-first heap   total 157696K, used 90112K [0x000000008c000000, 0x0000000100000000)
  region size 1024K, 1 young (1024K), 1 survivors (1024K)
 Metaspace       used 10751K, committed 11008K, reserved 1114112K
  class space    used 1220K, committed 1344K, reserved 1048576K
}
Event: 1.016 GC heap before
{Heap before GC invocations=7 (full 0):
 garbage-first heap   total 157696K, used 100352K [0x000000008c000000, 0x0000000100000000)
  region size 1024K, 13 young (13312K), 1 survivors (1024K)
 Metaspace       used 10751K, committed 11008K, reserved 1114112K
  class space    used 1220K, committed 1344K, reserved 1048576K
}
Event: 1.017 GC heap after
{Heap after GC invocations=8 (full 0):
 garbage-first heap   total 157696K, used 90127K [0x000000008c000000, 0x0000000100000000)
  region size 1024K, 1 young (1024K), 1 survivors (1024K)
 Metaspace       used 10751K, committed 11008K, reserved 1114112K
  class space    used 1220K, committed 1344K, reserved 1048576K
}
Event: 1.040 GC heap before
{Heap before GC invocations=9 (full 0):
 garbage-first heap   total 160768K, used 98319K [0x000000008c000000, 0x0000000100000000)
  region size 1024K, 6 young (6144K), 1 survivors (1024K)
 Metaspace       used 10751K, committed 11008K, reserved 1114112K
  class space    used 1220K, committed 1344K, reserved 1048576K
}
Event: 1.041 GC heap after
{Heap after GC invocations=10 (full 0):
 garbage-first heap   total 160768K, used 94232K [0x000000008c000000, 0x0000000100000000)
  region size 1024K, 1 young (1024K), 1 survivors (1024K)
 Metaspace       used 10751K, committed 11008K, reserved 1114112K
  class space    used 1220K, committed 1344K, reserved 1048576K
}
Event: 1.121 GC heap before
{Heap before GC invocations=11 (full 0):
 garbage-first heap   total 181248K, used 120856K [0x000000008c000000, 0x0000000100000000)
  region size 1024K, 15 young (15360K), 1 survivors (1024K)
 Metaspace       used 10751K, committed 11008K, reserved 1114112K
  class space    used 1220K, committed 1344K, reserved 1048576K
}
Event: 1.122 GC heap after
{Heap after GC invocations=12 (full 0):
 garbage-first heap   total 181248K, used 107532K [0x000000008c000000, 0x0000000100000000)
  region size 1024K, 1 young (1024K), 1 survivors (1024K)
 Metaspace       used 10751K, committed 11008K, reserved 1114112K
  class space    used 1220K, committed 1344K, reserved 1048576K
}
Event: 1.130 GC heap before
{Heap before GC invocations=13 (full 0):
 garbage-first heap   total 188416K, used 111628K [0x000000008c000000, 0x0000000100000000)
  region size 1024K, 4 young (4096K), 1 survivors (1024K)
 Metaspace       used 10751K, committed 11008K, reserved 1114112K
  class space    used 1220K, committed 1344K, reserved 1048576K
}
Event: 1.131 GC heap after
{Heap after GC invocations=14 (full 0):
 garbage-first heap   total 188416K, used 109584K [0x000000008c000000, 0x0000000100000000)
  region size 1024K, 1 young (1024K), 1 survivors (1024K)
 Metaspace       used 10751K, committed 11008K, reserved 1114112K
  class space    used 1220K, committed 1344K, reserved 1048576K
}
Event: 1.145 GC heap before
{Heap before GC invocations=15 (full 0):
 garbage-first heap   total 189440K, used 112656K [0x000000008c000000, 0x0000000100000000)
  region size 1024K, 3 young (3072K), 1 survivors (1024K)
 Metaspace       used 10751K, committed 11008K, reserved 1114112K
  class space    used 1220K, committed 1344K, reserved 1048576K
}
Event: 1.145 GC heap after
{Heap after GC invocations=16 (full 0):
 garbage-first heap   total 189440K, used 111636K [0x000000008c000000, 0x0000000100000000)
  region size 1024K, 1 young (1024K), 1 survivors (1024K)
 Metaspace       used 10751K, committed 11008K, reserved 1114112K
  class space    used 1220K, committed 1344K, reserved 1048576K
}
Event: 1.166 GC heap before
{Heap before GC invocations=17 (full 0):
 garbage-first heap   total 193536K, used 114708K [0x000000008c000000, 0x0000000100000000)
  region size 1024K, 4 young (4096K), 1 survivors (1024K)
 Metaspace       used 10751K, committed 11008K, reserved 1114112K
  class space    used 1220K, committed 1344K, reserved 1048576K
}
Event: 1.167 GC heap after
{Heap after GC invocations=18 (full 0):
 garbage-first heap   total 193536K, used 113103K [0x000000008c000000, 0x0000000100000000)
  region size 1024K, 1 young (1024K), 1 survivors (1024K)
 Metaspace       used 10751K, committed 11008K, reserved 1114112K
  class space    used 1220K, committed 1344K, reserved 1048576K
}
Event: 1.185 GC heap before
{Heap before GC invocations=19 (full 0):
 garbage-first heap   total 198656K, used 120271K [0x000000008c000000, 0x0000000100000000)
  region size 1024K, 5 young (5120K), 1 survivors (1024K)
 Metaspace       used 10751K, committed 11008K, reserved 1114112K
  class space    used 1220K, committed 1344K, reserved 1048576K
}
Event: 1.186 GC heap after
{Heap after GC invocations=20 (full 0):
 garbage-first heap   total 198656K, used 117203K [0x000000008c000000, 0x0000000100000000)
  region size 1024K, 1 young (1024K), 1 survivors (1024K)
 Metaspace       used 10751K, committed 11008K, reserved 1114112K
  class space    used 1220K, committed 1344K, reserved 1048576K
}
Event: 1.216 GC heap before
{Heap before GC invocations=21 (full 0):
 garbage-first heap   total 206848K, used 127443K [0x000000008c000000, 0x0000000100000000)
  region size 1024K, 7 young (7168K), 1 survivors (1024K)
 Metaspace       used 10751K, committed 11008K, reserved 1114112K
  class space    used 1220K, committed 1344K, reserved 1048576K
}

Deoptimization events (20 events):
Event: 0.473 Thread 0x0000017a893decf0 Uncommon trap: trap_request=0xffffff45 fr.pc=0x0000017a349a846c relative=0x000000000000098c
Event: 0.473 Thread 0x0000017a893decf0 Uncommon trap: reason=unstable_if action=reinterpret pc=0x0000017a349a846c method=java.util.HashMap.resize()[Ljava/util/HashMap$Node; @ 203 c2
Event: 0.473 Thread 0x0000017a893decf0 DEOPT PACKING pc=0x0000017a349a846c sp=0x000000188e1fd220
Event: 0.473 Thread 0x0000017a893decf0 DEOPT UNPACKING pc=0x0000017a342823a3 sp=0x000000188e1fd1c0 mode 2
Event: 0.530 Thread 0x0000017a893decf0 Uncommon trap: trap_request=0xffffff45 fr.pc=0x0000017a349cf9c0 relative=0x0000000000000480
Event: 0.530 Thread 0x0000017a893decf0 Uncommon trap: reason=unstable_if action=reinterpret pc=0x0000017a349cf9c0 method=java.lang.StringLatin1.toLowerCase(Ljava/lang/String;[BLjava/util/Locale;)Ljava/lang/String; @ 43 c2
Event: 0.530 Thread 0x0000017a893decf0 DEOPT PACKING pc=0x0000017a349cf9c0 sp=0x000000188e1fdb40
Event: 0.530 Thread 0x0000017a893decf0 DEOPT UNPACKING pc=0x0000017a342823a3 sp=0x000000188e1fdab0 mode 2
Event: 0.568 Thread 0x0000017a893decf0 Uncommon trap: trap_request=0xffffff45 fr.pc=0x0000017a349ab10c relative=0x000000000000096c
Event: 0.568 Thread 0x0000017a893decf0 Uncommon trap: reason=unstable_if action=reinterpret pc=0x0000017a349ab10c method=java.util.HashMap.putVal(ILjava/lang/Object;Ljava/lang/Object;ZZ)Ljava/lang/Object; @ 109 c2
Event: 0.568 Thread 0x0000017a893decf0 DEOPT PACKING pc=0x0000017a349ab10c sp=0x000000188e1fcab0
Event: 0.568 Thread 0x0000017a893decf0 DEOPT UNPACKING pc=0x0000017a342823a3 sp=0x000000188e1fc9d8 mode 2
Event: 0.666 Thread 0x0000017a98123170 Uncommon trap: trap_request=0xffffff45 fr.pc=0x0000017a349b00b8 relative=0x0000000000000218
Event: 0.666 Thread 0x0000017a98123170 Uncommon trap: reason=unstable_if action=reinterpret pc=0x0000017a349b00b8 method=java.util.StringTokenizer.scanToken(I)I @ 42 c2
Event: 0.666 Thread 0x0000017a98123170 DEOPT PACKING pc=0x0000017a349b00b8 sp=0x000000188f6fdf40
Event: 0.666 Thread 0x0000017a98123170 DEOPT UNPACKING pc=0x0000017a342823a3 sp=0x000000188f6fded0 mode 2
Event: 1.014 Thread 0x0000017a893decf0 Uncommon trap: trap_request=0xffffff45 fr.pc=0x0000017a349ce7d8 relative=0x00000000000000d8
Event: 1.014 Thread 0x0000017a893decf0 Uncommon trap: reason=unstable_if action=reinterpret pc=0x0000017a349ce7d8 method=java.lang.ref.SoftReference.get()Ljava/lang/Object; @ 17 c2
Event: 1.014 Thread 0x0000017a893decf0 DEOPT PACKING pc=0x0000017a349ce7d8 sp=0x000000188e1fe5a0
Event: 1.014 Thread 0x0000017a893decf0 DEOPT UNPACKING pc=0x0000017a342823a3 sp=0x000000188e1fe558 mode 2

Classes unloaded (0 events):
No events

Classes redefined (0 events):
No events

Internal exceptions (20 events):
Event: 0.234 Thread 0x0000017a255380a0 Exception <a 'java/lang/ClassNotFoundException'{0x0000000092e499a0}: EditorPane> (0x0000000092e499a0) 
thrown [s\open\src\hotspot\share\classfile\systemDictionary.cpp, line 256]
Event: 0.234 Thread 0x0000017a255380a0 Exception <a 'java/lang/ClassNotFoundException'{0x0000000092e4a300}: ToolBar> (0x0000000092e4a300) 
thrown [s\open\src\hotspot\share\classfile\systemDictionary.cpp, line 256]
Event: 0.234 Thread 0x0000017a255380a0 Exception <a 'java/lang/ClassNotFoundException'{0x0000000092e4a7f8}: ToolBar> (0x0000000092e4a7f8) 
thrown [s\open\src\hotspot\share\classfile\systemDictionary.cpp, line 256]
Event: 0.234 Thread 0x0000017a255380a0 Exception <a 'java/lang/ClassNotFoundException'{0x0000000092e4ab58}: Button> (0x0000000092e4ab58) 
thrown [s\open\src\hotspot\share\classfile\systemDictionary.cpp, line 256]
Event: 0.234 Thread 0x0000017a255380a0 Exception <a 'java/lang/ClassNotFoundException'{0x0000000092e4b020}: ToolBar> (0x0000000092e4b020) 
thrown [s\open\src\hotspot\share\classfile\systemDictionary.cpp, line 256]
Event: 0.234 Thread 0x0000017a255380a0 Exception <a 'java/lang/ClassNotFoundException'{0x0000000092e4b390}: ToggleButton> (0x0000000092e4b390) 
thrown [s\open\src\hotspot\share\classfile\systemDictionary.cpp, line 256]
Event: 0.234 Thread 0x0000017a255380a0 Exception <a 'java/lang/ClassNotFoundException'{0x0000000092e4b7d0}: javax/swing/JToolBarSeparator> (0x0000000092e4b7d0) 
thrown [s\open\src\hotspot\share\classfile\systemDictionary.cpp, line 256]
Event: 0.234 Thread 0x0000017a255380a0 Exception <a 'java/lang/ClassNotFoundException'{0x0000000092e4bad8}: ToolBarSeparator> (0x0000000092e4bad8) 
thrown [s\open\src\hotspot\share\classfile\systemDictionary.cpp, line 256]
Event: 0.235 Thread 0x0000017a255380a0 Exception <a 'java/lang/ClassNotFoundException'{0x0000000092e4bff0}: ToolTip> (0x0000000092e4bff0) 
thrown [s\open\src\hotspot\share\classfile\systemDictionary.cpp, line 256]
Event: 0.236 Thread 0x0000017a255380a0 Exception <a 'java/lang/ClassNotFoundException'{0x0000000092e4c940}: Tree> (0x0000000092e4c940) 
thrown [s\open\src\hotspot\share\classfile\systemDictionary.cpp, line 256]
Event: 0.236 Thread 0x0000017a255380a0 Exception <a 'java/lang/ClassNotFoundException'{0x0000000092e4ce38}: Tree> (0x0000000092e4ce38) 
thrown [s\open\src\hotspot\share\classfile\systemDictionary.cpp, line 256]
Event: 0.236 Thread 0x0000017a255380a0 Exception <a 'java/lang/ClassNotFoundException'{0x0000000092e4d1a8}: javax/swing/JTreeCell> (0x0000000092e4d1a8) 
thrown [s\open\src\hotspot\share\classfile\systemDictionary.cpp, line 256]
Event: 0.236 Thread 0x0000017a255380a0 Exception <a 'java/lang/ClassNotFoundException'{0x0000000092e4d4a8}: TreeCell> (0x0000000092e4d4a8) 
thrown [s\open\src\hotspot\share\classfile\systemDictionary.cpp, line 256]
Event: 0.236 Thread 0x0000017a255380a0 Exception <a 'java/lang/ClassNotFoundException'{0x0000000092e4dc68}: RootPane> (0x0000000092e4dc68) 
thrown [s\open\src\hotspot\share\classfile\systemDictionary.cpp, line 256]
Event: 0.238 Thread 0x0000017a255380a0 Exception <a 'java/lang/ClassNotFoundException'{0x0000000092e50ab8}: com/sun/swing/internal/plaf/metal/resources/spi/metalProvider> (0x0000000092e50ab8) 
thrown [s\open\src\hotspot\share\classfile\systemDictionary.cpp, line 256]
Event: 0.239 Thread 0x0000017a255380a0 Exception <a 'java/lang/ClassNotFoundException'{0x0000000092e54668}: com/sun/swing/internal/plaf/basic/resources/spi/basicProvider> (0x0000000092e54668) 
thrown [s\open\src\hotspot\share\classfile\systemDictionary.cpp, line 256]
Event: 0.343 Thread 0x0000017a893decf0 Exception <a 'java/lang/ClassNotFoundException'{0x0000000092d165a0}: com/sun/swing/internal/plaf/synth/resources/spi/synthProvider> (0x0000000092d165a0) 
thrown [s\open\src\hotspot\share\classfile\systemDictionary.cpp, line 256]
Event: 0.557 Thread 0x0000017a893decf0 Exception <a 'java/lang/NoSuchMethodError'{0x0000000092984118}: 'void java.lang.invoke.DirectMethodHandle$Holder.invokeStaticInit(java.lang.Object)'> (0x0000000092984118) 
thrown [s\open\src\hotspot\share\interpreter\linkResolver.cpp, line 759]
Event: 0.591 Thread 0x0000017a8933ba20 Exception <a 'java/lang/NoSuchMethodError'{0x0000000093085b20}: 'void java.lang.invoke.DirectMethodHandle$Holder.invokeVirtual(java.lang.Object, java.lang.Object)'> (0x0000000093085b20) 
thrown [s\open\src\hotspot\share\interpreter\linkResolver.cpp, line 759]
Event: 0.683 Thread 0x0000017a98123170 Exception <a 'java/lang/NoSuchMethodError'{0x00000000927c1280}: 'java.lang.Object java.lang.invoke.DirectMethodHandle$Holder.newInvokeSpecial(java.lang.Object, java.lang.Object, java.lang.Object, int, int, int, int, int)'> (0x00000000927c1280) 
thrown [s\open\src\hotspot\share\interpreter\linkResolver.cpp, line 759]

VM Operations (20 events):
Event: 1.137 Executing VM operation: G1Concurrent done
Event: 1.144 Executing VM operation: G1TryInitiateConcMark
Event: 1.145 Executing VM operation: G1TryInitiateConcMark done
Event: 1.149 Executing VM operation: G1Concurrent
Event: 1.151 Executing VM operation: G1Concurrent done
Event: 1.151 Executing VM operation: G1Concurrent
Event: 1.151 Executing VM operation: G1Concurrent done
Event: 1.166 Executing VM operation: G1TryInitiateConcMark
Event: 1.167 Executing VM operation: G1TryInitiateConcMark done
Event: 1.172 Executing VM operation: G1Concurrent
Event: 1.173 Executing VM operation: G1Concurrent done
Event: 1.174 Executing VM operation: G1Concurrent
Event: 1.174 Executing VM operation: G1Concurrent done
Event: 1.185 Executing VM operation: G1TryInitiateConcMark
Event: 1.186 Executing VM operation: G1TryInitiateConcMark done
Event: 1.190 Executing VM operation: G1Concurrent
Event: 1.191 Executing VM operation: G1Concurrent done
Event: 1.191 Executing VM operation: G1Concurrent
Event: 1.191 Executing VM operation: G1Concurrent done
Event: 1.216 Executing VM operation: G1TryInitiateConcMark

Events (20 events):
Event: 0.688 loading class java/awt/image/WritableRaster
Event: 0.688 loading class java/awt/image/WritableRaster done
Event: 0.688 loading class sun/awt/image/SunWritableRaster done
Event: 0.690 loading class java/awt/image/SinglePixelPackedSampleModel
Event: 0.690 loading class java/awt/image/SampleModel
Event: 0.690 loading class java/awt/image/SampleModel done
Event: 0.690 loading class java/awt/image/SinglePixelPackedSampleModel done
Event: 0.690 loading class sun/awt/image/IntegerInterleavedRaster
Event: 0.690 loading class sun/awt/image/IntegerComponentRaster
Event: 0.690 loading class sun/awt/image/IntegerComponentRaster done
Event: 0.690 loading class sun/awt/image/IntegerInterleavedRaster done
Event: 0.691 loading class java/awt/image/BufferedImage
Event: 0.691 loading class java/awt/image/WritableRenderedImage
Event: 0.691 loading class java/awt/image/RenderedImage
Event: 0.691 loading class java/awt/image/RenderedImage done
Event: 0.691 loading class java/awt/image/WritableRenderedImage done
Event: 0.691 loading class java/awt/image/BufferedImage done
Event: 0.691 loading class java/awt/image/BufferedImage$1
Event: 0.691 loading class java/awt/image/BufferedImage$1 done
Event: 0.922 Thread 0x0000017a8912eb10 Thread exited: 0x0000017a8912eb10


Dynamic libraries:
0x00007ff79d3f0000 - 0x00007ff79d400000 	C:\Program Files\Java\jdk-17\bin\java.exe
0x00007fffb5b70000 - 0x00007fffb5d87000 	C:\Windows\SYSTEM32\ntdll.dll
0x00007fffb49c0000 - 0x00007fffb4a84000 	C:\Windows\System32\KERNEL32.DLL
0x00007fffb32e0000 - 0x00007fffb3686000 	C:\Windows\System32\KERNELBASE.dll
0x00007fffb2f10000 - 0x00007fffb3021000 	C:\Windows\System32\ucrtbase.dll
0x00007fff9c650000 - 0x00007fff9c66b000 	C:\Program Files\Java\jdk-17\bin\VCRUNTIME140.dll
0x00007fffae360000 - 0x00007fffae379000 	C:\Program Files\Java\jdk-17\bin\jli.dll
0x00007fffb38c0000 - 0x00007fffb3971000 	C:\Windows\System32\ADVAPI32.dll
0x00007fffb4770000 - 0x00007fffb4817000 	C:\Windows\System32\msvcrt.dll
0x00007fffb5960000 - 0x00007fffb5a05000 	C:\Windows\System32\sechost.dll
0x00007fffb5a10000 - 0x00007fffb5b27000 	C:\Windows\System32\RPCRT4.dll
0x00007fffb3b20000 - 0x00007fffb3cce000 	C:\Windows\System32\USER32.dll
0x00007fffb2ee0000 - 0x00007fffb2f06000 	C:\Windows\System32\win32u.dll
0x00007fffb3cd0000 - 0x00007fffb3cf9000 	C:\Windows\System32\GDI32.dll
0x00007fffb3030000 - 0x00007fffb3148000 	C:\Windows\System32\gdi32full.dll
0x00007fffa1280000 - 0x00007fffa1513000 	C:\Windows\WinSxS\amd64_microsoft.windows.common-controls_6595b64144ccf1df_6.0.22621.2506_none_270c5ae97388e100\COMCTL32.dll
0x00007fffb3150000 - 0x00007fffb31ea000 	C:\Windows\System32\msvcp_win.dll
0x00007fffaadd0000 - 0x00007fffaadda000 	C:\Windows\SYSTEM32\VERSION.dll
0x00007fffb3d10000 - 0x00007fffb3d41000 	C:\Windows\System32\IMM32.DLL
0x00007fff9e4d0000 - 0x00007fff9e4dc000 	C:\Program Files\Java\jdk-17\bin\vcruntime140_1.dll
0x00007fff7b3f0000 - 0x00007fff7b47e000 	C:\Program Files\Java\jdk-17\bin\msvcp140.dll
0x00007fff3f3b0000 - 0x00007fff3ff91000 	C:\Program Files\Java\jdk-17\bin\server\jvm.dll
0x00007fffb3ee0000 - 0x00007fffb3ee8000 	C:\Windows\System32\PSAPI.DLL
0x00007fff9fe60000 - 0x00007fff9fe69000 	C:\Windows\SYSTEM32\WSOCK32.dll
0x00007fffab080000 - 0x00007fffab0b4000 	C:\Windows\SYSTEM32\WINMM.dll
0x00007fffb4d50000 - 0x00007fffb4dc1000 	C:\Windows\System32\WS2_32.dll
0x00007fffb1eb0000 - 0x00007fffb1ec8000 	C:\Windows\SYSTEM32\kernel.appcore.dll
0x00007fff9c960000 - 0x00007fff9c96a000 	C:\Program Files\Java\jdk-17\bin\jimage.dll
0x00007fffa97d0000 - 0x00007fffa9a03000 	C:\Windows\SYSTEM32\DBGHELP.DLL
0x00007fffb5560000 - 0x00007fffb58e9000 	C:\Windows\System32\combase.dll
0x00007fffb39d0000 - 0x00007fffb3aa7000 	C:\Windows\System32\OLEAUT32.dll
0x00007fffa9790000 - 0x00007fffa97c2000 	C:\Windows\SYSTEM32\dbgcore.DLL
0x00007fffb3260000 - 0x00007fffb32da000 	C:\Windows\System32\bcryptPrimitives.dll
0x00007fff9c570000 - 0x00007fff9c595000 	C:\Program Files\Java\jdk-17\bin\java.dll
0x00007fff9bc50000 - 0x00007fff9bd27000 	C:\Program Files\Java\jdk-17\bin\jsvml.dll
0x00007fffb3ef0000 - 0x00007fffb474a000 	C:\Windows\System32\SHELL32.dll
0x00007fffb0db0000 - 0x00007fffb16a6000 	C:\Windows\SYSTEM32\windows.storage.dll
0x00007fffb0c70000 - 0x00007fffb0dae000 	C:\Windows\SYSTEM32\wintypes.dll
0x00007fffb3de0000 - 0x00007fffb3ed3000 	C:\Windows\System32\SHCORE.dll
0x00007fffb4b20000 - 0x00007fffb4b7e000 	C:\Windows\System32\shlwapi.dll
0x00007fffb2e10000 - 0x00007fffb2e36000 	C:\Windows\SYSTEM32\profapi.dll
0x00007fff9c550000 - 0x00007fff9c569000 	C:\Program Files\Java\jdk-17\bin\net.dll
0x00007fffad570000 - 0x00007fffad6a7000 	C:\Windows\SYSTEM32\WINHTTP.dll
0x00007fffb2340000 - 0x00007fffb23a9000 	C:\Windows\system32\mswsock.dll
0x00007fff9c480000 - 0x00007fff9c496000 	C:\Program Files\Java\jdk-17\bin\nio.dll
0x00007fff5d2c0000 - 0x00007fff5d451000 	C:\Program Files\Java\jdk-17\bin\awt.dll
0x00007fffb01e0000 - 0x00007fffb0277000 	C:\Windows\SYSTEM32\apphelp.dll
0x00007fffb0370000 - 0x00007fffb041b000 	C:\Windows\system32\uxtheme.dll
0x00007fffb5410000 - 0x00007fffb5560000 	C:\Windows\System32\MSCTF.dll
0x00007fffb4820000 - 0x00007fffb49c0000 	C:\Windows\System32\ole32.dll
0x00007fffb05e0000 - 0x00007fffb060b000 	C:\Windows\system32\DWMAPI.DLL
0x00007fff75c20000 - 0x00007fff75ca7000 	C:\Program Files\Java\jdk-17\bin\freetype.dll
0x00007fff60610000 - 0x00007fff606e3000 	C:\Program Files\Java\jdk-17\bin\fontmanager.dll
0x00007fff56e20000 - 0x00007fff56f20000 	C:\Windows\system32\opengl32.dll
0x00007fff59c10000 - 0x00007fff59c3d000 	C:\Windows\SYSTEM32\GLU32.dll
0x00007fffb0480000 - 0x00007fffb04b6000 	C:\Windows\SYSTEM32\dxcore.dll
0x00007fff9b9c0000 - 0x00007fff9bb69000 	C:\Windows\system32\d3d9.dll
0x00007fffa79d0000 - 0x00007fffa7b8b000 	C:\Windows\System32\DriverStore\FileRepository\u0385165.inf_amd64_21334d6e6df1a592\B383687\aticfx64.dll
0x00007fff6aa90000 - 0x00007fff6c85f000 	C:\Windows\System32\DriverStore\FileRepository\u0385165.inf_amd64_21334d6e6df1a592\B383687\amdxn64.dll
0x00007fffb4dd0000 - 0x00007fffb5244000 	C:\Windows\System32\SETUPAPI.dll
0x00007fffb04d0000 - 0x00007fffb05c8000 	C:\Windows\SYSTEM32\dxgi.dll
0x00007fffa5240000 - 0x00007fffa5275000 	C:\Windows\SYSTEM32\amdihk64.dll
0x00007fffad770000 - 0x00007fffad7ba000 	C:\Windows\SYSTEM32\directxdatabasehelper.dll
0x00007fffb4ca0000 - 0x00007fffb4d50000 	C:\Windows\System32\clbcatq.dll
0x00007fffae710000 - 0x00007fffae8c0000 	C:\Windows\SYSTEM32\WindowsCodecs.dll
0x00007fff9cb50000 - 0x00007fff9cbae000 	C:\Windows\system32\dataexchange.dll
0x00007fffaa9a0000 - 0x00007fffaac25000 	C:\Windows\system32\twinapi.appcore.dll
0x00007fff9bc30000 - 0x00007fff9bc48000 	C:\Program Files\Java\jdk-17\bin\zip.dll
0x00007fffa4dd0000 - 0x00007fffa4dfe000 	C:\Program Files\Java\jdk-17\bin\javajpeg.dll

dbghelp: loaded successfully - version: 4.0.5 - missing functions: none
symbol engine: initialized successfully - sym options: 0x614 - pdb path: .;C:\Program Files\Java\jdk-17\bin;C:\Windows\SYSTEM32;C:\Windows\WinSxS\amd64_microsoft.windows.common-controls_6595b64144ccf1df_6.0.22621.2506_none_270c5ae97388e100;C:\Program Files\Java\jdk-17\bin\server;C:\Windows\System32\DriverStore\FileRepository\u0385165.inf_amd64_21334d6e6df1a592\B383687

VM Arguments:
jvm_args: -Dfile.encoding=UTF-8 --module-path=C:\Users\bala2\Documents\NetBeansProjects\Cafe Managment\build\classes 
java_command: cafe.Dashboard
java_class_path (initial): C:\Users\bala2\Documents\NetBeansProjects\Cafe Managment\build\classes
Launcher Type: SUN_STANDARD

[Global flags]
     intx CICompilerCount                          = 12                                        {product} {ergonomic}
     uint ConcGCThreads                            = 3                                         {product} {ergonomic}
     uint G1ConcRefinementThreads                  = 13                                        {product} {ergonomic}
   size_t G1HeapRegionSize                         = 1048576                                   {product} {ergonomic}
    uintx GCDrainStackTargetSize                   = 64                                        {product} {ergonomic}
   size_t InitialHeapSize                          = 121634816                                 {product} {ergonomic}
   size_t MarkStackSize                            = 4194304                                   {product} {ergonomic}
   size_t MaxHeapSize                              = 1946157056                                {product} {ergonomic}
   size_t MaxNewSize                               = 1167065088                                {product} {ergonomic}
   size_t MinHeapDeltaBytes                        = 1048576                                   {product} {ergonomic}
   size_t MinHeapSize                              = 8388608                                   {product} {ergonomic}
    uintx NonNMethodCodeHeapSize                   = 7602480                                {pd product} {ergonomic}
    uintx NonProfiledCodeHeapSize                  = 122027880                              {pd product} {ergonomic}
    uintx ProfiledCodeHeapSize                     = 122027880                              {pd product} {ergonomic}
    uintx ReservedCodeCacheSize                    = 251658240                              {pd product} {ergonomic}
     bool SegmentedCodeCache                       = true                                      {product} {ergonomic}
   size_t SoftMaxHeapSize                          = 1946157056                             {manageable} {ergonomic}
     bool UseCompressedClassPointers               = true                           {product lp64_product} {ergonomic}
     bool UseCompressedOops                        = true                           {product lp64_product} {ergonomic}
     bool UseG1GC                                  = true                                      {product} {ergonomic}
     bool UseLargePagesIndividualAllocation        = false                                  {pd product} {ergonomic}

Logging:
Log output configuration:
 #0: stdout all=warning uptime,level,tags
 #1: stderr all=off uptime,level,tags

Environment Variables:
JAVA_HOME=C:\Program Files\Java\jdk-17
PATH=C:\Program Files\Common Files\Oracle\Java\javapath;C:\Windows\system32;C:\Windows;C:\Windows\System32\Wbem;C:\Windows\System32\WindowsPowerShell\v1.0\;C:\Windows\System32\OpenSSH\;C:\Program Files (x86)\NVIDIA Corporation\PhysX\Common;C:\Program Files\NVIDIA Corporation\NVIDIA NvDLISR;C:\Program Files\dotnet\;C:\Program Files\Java\jdk-17\bin;C:\Program Files\Git\cmd;C:\Users\bala2\AppData\Local\Microsoft\WindowsApps;;C:\Users\bala2\AppData\Local\Programs\Microsoft VS Code\bin
USERNAME=bala2
OS=Windows_NT
PROCESSOR_IDENTIFIER=AMD64 Family 25 Model 68 Stepping 1, AuthenticAMD



---------------  S Y S T E M  ---------------

OS:
 Windows 11 , 64 bit Build 22621 (10.0.22621.2506)
OS uptime: 1 days 0:10 hours
Hyper-V role detected

CPU: total 16 (initial active 16) (16 cores per cpu, 2 threads per core) family 25 model 68 stepping 1 microcode 0x0, cx8, cmov, fxsr, ht, mmx, 3dnowpref, sse, sse2, sse3, ssse3, sse4a, sse4.1, sse4.2, popcnt, lzcnt, tsc, tscinvbit, avx, avx2, aes, erms, clmul, bmi1, bmi2, adx, sha, fma, vzeroupper, clflush, clflushopt, hv

Memory: 4k page, system-wide physical 7418M (570M free)
TotalPageFile size 29946M (AvailPageFile size 159M)
current process WorkingSet (physical memory assigned to process): 285M, peak: 306M
current process commit charge ("private bytes"): 374M, peak: 576M

vm_info: Java HotSpot(TM) 64-Bit Server VM (17.0.9+11-LTS-201) for windows-amd64 JRE (17.0.9+11-LTS-201), built on Oct 10 2023 23:16:06 by "mach5one" with MS VC++ 17.1 (VS2022)

END.
