#
# There is insufficient memory for the Java Runtime Environment to continue.
# Native memory allocation (mmap) failed to map 211812352 bytes for G1 virtual space
# Possible reasons:
#   The system is out of physical RAM or swap space
#   The process is running with CompressedOops enabled, and the Java Heap may be blocking the growth of the native heap
# Possible solutions:
#   Reduce memory load on the system
#   Increase physical memory or swap space
#   Check if swap backing store is full
#   Decrease Java heap size (-Xmx/-Xms)
#   Decrease number of Java threads
#   Decrease Java thread stack sizes (-Xss)
#   Set larger code cache with -XX:ReservedCodeCacheSize=
#   JVM is running with Unscaled Compressed Oops mode in which the Java heap is
#     placed in the first 4GB address space. The Java Heap base address is the
#     maximum limit for the native heap growth. Please use -XX:HeapBaseMinAddress
#     to set the Java Heap base and to place the Java Heap above 4GB virtual address.
# This output file may be truncated or incomplete.
#
#  Out of Memory Error (os_windows.cpp:3552), pid=21380, tid=8740
#
# JRE version: Java(TM) SE Runtime Environment (17.0.9+11) (build 17.0.9+11-LTS-201)
# Java VM: Java HotSpot(TM) 64-Bit Server VM (17.0.9+11-LTS-201, mixed mode, sharing, tiered, compressed oops, compressed class ptrs, g1 gc, windows-amd64)
# No core dump will be written. Minidumps are not enabled by default on client versions of Windows
#

---------------  S U M M A R Y ------------

Command Line: -Dfile.encoding=UTF-8 --module-path=C:\Users\bala2\Documents\NetBeansProjects\Cafe Managment\build\classes cafe.Dashboard

Host: AMD Ryzen 7 6800HS with Radeon Graphics        , 16 cores, 7G,  Windows 11 , 64 bit Build 22621 (10.0.22621.2506)
Time: Wed Dec 20 18:04:21 2023 Sri Lanka Standard Time elapsed time: 1.564604 seconds (0d 0h 0m 1s)

---------------  T H R E A D  ---------------

Current thread (0x000001843e981ee0):  VMThread "VM Thread" [stack: 0x000000712dc00000,0x000000712dd00000] [id=8740]

Stack: [0x000000712dc00000,0x000000712dd00000]
Native frames: (J=compiled Java code, j=interpreted, Vv=VM code, C=native code)
V  [jvm.dll+0x678a4a]
V  [jvm.dll+0x7d9cfd]
V  [jvm.dll+0x7db60e]
V  [jvm.dll+0x7dbc73]
V  [jvm.dll+0x245e1f]
V  [jvm.dll+0x6758f9]
V  [jvm.dll+0x66a2a2]
V  [jvm.dll+0x303686]
V  [jvm.dll+0x30ac06]
V  [jvm.dll+0x35a48e]
V  [jvm.dll+0x35a6bf]
V  [jvm.dll+0x2da678]
V  [jvm.dll+0x2d8a85]
V  [jvm.dll+0x2d808c]
V  [jvm.dll+0x31bca1]
V  [jvm.dll+0x7e048b]
V  [jvm.dll+0x7e11c4]
V  [jvm.dll+0x7e16dd]
V  [jvm.dll+0x7e1ab4]
V  [jvm.dll+0x7e1b80]
V  [jvm.dll+0x78998a]
V  [jvm.dll+0x677875]
C  [ucrtbase.dll+0x29363]
C  [KERNEL32.DLL+0x1257d]
C  [ntdll.dll+0x5aa58]

VM_Operation (0x00000071305fdea8): G1TryInitiateConcMark, mode: safepoint, requested by thread 0x0000018492fe1010


---------------  P R O C E S S  ---------------

Threads class SMR info:
_java_thread_list=0x0000018492f86200, length=21, elements={
0x000001843e9881a0, 0x000001843e988f30, 0x000001843e99ba10, 0x000001843e99d4f0,
0x000001843e99dfc0, 0x000001843e9a19b0, 0x000001843e9a3670, 0x000001843e9a4030,
0x000001843e9a6950, 0x000001843ebad4c0, 0x000001843ebb2a20, 0x000001843ebc0250,
0x000001843ebd3ad0, 0x000001843ec98710, 0x000001843ee1b1f0, 0x000001843ee43650,
0x000001843ee43f40, 0x000001843eee7860, 0x0000018420367490, 0x0000018492f0c760,
0x0000018492fe1010
}

Java Threads: ( => current thread )
  0x000001843e9881a0 JavaThread "Reference Handler" daemon [_thread_blocked, id=22576, stack(0x000000712dd00000,0x000000712de00000)]
  0x000001843e988f30 JavaThread "Finalizer" daemon [_thread_blocked, id=2936, stack(0x000000712de00000,0x000000712df00000)]
  0x000001843e99ba10 JavaThread "Signal Dispatcher" daemon [_thread_blocked, id=13516, stack(0x000000712df00000,0x000000712e000000)]
  0x000001843e99d4f0 JavaThread "Attach Listener" daemon [_thread_blocked, id=22152, stack(0x000000712e000000,0x000000712e100000)]
  0x000001843e99dfc0 JavaThread "Service Thread" daemon [_thread_blocked, id=8760, stack(0x000000712e100000,0x000000712e200000)]
  0x000001843e9a19b0 JavaThread "Monitor Deflation Thread" daemon [_thread_blocked, id=6416, stack(0x000000712e200000,0x000000712e300000)]
  0x000001843e9a3670 JavaThread "C2 CompilerThread0" daemon [_thread_blocked, id=22412, stack(0x000000712e300000,0x000000712e400000)]
  0x000001843e9a4030 JavaThread "C1 CompilerThread0" daemon [_thread_blocked, id=20148, stack(0x000000712e400000,0x000000712e500000)]
  0x000001843e9a6950 JavaThread "Sweeper thread" daemon [_thread_blocked, id=23000, stack(0x000000712e500000,0x000000712e600000)]
  0x000001843ebad4c0 JavaThread "Common-Cleaner" daemon [_thread_blocked, id=3588, stack(0x000000712e600000,0x000000712e700000)]
  0x000001843ebb2a20 JavaThread "C1 CompilerThread1" daemon [_thread_blocked, id=21448, stack(0x000000712e700000,0x000000712e800000)]
  0x000001843ebc0250 JavaThread "C1 CompilerThread2" daemon [_thread_blocked, id=16996, stack(0x000000712e800000,0x000000712e900000)]
  0x000001843ebd3ad0 JavaThread "C1 CompilerThread3" daemon [_thread_blocked, id=14164, stack(0x000000712e900000,0x000000712ea00000)]
  0x000001843ec98710 JavaThread "Notification Thread" daemon [_thread_blocked, id=2952, stack(0x000000712eb00000,0x000000712ec00000)]
  0x000001843ee1b1f0 JavaThread "Java2D Disposer" daemon [_thread_blocked, id=22204, stack(0x000000712ed00000,0x000000712ee00000)]
  0x000001843ee43650 JavaThread "AWT-Shutdown" [_thread_blocked, id=15008, stack(0x000000712ee00000,0x000000712ef00000)]
  0x000001843ee43f40 JavaThread "AWT-Windows" daemon [_thread_in_native, id=15000, stack(0x000000712ef00000,0x000000712f000000)]
  0x000001843eee7860 JavaThread "AWT-EventQueue-0" [_thread_blocked, id=12892, stack(0x000000712f000000,0x000000712f100000)]
  0x0000018420367490 JavaThread "DestroyJavaVM" [_thread_blocked, id=12784, stack(0x000000712d600000,0x000000712d700000)]
  0x0000018492f0c760 JavaThread "TimerQueue" daemon [_thread_blocked, id=20160, stack(0x000000712ea00000,0x000000712eb00000)]
  0x0000018492fe1010 JavaThread "Image Fetcher 0" daemon [_thread_blocked, id=2112, stack(0x0000007130500000,0x0000007130600000)]

Other Threads:
=>0x000001843e981ee0 VMThread "VM Thread" [stack: 0x000000712dc00000,0x000000712dd00000] [id=8740]
  0x000001843ec7c540 WatcherThread [stack: 0x000000712ec00000,0x000000712ed00000] [id=22224]
  0x00000184203bf010 GCTaskThread "GC Thread#0" [stack: 0x000000712d700000,0x000000712d800000] [id=9508]
  0x000001849307f710 GCTaskThread "GC Thread#1" [stack: 0x0000007130600000,0x0000007130700000] [id=18692]
  0x000001849307fde0 GCTaskThread "GC Thread#2" [stack: 0x0000007130700000,0x0000007130800000] [id=10736]
  0x00000184930804b0 GCTaskThread "GC Thread#3" [stack: 0x0000007130800000,0x0000007130900000] [id=12780]
  0x0000018493123440 GCTaskThread "GC Thread#4" [stack: 0x0000007130900000,0x0000007130a00000] [id=20620]
  0x0000018493122100 GCTaskThread "GC Thread#5" [stack: 0x0000007130a00000,0x0000007130b00000] [id=21956]
  0x0000018493122ec0 GCTaskThread "GC Thread#6" [stack: 0x0000007130b00000,0x0000007130c00000] [id=17048]
  0x0000018493121e40 GCTaskThread "GC Thread#7" [stack: 0x0000007130c00000,0x0000007130d00000] [id=15692]
  0x00000184931223c0 GCTaskThread "GC Thread#8" [stack: 0x0000007130d00000,0x0000007130e00000] [id=22792]
  0x0000018493122680 GCTaskThread "GC Thread#9" [stack: 0x0000007130e00000,0x0000007130f00000] [id=12132]
  0x0000018493122940 GCTaskThread "GC Thread#10" [stack: 0x0000007130f00000,0x0000007131000000] [id=21488]
  0x00000184203ce760 ConcurrentGCThread "G1 Main Marker" [stack: 0x000000712d800000,0x000000712d900000] [id=22604]
  0x00000184203cf170 ConcurrentGCThread "G1 Conc#0" [stack: 0x000000712d900000,0x000000712da00000] [id=20728]
  0x0000018493122c00 ConcurrentGCThread "G1 Conc#1" [stack: 0x0000007131000000,0x0000007131100000] [id=14172]
  0x0000018493123180 ConcurrentGCThread "G1 Conc#2" [stack: 0x0000007131100000,0x0000007131200000] [id=17556]
  0x000001843e8424b0 ConcurrentGCThread "G1 Refine#0" [stack: 0x000000712da00000,0x000000712db00000] [id=22132]
  0x000001842043c5a0 ConcurrentGCThread "G1 Service" [stack: 0x000000712db00000,0x000000712dc00000] [id=10084]

Threads with active compile tasks:

VM state: at safepoint (normal execution)

VM Mutex/Monitor currently owned by a thread:  ([mutex/lock_event])
[0x00000184203630c0] Threads_lock - owner thread: 0x000001843e981ee0
[0x0000018420362a00] Heap_lock - owner thread: 0x0000018492fe1010

Heap address: 0x000000008c000000, size: 1856 MB, Compressed Oops mode: 32-bit

CDS archive(s) mapped at: [0x000001843f000000-0x000001843fbd0000-0x000001843fbd0000), size 12386304, SharedBaseAddress: 0x000001843f000000, ArchiveRelocationMode: 1.
Compressed class space mapped at: 0x0000018440000000-0x0000018480000000, reserved size: 1073741824
Narrow klass base: 0x000001843f000000, Narrow klass shift: 0, Narrow klass range: 0x100000000

GC Precious Log:
 CPUs: 16 total, 16 available
 Memory: 7418M
 Large Page Support: Disabled
 NUMA Support: Disabled
 Compressed Oops: Enabled (32-bit)
 Heap Region Size: 1M
 Heap Min Capacity: 8M
 Heap Initial Capacity: 116M
 Heap Max Capacity: 1856M
 Pre-touch: Disabled
 Parallel Workers: 13
 Concurrent Workers: 3
 Concurrent Refinement Workers: 13
 Periodic GC: Disabled

Heap:
 garbage-first heap   total 206848K, used 122333K [0x000000008c000000, 0x0000000100000000)
  region size 1024K, 1 young (1024K), 1 survivors (1024K)
 Metaspace       used 10751K, committed 11008K, reserved 1114112K
  class space    used 1220K, committed 1344K, reserved 1048576K

Heap Regions: E=young(eden), S=young(survivor), O=old, HS=humongous(starts), HC=humongous(continues), CS=collection set, F=free, OA=open archive, CA=closed archive, TAMS=top-at-mark-start (previous, next)
|   0|0x000000008c000000, 0x000000008c100000, 0x000000008c100000|100%|HS|  |TAMS 0x000000008c100000, 0x000000008c100000| Complete 
|   1|0x000000008c100000, 0x000000008c200000, 0x000000008c200000|100%|HC|  |TAMS 0x000000008c200000, 0x000000008c200000| Complete 
|   2|0x000000008c200000, 0x000000008c300000, 0x000000008c300000|100%|HC|  |TAMS 0x000000008c300000, 0x000000008c300000| Complete 
|   3|0x000000008c300000, 0x000000008c400000, 0x000000008c400000|100%| O|  |TAMS 0x000000008c400000, 0x000000008c400000| Untracked 
|   4|0x000000008c400000, 0x000000008c500000, 0x000000008c500000|100%|HS|  |TAMS 0x000000008c500000, 0x000000008c500000| Complete 
|   5|0x000000008c500000, 0x000000008c600000, 0x000000008c600000|100%|HC|  |TAMS 0x000000008c600000, 0x000000008c600000| Complete 
|   6|0x000000008c600000, 0x000000008c700000, 0x000000008c700000|100%|HC|  |TAMS 0x000000008c700000, 0x000000008c700000| Complete 
|   7|0x000000008c700000, 0x000000008c800000, 0x000000008c800000|100%|HC|  |TAMS 0x000000008c800000, 0x000000008c800000| Complete 
|   8|0x000000008c800000, 0x000000008c900000, 0x000000008c900000|100%|HC|  |TAMS 0x000000008c900000, 0x000000008c900000| Complete 
|   9|0x000000008c900000, 0x000000008ca00000, 0x000000008ca00000|100%|HC|  |TAMS 0x000000008ca00000, 0x000000008ca00000| Complete 
|  10|0x000000008ca00000, 0x000000008cb00000, 0x000000008cb00000|100%|HC|  |TAMS 0x000000008cb00000, 0x000000008cb00000| Complete 
|  11|0x000000008cb00000, 0x000000008cc00000, 0x000000008cc00000|100%|HC|  |TAMS 0x000000008cc00000, 0x000000008cc00000| Complete 
|  12|0x000000008cc00000, 0x000000008cd00000, 0x000000008cd00000|100%|HC|  |TAMS 0x000000008cd00000, 0x000000008cd00000| Complete 
|  13|0x000000008cd00000, 0x000000008ce00000, 0x000000008ce00000|100%|HC|  |TAMS 0x000000008ce00000, 0x000000008ce00000| Complete 
|  14|0x000000008ce00000, 0x000000008cf00000, 0x000000008cf00000|100%|HC|  |TAMS 0x000000008cf00000, 0x000000008cf00000| Complete 
|  15|0x000000008cf00000, 0x000000008d000000, 0x000000008d000000|100%|HC|  |TAMS 0x000000008d000000, 0x000000008d000000| Complete 
|  16|0x000000008d000000, 0x000000008d100000, 0x000000008d100000|100%|HC|  |TAMS 0x000000008d100000, 0x000000008d100000| Complete 
|  17|0x000000008d100000, 0x000000008d200000, 0x000000008d200000|100%|HC|  |TAMS 0x000000008d200000, 0x000000008d200000| Complete 
|  18|0x000000008d200000, 0x000000008d300000, 0x000000008d300000|100%|HC|  |TAMS 0x000000008d300000, 0x000000008d300000| Complete 
|  19|0x000000008d300000, 0x000000008d400000, 0x000000008d400000|100%|HC|  |TAMS 0x000000008d400000, 0x000000008d400000| Complete 
|  20|0x000000008d400000, 0x000000008d500000, 0x000000008d500000|100%|HC|  |TAMS 0x000000008d500000, 0x000000008d500000| Complete 
|  21|0x000000008d500000, 0x000000008d600000, 0x000000008d600000|100%|HC|  |TAMS 0x000000008d600000, 0x000000008d600000| Complete 
|  22|0x000000008d600000, 0x000000008d700000, 0x000000008d700000|100%|HC|  |TAMS 0x000000008d700000, 0x000000008d700000| Complete 
|  23|0x000000008d700000, 0x000000008d800000, 0x000000008d800000|100%|HC|  |TAMS 0x000000008d800000, 0x000000008d800000| Complete 
|  24|0x000000008d800000, 0x000000008d900000, 0x000000008d900000|100%|HC|  |TAMS 0x000000008d900000, 0x000000008d900000| Complete 
|  25|0x000000008d900000, 0x000000008da00000, 0x000000008da00000|100%|HC|  |TAMS 0x000000008da00000, 0x000000008da00000| Complete 
|  26|0x000000008da00000, 0x000000008db00000, 0x000000008db00000|100%|HC|  |TAMS 0x000000008db00000, 0x000000008db00000| Complete 
|  27|0x000000008db00000, 0x000000008dc00000, 0x000000008dc00000|100%|HC|  |TAMS 0x000000008dc00000, 0x000000008dc00000| Complete 
|  28|0x000000008dc00000, 0x000000008dd00000, 0x000000008dd00000|100%|HC|  |TAMS 0x000000008dd00000, 0x000000008dd00000| Complete 
|  29|0x000000008dd00000, 0x000000008de00000, 0x000000008de00000|100%|HC|  |TAMS 0x000000008de00000, 0x000000008de00000| Complete 
|  30|0x000000008de00000, 0x000000008df00000, 0x000000008df00000|100%|HC|  |TAMS 0x000000008df00000, 0x000000008df00000| Complete 
|  31|0x000000008df00000, 0x000000008e000000, 0x000000008e000000|100%|HC|  |TAMS 0x000000008e000000, 0x000000008e000000| Complete 
|  32|0x000000008e000000, 0x000000008e100000, 0x000000008e100000|100%|HC|  |TAMS 0x000000008e100000, 0x000000008e100000| Complete 
|  33|0x000000008e100000, 0x000000008e200000, 0x000000008e200000|100%|HC|  |TAMS 0x000000008e200000, 0x000000008e200000| Complete 
|  34|0x000000008e200000, 0x000000008e300000, 0x000000008e300000|100%|HC|  |TAMS 0x000000008e300000, 0x000000008e300000| Complete 
|  35|0x000000008e300000, 0x000000008e400000, 0x000000008e400000|100%|HC|  |TAMS 0x000000008e400000, 0x000000008e400000| Complete 
|  36|0x000000008e400000, 0x000000008e500000, 0x000000008e500000|100%|HC|  |TAMS 0x000000008e500000, 0x000000008e500000| Complete 
|  37|0x000000008e500000, 0x000000008e600000, 0x000000008e600000|100%|HC|  |TAMS 0x000000008e600000, 0x000000008e600000| Complete 
|  38|0x000000008e600000, 0x000000008e700000, 0x000000008e700000|100%|HC|  |TAMS 0x000000008e700000, 0x000000008e700000| Complete 
|  39|0x000000008e700000, 0x000000008e800000, 0x000000008e800000|100%|HC|  |TAMS 0x000000008e800000, 0x000000008e800000| Complete 
|  40|0x000000008e800000, 0x000000008e900000, 0x000000008e900000|100%|HC|  |TAMS 0x000000008e900000, 0x000000008e900000| Complete 
|  41|0x000000008e900000, 0x000000008ea00000, 0x000000008ea00000|100%|HC|  |TAMS 0x000000008ea00000, 0x000000008ea00000| Complete 
|  42|0x000000008ea00000, 0x000000008eb00000, 0x000000008eb00000|100%|HC|  |TAMS 0x000000008eb00000, 0x000000008eb00000| Complete 
|  43|0x000000008eb00000, 0x000000008ec00000, 0x000000008ec00000|100%|HC|  |TAMS 0x000000008ec00000, 0x000000008ec00000| Complete 
|  44|0x000000008ec00000, 0x000000008ed00000, 0x000000008ed00000|100%|HC|  |TAMS 0x000000008ed00000, 0x000000008ed00000| Complete 
|  45|0x000000008ed00000, 0x000000008ee00000, 0x000000008ee00000|100%|HC|  |TAMS 0x000000008ee00000, 0x000000008ee00000| Complete 
|  46|0x000000008ee00000, 0x000000008ef00000, 0x000000008ef00000|100%|HC|  |TAMS 0x000000008ef00000, 0x000000008ef00000| Complete 
|  47|0x000000008ef00000, 0x000000008f000000, 0x000000008f000000|100%|HC|  |TAMS 0x000000008f000000, 0x000000008f000000| Complete 
|  48|0x000000008f000000, 0x000000008f100000, 0x000000008f100000|100%|HC|  |TAMS 0x000000008f100000, 0x000000008f100000| Complete 
|  49|0x000000008f100000, 0x000000008f200000, 0x000000008f200000|100%|HC|  |TAMS 0x000000008f200000, 0x000000008f200000| Complete 
|  50|0x000000008f200000, 0x000000008f300000, 0x000000008f300000|100%|HC|  |TAMS 0x000000008f300000, 0x000000008f300000| Complete 
|  51|0x000000008f300000, 0x000000008f400000, 0x000000008f400000|100%|HC|  |TAMS 0x000000008f400000, 0x000000008f400000| Complete 
|  52|0x000000008f400000, 0x000000008f500000, 0x000000008f500000|100%|HC|  |TAMS 0x000000008f500000, 0x000000008f500000| Complete 
|  53|0x000000008f500000, 0x000000008f600000, 0x000000008f600000|100%|HC|  |TAMS 0x000000008f600000, 0x000000008f600000| Complete 
|  54|0x000000008f600000, 0x000000008f700000, 0x000000008f700000|100%|HC|  |TAMS 0x000000008f700000, 0x000000008f700000| Complete 
|  55|0x000000008f700000, 0x000000008f800000, 0x000000008f800000|100%|HC|  |TAMS 0x000000008f800000, 0x000000008f800000| Complete 
|  56|0x000000008f800000, 0x000000008f900000, 0x000000008f900000|100%|HC|  |TAMS 0x000000008f900000, 0x000000008f900000| Complete 
|  57|0x000000008f900000, 0x000000008fa00000, 0x000000008fa00000|100%|HC|  |TAMS 0x000000008fa00000, 0x000000008fa00000| Complete 
|  58|0x000000008fa00000, 0x000000008fb00000, 0x000000008fb00000|100%|HC|  |TAMS 0x000000008fb00000, 0x000000008fb00000| Complete 
|  59|0x000000008fb00000, 0x000000008fc00000, 0x000000008fc00000|100%|HC|  |TAMS 0x000000008fc00000, 0x000000008fc00000| Complete 
|  60|0x000000008fc00000, 0x000000008fd00000, 0x000000008fd00000|100%|HC|  |TAMS 0x000000008fd00000, 0x000000008fd00000| Complete 
|  61|0x000000008fd00000, 0x000000008fe00000, 0x000000008fe00000|100%|HC|  |TAMS 0x000000008fe00000, 0x000000008fe00000| Complete 
|  62|0x000000008fe00000, 0x000000008ff00000, 0x000000008ff00000|100%|HC|  |TAMS 0x000000008ff00000, 0x000000008ff00000| Complete 
|  63|0x000000008ff00000, 0x0000000090000000, 0x0000000090000000|100%|HC|  |TAMS 0x0000000090000000, 0x0000000090000000| Complete 
|  64|0x0000000090000000, 0x0000000090100000, 0x0000000090100000|100%|HC|  |TAMS 0x0000000090100000, 0x0000000090100000| Complete 
|  65|0x0000000090100000, 0x0000000090200000, 0x0000000090200000|100%|HC|  |TAMS 0x0000000090200000, 0x0000000090200000| Complete 
|  66|0x0000000090200000, 0x0000000090300000, 0x0000000090300000|100%|HC|  |TAMS 0x0000000090300000, 0x0000000090300000| Complete 
|  67|0x0000000090300000, 0x0000000090400000, 0x0000000090400000|100%|HC|  |TAMS 0x0000000090400000, 0x0000000090400000| Complete 
|  68|0x0000000090400000, 0x0000000090500000, 0x0000000090500000|100%|HC|  |TAMS 0x0000000090500000, 0x0000000090500000| Complete 
|  69|0x0000000090500000, 0x0000000090600000, 0x0000000090600000|100%|HC|  |TAMS 0x0000000090600000, 0x0000000090600000| Complete 
|  70|0x0000000090600000, 0x0000000090700000, 0x0000000090700000|100%|HC|  |TAMS 0x0000000090700000, 0x0000000090700000| Complete 
|  71|0x0000000090700000, 0x0000000090800000, 0x0000000090800000|100%|HC|  |TAMS 0x0000000090800000, 0x0000000090800000| Complete 
|  72|0x0000000090800000, 0x0000000090900000, 0x0000000090900000|100%|HC|  |TAMS 0x0000000090900000, 0x0000000090900000| Complete 
|  73|0x0000000090900000, 0x0000000090a00000, 0x0000000090a00000|100%|HC|  |TAMS 0x0000000090a00000, 0x0000000090a00000| Complete 
|  74|0x0000000090a00000, 0x0000000090b00000, 0x0000000090b00000|100%|HC|  |TAMS 0x0000000090b00000, 0x0000000090b00000| Complete 
|  75|0x0000000090b00000, 0x0000000090c00000, 0x0000000090c00000|100%|HC|  |TAMS 0x0000000090c00000, 0x0000000090c00000| Complete 
|  76|0x0000000090c00000, 0x0000000090d00000, 0x0000000090d00000|100%|HC|  |TAMS 0x0000000090d00000, 0x0000000090d00000| Complete 
|  77|0x0000000090d00000, 0x0000000090e00000, 0x0000000090e00000|100%|HC|  |TAMS 0x0000000090e00000, 0x0000000090e00000| Complete 
|  78|0x0000000090e00000, 0x0000000090f00000, 0x0000000090f00000|100%|HC|  |TAMS 0x0000000090f00000, 0x0000000090f00000| Complete 
|  79|0x0000000090f00000, 0x0000000091000000, 0x0000000091000000|100%|HC|  |TAMS 0x0000000091000000, 0x0000000091000000| Complete 
|  80|0x0000000091000000, 0x0000000091100000, 0x0000000091100000|100%|HC|  |TAMS 0x0000000091100000, 0x0000000091100000| Complete 
|  81|0x0000000091100000, 0x0000000091200000, 0x0000000091200000|100%|HC|  |TAMS 0x0000000091200000, 0x0000000091200000| Complete 
|  82|0x0000000091200000, 0x0000000091300000, 0x0000000091300000|100%|HC|  |TAMS 0x0000000091300000, 0x0000000091300000| Complete 
|  83|0x0000000091300000, 0x0000000091400000, 0x0000000091400000|100%|HC|  |TAMS 0x0000000091400000, 0x0000000091400000| Complete 
|  84|0x0000000091400000, 0x0000000091500000, 0x0000000091500000|100%|HC|  |TAMS 0x0000000091500000, 0x0000000091500000| Complete 
|  85|0x0000000091500000, 0x0000000091600000, 0x0000000091600000|100%| O|  |TAMS 0x0000000091600000, 0x0000000091600000| Untracked 
|  86|0x0000000091600000, 0x0000000091700000, 0x0000000091700000|100%| O|  |TAMS 0x0000000091700000, 0x0000000091700000| Untracked 
|  87|0x0000000091700000, 0x0000000091800000, 0x0000000091800000|100%| O|  |TAMS 0x0000000091800000, 0x0000000091800000| Untracked 
|  88|0x0000000091800000, 0x0000000091900000, 0x0000000091900000|100%|HS|  |TAMS 0x0000000091900000, 0x0000000091900000| Complete 
|  89|0x0000000091900000, 0x0000000091a00000, 0x0000000091a00000|100%|HC|  |TAMS 0x0000000091a00000, 0x0000000091a00000| Complete 
|  90|0x0000000091a00000, 0x0000000091b00000, 0x0000000091b00000|100%|HC|  |TAMS 0x0000000091b00000, 0x0000000091b00000| Complete 
|  91|0x0000000091b00000, 0x0000000091c00000, 0x0000000091c00000|100%|HC|  |TAMS 0x0000000091c00000, 0x0000000091c00000| Complete 
|  92|0x0000000091c00000, 0x0000000091d00000, 0x0000000091d00000|100%|HS|  |TAMS 0x0000000091d00000, 0x0000000091d00000| Complete 
|  93|0x0000000091d00000, 0x0000000091e00000, 0x0000000091e00000|100%|HC|  |TAMS 0x0000000091e00000, 0x0000000091e00000| Complete 
|  94|0x0000000091e00000, 0x0000000091f00000, 0x0000000091f00000|100%|HC|  |TAMS 0x0000000091f00000, 0x0000000091f00000| Complete 
|  95|0x0000000091f00000, 0x0000000092000000, 0x0000000092000000|100%|HC|  |TAMS 0x0000000092000000, 0x0000000092000000| Complete 
|  96|0x0000000092000000, 0x0000000092100000, 0x0000000092100000|100%|HC|  |TAMS 0x0000000092100000, 0x0000000092100000| Complete 
|  97|0x0000000092100000, 0x0000000092200000, 0x0000000092200000|100%|HC|  |TAMS 0x0000000092200000, 0x0000000092200000| Complete 
|  98|0x0000000092200000, 0x0000000092300000, 0x0000000092300000|100%|HC|  |TAMS 0x0000000092300000, 0x0000000092300000| Complete 
|  99|0x0000000092300000, 0x0000000092400000, 0x0000000092400000|100%|HC|  |TAMS 0x0000000092400000, 0x0000000092400000| Complete 
| 100|0x0000000092400000, 0x0000000092500000, 0x0000000092500000|100%|HC|  |TAMS 0x0000000092500000, 0x0000000092500000| Complete 
| 101|0x0000000092500000, 0x0000000092600000, 0x0000000092600000|100%|HC|  |TAMS 0x0000000092600000, 0x0000000092600000| Complete 
| 102|0x0000000092600000, 0x0000000092700000, 0x0000000092700000|100%|HC|  |TAMS 0x0000000092700000, 0x0000000092700000| Complete 
| 103|0x0000000092700000, 0x0000000092800000, 0x0000000092800000|100%|HC|  |TAMS 0x0000000092800000, 0x0000000092800000| Complete 
| 104|0x0000000092800000, 0x0000000092900000, 0x0000000092900000|100%|HC|  |TAMS 0x0000000092900000, 0x0000000092900000| Complete 
| 105|0x0000000092900000, 0x0000000092a00000, 0x0000000092a00000|100%|HS|  |TAMS 0x0000000092a00000, 0x0000000092a00000| Complete 
| 106|0x0000000092a00000, 0x0000000092b00000, 0x0000000092b00000|100%|HC|  |TAMS 0x0000000092b00000, 0x0000000092b00000| Complete 
| 107|0x0000000092b00000, 0x0000000092c00000, 0x0000000092c00000|100%|HS|  |TAMS 0x0000000092c00000, 0x0000000092c00000| Complete 
| 108|0x0000000092c00000, 0x0000000092d00000, 0x0000000092d00000|100%|HC|  |TAMS 0x0000000092d00000, 0x0000000092d00000| Complete 
| 109|0x0000000092d00000, 0x0000000092e00000, 0x0000000092e00000|100%|HS|  |TAMS 0x0000000092e00000, 0x0000000092e00000| Complete 
| 110|0x0000000092e00000, 0x0000000092f00000, 0x0000000092f00000|100%|HS|  |TAMS 0x0000000092f00000, 0x0000000092f00000| Complete 
| 111|0x0000000092f00000, 0x0000000093000000, 0x0000000093000000|100%|HC|  |TAMS 0x0000000093000000, 0x0000000093000000| Complete 
| 112|0x0000000093000000, 0x0000000093100000, 0x0000000093100000|100%|HC|  |TAMS 0x0000000093100000, 0x0000000093100000| Complete 
| 113|0x0000000093100000, 0x0000000093200000, 0x0000000093200000|100%|HC|  |TAMS 0x0000000093200000, 0x0000000093200000| Complete 
| 114|0x0000000093200000, 0x0000000093300000, 0x0000000093300000|100%|HS|  |TAMS 0x0000000093200000, 0x0000000093300000| Complete 
| 115|0x0000000093300000, 0x0000000093400000, 0x0000000093400000|100%|HC|  |TAMS 0x0000000093300000, 0x0000000093400000| Complete 
| 116|0x0000000093400000, 0x0000000093500000, 0x0000000093500000|100%|HC|  |TAMS 0x0000000093400000, 0x0000000093500000| Complete 
| 117|0x0000000093500000, 0x0000000093600000, 0x0000000093600000|100%|HC|  |TAMS 0x0000000093500000, 0x0000000093600000| Complete 
| 118|0x0000000093600000, 0x0000000093700000, 0x0000000093700000|100%|HC|  |TAMS 0x0000000093600000, 0x0000000093700000| Complete 
| 119|0x0000000093700000, 0x0000000093700000, 0x0000000093800000|  0%| F|  |TAMS 0x0000000093700000, 0x0000000093700000| Untracked 
| 120|0x0000000093800000, 0x0000000093800000, 0x0000000093900000|  0%| F|  |TAMS 0x0000000093800000, 0x0000000093800000| Untracked 
| 121|0x0000000093900000, 0x0000000093900000, 0x0000000093a00000|  0%| F|  |TAMS 0x0000000093900000, 0x0000000093900000| Untracked 
| 122|0x0000000093a00000, 0x0000000093a00000, 0x0000000093b00000|  0%| F|  |TAMS 0x0000000093a00000, 0x0000000093a00000| Untracked 
| 123|0x0000000093b00000, 0x0000000093b00000, 0x0000000093c00000|  0%| F|  |TAMS 0x0000000093b00000, 0x0000000093b00000| Untracked 
| 124|0x0000000093c00000, 0x0000000093c00000, 0x0000000093d00000|  0%| F|  |TAMS 0x0000000093c00000, 0x0000000093c00000| Untracked 
| 125|0x0000000093d00000, 0x0000000093d00000, 0x0000000093e00000|  0%| F|  |TAMS 0x0000000093d00000, 0x0000000093d00000| Untracked 
| 126|0x0000000093e00000, 0x0000000093e00000, 0x0000000093f00000|  0%| F|  |TAMS 0x0000000093e00000, 0x0000000093e00000| Untracked 
| 127|0x0000000093f00000, 0x0000000093f00000, 0x0000000094000000|  0%| F|  |TAMS 0x0000000093f00000, 0x0000000093f00000| Untracked 
| 128|0x0000000094000000, 0x0000000094000000, 0x0000000094100000|  0%| F|  |TAMS 0x0000000094000000, 0x0000000094000000| Untracked 
| 129|0x0000000094100000, 0x0000000094100000, 0x0000000094200000|  0%| F|  |TAMS 0x0000000094100000, 0x0000000094100000| Untracked 
| 130|0x0000000094200000, 0x0000000094200000, 0x0000000094300000|  0%| F|  |TAMS 0x0000000094200000, 0x0000000094200000| Untracked 
| 131|0x0000000094300000, 0x0000000094300000, 0x0000000094400000|  0%| F|  |TAMS 0x0000000094300000, 0x0000000094300000| Untracked 
| 132|0x0000000094400000, 0x0000000094400000, 0x0000000094500000|  0%| F|  |TAMS 0x0000000094400000, 0x0000000094400000| Untracked 
| 133|0x0000000094500000, 0x0000000094500000, 0x0000000094600000|  0%| F|  |TAMS 0x0000000094500000, 0x0000000094500000| Untracked 
| 134|0x0000000094600000, 0x0000000094600000, 0x0000000094700000|  0%| F|  |TAMS 0x0000000094600000, 0x0000000094600000| Untracked 
| 135|0x0000000094700000, 0x0000000094700000, 0x0000000094800000|  0%| F|  |TAMS 0x0000000094700000, 0x0000000094700000| Untracked 
| 136|0x0000000094800000, 0x0000000094800000, 0x0000000094900000|  0%| F|  |TAMS 0x0000000094800000, 0x0000000094800000| Untracked 
| 137|0x0000000094900000, 0x0000000094900000, 0x0000000094a00000|  0%| F|  |TAMS 0x0000000094900000, 0x0000000094900000| Untracked 
| 138|0x0000000094a00000, 0x0000000094a00000, 0x0000000094b00000|  0%| F|  |TAMS 0x0000000094a00000, 0x0000000094a00000| Untracked 
| 139|0x0000000094b00000, 0x0000000094b00000, 0x0000000094c00000|  0%| F|  |TAMS 0x0000000094b00000, 0x0000000094b00000| Untracked 
| 140|0x0000000094c00000, 0x0000000094c00000, 0x0000000094d00000|  0%| F|  |TAMS 0x0000000094c00000, 0x0000000094c00000| Untracked 
| 141|0x0000000094d00000, 0x0000000094d00000, 0x0000000094e00000|  0%| F|  |TAMS 0x0000000094d00000, 0x0000000094d00000| Untracked 
| 142|0x0000000094e00000, 0x0000000094e00000, 0x0000000094f00000|  0%| F|  |TAMS 0x0000000094e00000, 0x0000000094e00000| Untracked 
| 143|0x0000000094f00000, 0x0000000094f00000, 0x0000000095000000|  0%| F|  |TAMS 0x0000000094f00000, 0x0000000094f00000| Untracked 
| 144|0x0000000095000000, 0x0000000095000000, 0x0000000095100000|  0%| F|  |TAMS 0x0000000095000000, 0x0000000095000000| Untracked 
| 145|0x0000000095100000, 0x0000000095100000, 0x0000000095200000|  0%| F|  |TAMS 0x0000000095100000, 0x0000000095100000| Untracked 
| 146|0x0000000095200000, 0x0000000095200000, 0x0000000095300000|  0%| F|  |TAMS 0x0000000095200000, 0x0000000095200000| Untracked 
| 147|0x0000000095300000, 0x0000000095300000, 0x0000000095400000|  0%| F|  |TAMS 0x0000000095300000, 0x0000000095300000| Untracked 
| 148|0x0000000095400000, 0x0000000095400000, 0x0000000095500000|  0%| F|  |TAMS 0x0000000095400000, 0x0000000095400000| Untracked 
| 149|0x0000000095500000, 0x0000000095500000, 0x0000000095600000|  0%| F|  |TAMS 0x0000000095500000, 0x0000000095500000| Untracked 
| 150|0x0000000095600000, 0x0000000095600000, 0x0000000095700000|  0%| F|  |TAMS 0x0000000095600000, 0x0000000095600000| Untracked 
| 151|0x0000000095700000, 0x0000000095700000, 0x0000000095800000|  0%| F|  |TAMS 0x0000000095700000, 0x0000000095700000| Untracked 
| 152|0x0000000095800000, 0x0000000095800000, 0x0000000095900000|  0%| F|  |TAMS 0x0000000095800000, 0x0000000095800000| Untracked 
| 153|0x0000000095900000, 0x0000000095900000, 0x0000000095a00000|  0%| F|  |TAMS 0x0000000095900000, 0x0000000095900000| Untracked 
| 154|0x0000000095a00000, 0x0000000095a00000, 0x0000000095b00000|  0%| F|  |TAMS 0x0000000095a00000, 0x0000000095a00000| Untracked 
| 155|0x0000000095b00000, 0x0000000095b00000, 0x0000000095c00000|  0%| F|  |TAMS 0x0000000095b00000, 0x0000000095b00000| Untracked 
| 156|0x0000000095c00000, 0x0000000095c00000, 0x0000000095d00000|  0%| F|  |TAMS 0x0000000095c00000, 0x0000000095c00000| Untracked 
| 157|0x0000000095d00000, 0x0000000095d00000, 0x0000000095e00000|  0%| F|  |TAMS 0x0000000095d00000, 0x0000000095d00000| Untracked 
| 158|0x0000000095e00000, 0x0000000095e00000, 0x0000000095f00000|  0%| F|  |TAMS 0x0000000095e00000, 0x0000000095e00000| Untracked 
| 159|0x0000000095f00000, 0x0000000095f00000, 0x0000000096000000|  0%| F|  |TAMS 0x0000000095f00000, 0x0000000095f00000| Untracked 
| 160|0x0000000096000000, 0x0000000096000000, 0x0000000096100000|  0%| F|  |TAMS 0x0000000096000000, 0x0000000096000000| Untracked 
| 161|0x0000000096100000, 0x0000000096100000, 0x0000000096200000|  0%| F|  |TAMS 0x0000000096100000, 0x0000000096100000| Untracked 
| 162|0x0000000096200000, 0x0000000096200000, 0x0000000096300000|  0%| F|  |TAMS 0x0000000096200000, 0x0000000096200000| Untracked 
| 163|0x0000000096300000, 0x0000000096300000, 0x0000000096400000|  0%| F|  |TAMS 0x0000000096300000, 0x0000000096300000| Untracked 
| 164|0x0000000096400000, 0x0000000096400000, 0x0000000096500000|  0%| F|  |TAMS 0x0000000096400000, 0x0000000096400000| Untracked 
| 165|0x0000000096500000, 0x0000000096500000, 0x0000000096600000|  0%| F|  |TAMS 0x0000000096500000, 0x0000000096500000| Untracked 
| 166|0x0000000096600000, 0x0000000096600000, 0x0000000096700000|  0%| F|  |TAMS 0x0000000096600000, 0x0000000096600000| Untracked 
| 167|0x0000000096700000, 0x0000000096700000, 0x0000000096800000|  0%| F|  |TAMS 0x0000000096700000, 0x0000000096700000| Untracked 
| 168|0x0000000096800000, 0x0000000096800000, 0x0000000096900000|  0%| F|  |TAMS 0x0000000096800000, 0x0000000096800000| Untracked 
| 169|0x0000000096900000, 0x0000000096900000, 0x0000000096a00000|  0%| F|  |TAMS 0x0000000096900000, 0x0000000096900000| Untracked 
| 170|0x0000000096a00000, 0x0000000096a00000, 0x0000000096b00000|  0%| F|  |TAMS 0x0000000096a00000, 0x0000000096a00000| Untracked 
| 171|0x0000000096b00000, 0x0000000096b00000, 0x0000000096c00000|  0%| F|  |TAMS 0x0000000096b00000, 0x0000000096b00000| Untracked 
| 172|0x0000000096c00000, 0x0000000096c00000, 0x0000000096d00000|  0%| F|  |TAMS 0x0000000096c00000, 0x0000000096c00000| Untracked 
| 173|0x0000000096d00000, 0x0000000096d00000, 0x0000000096e00000|  0%| F|  |TAMS 0x0000000096d00000, 0x0000000096d00000| Untracked 
| 174|0x0000000096e00000, 0x0000000096e00000, 0x0000000096f00000|  0%| F|  |TAMS 0x0000000096e00000, 0x0000000096e00000| Untracked 
| 175|0x0000000096f00000, 0x0000000096f00000, 0x0000000097000000|  0%| F|  |TAMS 0x0000000096f00000, 0x0000000096f00000| Untracked 
| 176|0x0000000097000000, 0x0000000097000000, 0x0000000097100000|  0%| F|  |TAMS 0x0000000097000000, 0x0000000097000000| Untracked 
| 177|0x0000000097100000, 0x0000000097100000, 0x0000000097200000|  0%| F|  |TAMS 0x0000000097100000, 0x0000000097100000| Untracked 
| 178|0x0000000097200000, 0x0000000097200000, 0x0000000097300000|  0%| F|  |TAMS 0x0000000097200000, 0x0000000097200000| Untracked 
| 179|0x0000000097300000, 0x0000000097300000, 0x0000000097400000|  0%| F|  |TAMS 0x0000000097300000, 0x0000000097300000| Untracked 
| 180|0x0000000097400000, 0x0000000097400000, 0x0000000097500000|  0%| F|  |TAMS 0x0000000097400000, 0x0000000097400000| Untracked 
| 181|0x0000000097500000, 0x0000000097500000, 0x0000000097600000|  0%| F|  |TAMS 0x0000000097500000, 0x0000000097500000| Untracked 
| 182|0x0000000097600000, 0x0000000097600000, 0x0000000097700000|  0%| F|  |TAMS 0x0000000097600000, 0x0000000097600000| Untracked 
| 183|0x0000000097700000, 0x0000000097700000, 0x0000000097800000|  0%| F|  |TAMS 0x0000000097700000, 0x0000000097700000| Untracked 
| 184|0x0000000097800000, 0x0000000097800000, 0x0000000097900000|  0%| F|  |TAMS 0x0000000097800000, 0x0000000097800000| Untracked 
| 185|0x0000000097900000, 0x0000000097900000, 0x0000000097a00000|  0%| F|  |TAMS 0x0000000097900000, 0x0000000097900000| Untracked 
| 186|0x0000000097a00000, 0x0000000097a00000, 0x0000000097b00000|  0%| F|  |TAMS 0x0000000097a00000, 0x0000000097a00000| Untracked 
| 187|0x0000000097b00000, 0x0000000097b00000, 0x0000000097c00000|  0%| F|  |TAMS 0x0000000097b00000, 0x0000000097b00000| Untracked 
| 188|0x0000000097c00000, 0x0000000097c00000, 0x0000000097d00000|  0%| F|  |TAMS 0x0000000097c00000, 0x0000000097c00000| Untracked 
| 189|0x0000000097d00000, 0x0000000097d00000, 0x0000000097e00000|  0%| F|  |TAMS 0x0000000097d00000, 0x0000000097d00000| Untracked 
| 190|0x0000000097e00000, 0x0000000097e00000, 0x0000000097f00000|  0%| F|  |TAMS 0x0000000097e00000, 0x0000000097e00000| Untracked 
| 191|0x0000000097f00000, 0x0000000097f00000, 0x0000000098000000|  0%| F|  |TAMS 0x0000000097f00000, 0x0000000097f00000| Untracked 
| 192|0x0000000098000000, 0x0000000098000000, 0x0000000098100000|  0%| F|  |TAMS 0x0000000098000000, 0x0000000098000000| Untracked 
| 193|0x0000000098100000, 0x0000000098100000, 0x0000000098200000|  0%| F|  |TAMS 0x0000000098100000, 0x0000000098100000| Untracked 
| 194|0x0000000098200000, 0x0000000098200000, 0x0000000098300000|  0%| F|  |TAMS 0x0000000098200000, 0x0000000098200000| Untracked 
| 195|0x0000000098300000, 0x0000000098300000, 0x0000000098400000|  0%| F|  |TAMS 0x0000000098300000, 0x0000000098300000| Untracked 
| 196|0x0000000098400000, 0x0000000098477620, 0x0000000098500000| 46%| S|CS|TAMS 0x0000000098400000, 0x0000000098400000| Complete 
| 197|0x0000000098500000, 0x0000000098500000, 0x0000000098600000|  0%| F|  |TAMS 0x0000000098500000, 0x0000000098500000| Untracked 
| 198|0x0000000098600000, 0x0000000098600000, 0x0000000098700000|  0%| F|  |TAMS 0x0000000098600000, 0x0000000098600000| Untracked 
| 199|0x0000000098700000, 0x0000000098700000, 0x0000000098800000|  0%| F|  |TAMS 0x0000000098700000, 0x0000000098700000| Untracked 
| 200|0x0000000098800000, 0x0000000098800000, 0x0000000098900000|  0%| F|  |TAMS 0x0000000098800000, 0x0000000098800000| Untracked 
| 201|0x0000000098900000, 0x0000000098900000, 0x0000000098a00000|  0%| F|  |TAMS 0x0000000098900000, 0x0000000098900000| Untracked 

Card table byte_map: [0x0000018437830000,0x0000018437bd0000] _byte_map_base: 0x00000184373d0000

Marking Bits (Prev, Next): (CMBitMap*) 0x00000184203bf670, (CMBitMap*) 0x00000184203bf630
 Prev Bits: [0x0000018439c70000, 0x000001843b970000)
 Next Bits: [0x0000018437f70000, 0x0000018439c70000)

Polling page: 0x000001841fb40000

Metaspace:

Usage:
  Non-class:      9.31 MB used.
      Class:      1.19 MB used.
       Both:     10.50 MB used.

Virtual space:
  Non-class space:       64.00 MB reserved,       9.44 MB ( 15%) committed,  1 nodes.
      Class space:        1.00 GB reserved,       1.31 MB ( <1%) committed,  1 nodes.
             Both:        1.06 GB reserved,      10.75 MB ( <1%) committed. 

Chunk freelists:
   Non-Class:  6.47 MB
       Class:  14.73 MB
        Both:  21.20 MB

MaxMetaspaceSize: unlimited
CompressedClassSpaceSize: 1.00 GB
Initial GC threshold: 21.00 MB
Current GC threshold: 21.00 MB
CDS: on
MetaspaceReclaimPolicy: balanced
 - commit_granule_bytes: 65536.
 - commit_granule_words: 8192.
 - virtual_space_node_default_size: 8388608.
 - enlarge_chunks_in_place: 1.
 - new_chunks_are_fully_committed: 0.
 - uncommit_free_chunks: 1.
 - use_allocation_guard: 0.
 - handle_deallocations: 1.


Internal statistics:

num_allocs_failed_limit: 0.
num_arena_births: 120.
num_arena_deaths: 0.
num_vsnodes_births: 2.
num_vsnodes_deaths: 0.
num_space_committed: 172.
num_space_uncommitted: 0.
num_chunks_returned_to_freelist: 0.
num_chunks_taken_from_freelist: 180.
num_chunk_merges: 0.
num_chunk_splits: 96.
num_chunks_enlarged: 31.
num_inconsistent_stats: 0.

CodeHeap 'non-profiled nmethods': size=119168Kb used=488Kb max_used=488Kb free=118679Kb
 bounds [0x000001842f7b0000, 0x000001842fa20000, 0x0000018436c10000]
CodeHeap 'profiled nmethods': size=119104Kb used=3137Kb max_used=3137Kb free=115967Kb
 bounds [0x0000018427c10000, 0x0000018427f30000, 0x000001842f060000]
CodeHeap 'non-nmethods': size=7488Kb used=2986Kb max_used=3009Kb free=4501Kb
 bounds [0x000001842f060000, 0x000001842f360000, 0x000001842f7b0000]
 total_blobs=2389 nmethods=1759 adapters=539
 compilation: enabled
              stopped_count=0, restarted_count=0
 full_count=0

Compilation events (20 events):
Event: 1.488 Thread 0x000001843e9a3670 1751   !   4       jdk.internal.misc.ScopedMemoryAccess::getByte (20 bytes)
Event: 1.489 Thread 0x000001843e9a3670 nmethod 1751 0x000001842f827090 code [0x000001842f827200, 0x000001842f8272b8]
Event: 1.496 Thread 0x000001843e9a3670 1754       4       java.io.BufferedInputStream::read1 (108 bytes)
Event: 1.498 Thread 0x000001843e9a3670 nmethod 1754 0x000001842f827790 code [0x000001842f827920, 0x000001842f827b68]
Event: 1.499 Thread 0x000001843ebb2a20 1755       3       java.io.FileInputStream::read (8 bytes)
Event: 1.499 Thread 0x000001843ebb2a20 nmethod 1755 0x0000018427f1e710 code [0x0000018427f1e8a0, 0x0000018427f1e9e8]
Event: 1.502 Thread 0x000001843e9a3670 1756  s    4       java.io.BufferedInputStream::read (113 bytes)
Event: 1.511 Thread 0x000001843e9a3670 nmethod 1756 0x000001842f827d90 code [0x000001842f827f60, 0x000001842f828908]
Event: 1.522 Thread 0x000001843e9a3670 1757       4       java.nio.DirectIntBufferU::ix (10 bytes)
Event: 1.523 Thread 0x000001843e9a3670 nmethod 1757 0x000001842f828f10 code [0x000001842f829080, 0x000001842f8290f8]
Event: 1.523 Thread 0x000001843ebc0250 1758       3       java.lang.StringBuilder::<init> (6 bytes)
Event: 1.523 Thread 0x000001843ebc0250 nmethod 1758 0x0000018427f1ea90 code [0x0000018427f1ec20, 0x0000018427f1ed68]
Event: 1.539 Thread 0x000001843ebb2a20 1759       3       java.io.BufferedInputStream::fill (203 bytes)
Event: 1.541 Thread 0x000001843ebb2a20 nmethod 1759 0x0000018427f1ee10 code [0x0000018427f1f080, 0x0000018427f1fce8]
Event: 1.550 Thread 0x000001843e9a3670 1760       4       java.lang.AbstractStringBuilder::append (77 bytes)
Event: 1.551 Thread 0x000001843ebb2a20 1762       3       java.util.Calendar::internalGet (7 bytes)
Event: 1.551 Thread 0x000001843ebb2a20 nmethod 1762 0x0000018427f20090 code [0x0000018427f20220, 0x0000018427f20358]
Event: 1.555 Thread 0x000001843e9a3670 nmethod 1760 0x000001842f829210 code [0x000001842f8293c0, 0x000001842f829998]
Event: 1.555 Thread 0x000001843e9a3670 1761       4       java.lang.String::indexOf (7 bytes)
Event: 1.556 Thread 0x000001843e9a3670 nmethod 1761 0x000001842f829c90 code [0x000001842f829e00, 0x000001842f829fd8]

GC Heap History (20 events):
Event: 1.131 GC heap after
{Heap after GC invocations=3 (full 0):
 garbage-first heap   total 118784K, used 90162K [0x000000008c000000, 0x0000000100000000)
  region size 1024K, 1 young (1024K), 1 survivors (1024K)
 Metaspace       used 10750K, committed 11008K, reserved 1114112K
  class space    used 1220K, committed 1344K, reserved 1048576K
}
Event: 1.163 GC heap before
{Heap before GC invocations=4 (full 0):
 garbage-first heap   total 157696K, used 98354K [0x000000008c000000, 0x0000000100000000)
  region size 1024K, 10 young (10240K), 1 survivors (1024K)
 Metaspace       used 10750K, committed 11008K, reserved 1114112K
  class space    used 1220K, committed 1344K, reserved 1048576K
}
Event: 1.164 GC heap after
{Heap after GC invocations=5 (full 0):
 garbage-first heap   total 157696K, used 90131K [0x000000008c000000, 0x0000000100000000)
  region size 1024K, 1 young (1024K), 1 survivors (1024K)
 Metaspace       used 10750K, committed 11008K, reserved 1114112K
  class space    used 1220K, committed 1344K, reserved 1048576K
}
Event: 1.308 GC heap before
{Heap before GC invocations=5 (full 0):
 garbage-first heap   total 157696K, used 133139K [0x000000008c000000, 0x0000000100000000)
  region size 1024K, 44 young (45056K), 1 survivors (1024K)
 Metaspace       used 10750K, committed 11008K, reserved 1114112K
  class space    used 1220K, committed 1344K, reserved 1048576K
}
Event: 1.309 GC heap after
{Heap after GC invocations=6 (full 0):
 garbage-first heap   total 157696K, used 90118K [0x000000008c000000, 0x0000000100000000)
  region size 1024K, 1 young (1024K), 1 survivors (1024K)
 Metaspace       used 10750K, committed 11008K, reserved 1114112K
  class space    used 1220K, committed 1344K, reserved 1048576K
}
Event: 1.348 GC heap before
{Heap before GC invocations=7 (full 0):
 garbage-first heap   total 157696K, used 102406K [0x000000008c000000, 0x0000000100000000)
  region size 1024K, 15 young (15360K), 1 survivors (1024K)
 Metaspace       used 10750K, committed 11008K, reserved 1114112K
  class space    used 1220K, committed 1344K, reserved 1048576K
}
Event: 1.349 GC heap after
{Heap after GC invocations=8 (full 0):
 garbage-first heap   total 157696K, used 90135K [0x000000008c000000, 0x0000000100000000)
  region size 1024K, 1 young (1024K), 1 survivors (1024K)
 Metaspace       used 10750K, committed 11008K, reserved 1114112K
  class space    used 1220K, committed 1344K, reserved 1048576K
}
Event: 1.375 GC heap before
{Heap before GC invocations=9 (full 0):
 garbage-first heap   total 160768K, used 98327K [0x000000008c000000, 0x0000000100000000)
  region size 1024K, 6 young (6144K), 1 survivors (1024K)
 Metaspace       used 10750K, committed 11008K, reserved 1114112K
  class space    used 1220K, committed 1344K, reserved 1048576K
}
Event: 1.376 GC heap after
{Heap after GC invocations=10 (full 0):
 garbage-first heap   total 160768K, used 94238K [0x000000008c000000, 0x0000000100000000)
  region size 1024K, 1 young (1024K), 1 survivors (1024K)
 Metaspace       used 10750K, committed 11008K, reserved 1114112K
  class space    used 1220K, committed 1344K, reserved 1048576K
}
Event: 1.458 GC heap before
{Heap before GC invocations=11 (full 0):
 garbage-first heap   total 183296K, used 120862K [0x000000008c000000, 0x0000000100000000)
  region size 1024K, 15 young (15360K), 1 survivors (1024K)
 Metaspace       used 10750K, committed 11008K, reserved 1114112K
  class space    used 1220K, committed 1344K, reserved 1048576K
}
Event: 1.459 GC heap after
{Heap after GC invocations=12 (full 0):
 garbage-first heap   total 183296K, used 107544K [0x000000008c000000, 0x0000000100000000)
  region size 1024K, 1 young (1024K), 1 survivors (1024K)
 Metaspace       used 10750K, committed 11008K, reserved 1114112K
  class space    used 1220K, committed 1344K, reserved 1048576K
}
Event: 1.466 GC heap before
{Heap before GC invocations=13 (full 0):
 garbage-first heap   total 189440K, used 111640K [0x000000008c000000, 0x0000000100000000)
  region size 1024K, 4 young (4096K), 1 survivors (1024K)
 Metaspace       used 10750K, committed 11008K, reserved 1114112K
  class space    used 1220K, committed 1344K, reserved 1048576K
}
Event: 1.467 GC heap after
{Heap after GC invocations=14 (full 0):
 garbage-first heap   total 189440K, used 109592K [0x000000008c000000, 0x0000000100000000)
  region size 1024K, 1 young (1024K), 1 survivors (1024K)
 Metaspace       used 10750K, committed 11008K, reserved 1114112K
  class space    used 1220K, committed 1344K, reserved 1048576K
}
Event: 1.482 GC heap before
{Heap before GC invocations=15 (full 0):
 garbage-first heap   total 189440K, used 112664K [0x000000008c000000, 0x0000000100000000)
  region size 1024K, 3 young (3072K), 1 survivors (1024K)
 Metaspace       used 10750K, committed 11008K, reserved 1114112K
  class space    used 1220K, committed 1344K, reserved 1048576K
}
Event: 1.483 GC heap after
{Heap after GC invocations=16 (full 0):
 garbage-first heap   total 189440K, used 111642K [0x000000008c000000, 0x0000000100000000)
  region size 1024K, 1 young (1024K), 1 survivors (1024K)
 Metaspace       used 10750K, committed 11008K, reserved 1114112K
  class space    used 1220K, committed 1344K, reserved 1048576K
}
Event: 1.504 GC heap before
{Heap before GC invocations=17 (full 0):
 garbage-first heap   total 193536K, used 114714K [0x000000008c000000, 0x0000000100000000)
  region size 1024K, 4 young (4096K), 1 survivors (1024K)
 Metaspace       used 10751K, committed 11008K, reserved 1114112K
  class space    used 1220K, committed 1344K, reserved 1048576K
}
Event: 1.505 GC heap after
{Heap after GC invocations=18 (full 0):
 garbage-first heap   total 193536K, used 113111K [0x000000008c000000, 0x0000000100000000)
  region size 1024K, 1 young (1024K), 1 survivors (1024K)
 Metaspace       used 10751K, committed 11008K, reserved 1114112K
  class space    used 1220K, committed 1344K, reserved 1048576K
}
Event: 1.524 GC heap before
{Heap before GC invocations=19 (full 0):
 garbage-first heap   total 198656K, used 120279K [0x000000008c000000, 0x0000000100000000)
  region size 1024K, 5 young (5120K), 1 survivors (1024K)
 Metaspace       used 10751K, committed 11008K, reserved 1114112K
  class space    used 1220K, committed 1344K, reserved 1048576K
}
Event: 1.525 GC heap after
{Heap after GC invocations=20 (full 0):
 garbage-first heap   total 198656K, used 117212K [0x000000008c000000, 0x0000000100000000)
  region size 1024K, 1 young (1024K), 1 survivors (1024K)
 Metaspace       used 10751K, committed 11008K, reserved 1114112K
  class space    used 1220K, committed 1344K, reserved 1048576K
}
Event: 1.561 GC heap before
{Heap before GC invocations=21 (full 0):
 garbage-first heap   total 206848K, used 127452K [0x000000008c000000, 0x0000000100000000)
  region size 1024K, 7 young (7168K), 1 survivors (1024K)
 Metaspace       used 10751K, committed 11008K, reserved 1114112K
  class space    used 1220K, committed 1344K, reserved 1048576K
}

Deoptimization events (20 events):
Event: 0.600 Thread 0x000001843eee7860 Uncommon trap: trap_request=0xffffff45 fr.pc=0x000001842f7d874c relative=0x000000000000096c
Event: 0.600 Thread 0x000001843eee7860 Uncommon trap: reason=unstable_if action=reinterpret pc=0x000001842f7d874c method=java.util.HashMap.resize()[Ljava/util/HashMap$Node; @ 203 c2
Event: 0.600 Thread 0x000001843eee7860 DEOPT PACKING pc=0x000001842f7d874c sp=0x000000712f0fd480
Event: 0.600 Thread 0x000001843eee7860 DEOPT UNPACKING pc=0x000001842f0b23a3 sp=0x000000712f0fd420 mode 2
Event: 0.673 Thread 0x000001843eee7860 Uncommon trap: trap_request=0xffffff45 fr.pc=0x000001842f7ffc48 relative=0x0000000000000488
Event: 0.673 Thread 0x000001843eee7860 Uncommon trap: reason=unstable_if action=reinterpret pc=0x000001842f7ffc48 method=java.lang.StringLatin1.toLowerCase(Ljava/lang/String;[BLjava/util/Locale;)Ljava/lang/String; @ 43 c2
Event: 0.673 Thread 0x000001843eee7860 DEOPT PACKING pc=0x000001842f7ffc48 sp=0x000000712f0fdda0
Event: 0.673 Thread 0x000001843eee7860 DEOPT UNPACKING pc=0x000001842f0b23a3 sp=0x000000712f0fdd10 mode 2
Event: 0.726 Thread 0x000001843eee7860 Uncommon trap: trap_request=0xffffff45 fr.pc=0x000001842f7db374 relative=0x0000000000000954
Event: 0.726 Thread 0x000001843eee7860 Uncommon trap: reason=unstable_if action=reinterpret pc=0x000001842f7db374 method=java.util.HashMap.putVal(ILjava/lang/Object;Ljava/lang/Object;ZZ)Ljava/lang/Object; @ 109 c2
Event: 0.726 Thread 0x000001843eee7860 DEOPT PACKING pc=0x000001842f7db374 sp=0x000000712f0fcd10
Event: 0.726 Thread 0x000001843eee7860 DEOPT UNPACKING pc=0x000001842f0b23a3 sp=0x000000712f0fcc38 mode 2
Event: 0.859 Thread 0x0000018492fe1010 Uncommon trap: trap_request=0xffffff45 fr.pc=0x000001842f7e06b4 relative=0x0000000000000214
Event: 0.859 Thread 0x0000018492fe1010 Uncommon trap: reason=unstable_if action=reinterpret pc=0x000001842f7e06b4 method=java.util.StringTokenizer.scanToken(I)I @ 42 c2
Event: 0.859 Thread 0x0000018492fe1010 DEOPT PACKING pc=0x000001842f7e06b4 sp=0x00000071305fe030
Event: 0.859 Thread 0x0000018492fe1010 DEOPT UNPACKING pc=0x000001842f0b23a3 sp=0x00000071305fdfc0 mode 2
Event: 1.346 Thread 0x000001843eee7860 Uncommon trap: trap_request=0xffffff45 fr.pc=0x000001842f7fe758 relative=0x00000000000000d8
Event: 1.346 Thread 0x000001843eee7860 Uncommon trap: reason=unstable_if action=reinterpret pc=0x000001842f7fe758 method=java.lang.ref.SoftReference.get()Ljava/lang/Object; @ 17 c2
Event: 1.346 Thread 0x000001843eee7860 DEOPT PACKING pc=0x000001842f7fe758 sp=0x000000712f0fe800
Event: 1.346 Thread 0x000001843eee7860 DEOPT UNPACKING pc=0x000001842f0b23a3 sp=0x000000712f0fe7b8 mode 2

Classes unloaded (0 events):
No events

Classes redefined (0 events):
No events

Internal exceptions (20 events):
Event: 0.303 Thread 0x0000018420367490 Exception <a 'java/lang/ClassNotFoundException'{0x0000000092e70b08}: EditorPane> (0x0000000092e70b08) 
thrown [s\open\src\hotspot\share\classfile\systemDictionary.cpp, line 256]
Event: 0.303 Thread 0x0000018420367490 Exception <a 'java/lang/ClassNotFoundException'{0x0000000092e71468}: ToolBar> (0x0000000092e71468) 
thrown [s\open\src\hotspot\share\classfile\systemDictionary.cpp, line 256]
Event: 0.303 Thread 0x0000018420367490 Exception <a 'java/lang/ClassNotFoundException'{0x0000000092e71960}: ToolBar> (0x0000000092e71960) 
thrown [s\open\src\hotspot\share\classfile\systemDictionary.cpp, line 256]
Event: 0.303 Thread 0x0000018420367490 Exception <a 'java/lang/ClassNotFoundException'{0x0000000092e71cc0}: Button> (0x0000000092e71cc0) 
thrown [s\open\src\hotspot\share\classfile\systemDictionary.cpp, line 256]
Event: 0.303 Thread 0x0000018420367490 Exception <a 'java/lang/ClassNotFoundException'{0x0000000092e72188}: ToolBar> (0x0000000092e72188) 
thrown [s\open\src\hotspot\share\classfile\systemDictionary.cpp, line 256]
Event: 0.303 Thread 0x0000018420367490 Exception <a 'java/lang/ClassNotFoundException'{0x0000000092e724f8}: ToggleButton> (0x0000000092e724f8) 
thrown [s\open\src\hotspot\share\classfile\systemDictionary.cpp, line 256]
Event: 0.303 Thread 0x0000018420367490 Exception <a 'java/lang/ClassNotFoundException'{0x0000000092e72938}: javax/swing/JToolBarSeparator> (0x0000000092e72938) 
thrown [s\open\src\hotspot\share\classfile\systemDictionary.cpp, line 256]
Event: 0.303 Thread 0x0000018420367490 Exception <a 'java/lang/ClassNotFoundException'{0x0000000092e72c40}: ToolBarSeparator> (0x0000000092e72c40) 
thrown [s\open\src\hotspot\share\classfile\systemDictionary.cpp, line 256]
Event: 0.304 Thread 0x0000018420367490 Exception <a 'java/lang/ClassNotFoundException'{0x0000000092e73158}: ToolTip> (0x0000000092e73158) 
thrown [s\open\src\hotspot\share\classfile\systemDictionary.cpp, line 256]
Event: 0.305 Thread 0x0000018420367490 Exception <a 'java/lang/ClassNotFoundException'{0x0000000092e73aa8}: Tree> (0x0000000092e73aa8) 
thrown [s\open\src\hotspot\share\classfile\systemDictionary.cpp, line 256]
Event: 0.305 Thread 0x0000018420367490 Exception <a 'java/lang/ClassNotFoundException'{0x0000000092e73fa0}: Tree> (0x0000000092e73fa0) 
thrown [s\open\src\hotspot\share\classfile\systemDictionary.cpp, line 256]
Event: 0.305 Thread 0x0000018420367490 Exception <a 'java/lang/ClassNotFoundException'{0x0000000092e74310}: javax/swing/JTreeCell> (0x0000000092e74310) 
thrown [s\open\src\hotspot\share\classfile\systemDictionary.cpp, line 256]
Event: 0.305 Thread 0x0000018420367490 Exception <a 'java/lang/ClassNotFoundException'{0x0000000092e74610}: TreeCell> (0x0000000092e74610) 
thrown [s\open\src\hotspot\share\classfile\systemDictionary.cpp, line 256]
Event: 0.305 Thread 0x0000018420367490 Exception <a 'java/lang/ClassNotFoundException'{0x0000000092e74dd0}: RootPane> (0x0000000092e74dd0) 
thrown [s\open\src\hotspot\share\classfile\systemDictionary.cpp, line 256]
Event: 0.307 Thread 0x0000018420367490 Exception <a 'java/lang/ClassNotFoundException'{0x0000000092e77e68}: com/sun/swing/internal/plaf/metal/resources/spi/metalProvider> (0x0000000092e77e68) 
thrown [s\open\src\hotspot\share\classfile\systemDictionary.cpp, line 256]
Event: 0.308 Thread 0x0000018420367490 Exception <a 'java/lang/ClassNotFoundException'{0x0000000092e7ba18}: com/sun/swing/internal/plaf/basic/resources/spi/basicProvider> (0x0000000092e7ba18) 
thrown [s\open\src\hotspot\share\classfile\systemDictionary.cpp, line 256]
Event: 0.436 Thread 0x000001843eee7860 Exception <a 'java/lang/ClassNotFoundException'{0x0000000092d02e78}: com/sun/swing/internal/plaf/synth/resources/spi/synthProvider> (0x0000000092d02e78) 
thrown [s\open\src\hotspot\share\classfile\systemDictionary.cpp, line 256]
Event: 0.712 Thread 0x000001843eee7860 Exception <a 'java/lang/NoSuchMethodError'{0x0000000092afa580}: 'void java.lang.invoke.DirectMethodHandle$Holder.invokeStaticInit(java.lang.Object)'> (0x0000000092afa580) 
thrown [s\open\src\hotspot\share\interpreter\linkResolver.cpp, line 759]
Event: 0.755 Thread 0x000001843ee43f40 Exception <a 'java/lang/NoSuchMethodError'{0x0000000093085d10}: 'void java.lang.invoke.DirectMethodHandle$Holder.invokeVirtual(java.lang.Object, java.lang.Object)'> (0x0000000093085d10) 
thrown [s\open\src\hotspot\share\interpreter\linkResolver.cpp, line 759]
Event: 0.876 Thread 0x0000018492fe1010 Exception <a 'java/lang/NoSuchMethodError'{0x00000000928d4fa8}: 'java.lang.Object java.lang.invoke.DirectMethodHandle$Holder.newInvokeSpecial(java.lang.Object, java.lang.Object, java.lang.Object, int, int, int, int, int)'> (0x00000000928d4fa8) 
thrown [s\open\src\hotspot\share\interpreter\linkResolver.cpp, line 759]

VM Operations (20 events):
Event: 1.472 Executing VM operation: G1Concurrent done
Event: 1.482 Executing VM operation: G1TryInitiateConcMark
Event: 1.483 Executing VM operation: G1TryInitiateConcMark done
Event: 1.487 Executing VM operation: G1Concurrent
Event: 1.488 Executing VM operation: G1Concurrent done
Event: 1.488 Executing VM operation: G1Concurrent
Event: 1.488 Executing VM operation: G1Concurrent done
Event: 1.504 Executing VM operation: G1TryInitiateConcMark
Event: 1.505 Executing VM operation: G1TryInitiateConcMark done
Event: 1.509 Executing VM operation: G1Concurrent
Event: 1.510 Executing VM operation: G1Concurrent done
Event: 1.510 Executing VM operation: G1Concurrent
Event: 1.510 Executing VM operation: G1Concurrent done
Event: 1.524 Executing VM operation: G1TryInitiateConcMark
Event: 1.525 Executing VM operation: G1TryInitiateConcMark done
Event: 1.529 Executing VM operation: G1Concurrent
Event: 1.530 Executing VM operation: G1Concurrent done
Event: 1.530 Executing VM operation: G1Concurrent
Event: 1.530 Executing VM operation: G1Concurrent done
Event: 1.561 Executing VM operation: G1TryInitiateConcMark

Events (20 events):
Event: 0.882 loading class sun/awt/image/SunWritableRaster done
Event: 0.884 loading class java/awt/image/SinglePixelPackedSampleModel
Event: 0.884 loading class java/awt/image/SampleModel
Event: 0.884 loading class java/awt/image/SampleModel done
Event: 0.884 loading class java/awt/image/SinglePixelPackedSampleModel done
Event: 0.885 loading class sun/awt/image/IntegerInterleavedRaster
Event: 0.885 loading class sun/awt/image/IntegerComponentRaster
Event: 0.885 loading class sun/awt/image/IntegerComponentRaster done
Event: 0.885 loading class sun/awt/image/IntegerInterleavedRaster done
Event: 0.885 loading class java/awt/image/BufferedImage
Event: 0.886 loading class java/awt/image/WritableRenderedImage
Event: 0.886 loading class java/awt/image/RenderedImage
Event: 0.886 loading class java/awt/image/RenderedImage done
Event: 0.886 loading class java/awt/image/WritableRenderedImage done
Event: 0.886 loading class java/awt/image/BufferedImage done
Event: 0.886 loading class java/awt/image/BufferedImage$1
Event: 0.886 loading class java/awt/image/BufferedImage$1 done
Event: 1.204 Thread 0x0000018492fc9ec0 Thread exited: 0x0000018492fc9ec0
Event: 1.486 loading class jdk/internal/misc/ScopedMemoryAccess$Scope
Event: 1.486 loading class jdk/internal/misc/ScopedMemoryAccess$Scope done


Dynamic libraries:
0x00007ff79d3f0000 - 0x00007ff79d400000 	C:\Program Files\Java\jdk-17\bin\java.exe
0x00007fffb5b70000 - 0x00007fffb5d87000 	C:\Windows\SYSTEM32\ntdll.dll
0x00007fffb49c0000 - 0x00007fffb4a84000 	C:\Windows\System32\KERNEL32.DLL
0x00007fffb32e0000 - 0x00007fffb3686000 	C:\Windows\System32\KERNELBASE.dll
0x00007fffb2f10000 - 0x00007fffb3021000 	C:\Windows\System32\ucrtbase.dll
0x00007fff9c650000 - 0x00007fff9c66b000 	C:\Program Files\Java\jdk-17\bin\VCRUNTIME140.dll
0x00007fffae360000 - 0x00007fffae379000 	C:\Program Files\Java\jdk-17\bin\jli.dll
0x00007fffb38c0000 - 0x00007fffb3971000 	C:\Windows\System32\ADVAPI32.dll
0x00007fffb4770000 - 0x00007fffb4817000 	C:\Windows\System32\msvcrt.dll
0x00007fffb5960000 - 0x00007fffb5a05000 	C:\Windows\System32\sechost.dll
0x00007fffb5a10000 - 0x00007fffb5b27000 	C:\Windows\System32\RPCRT4.dll
0x00007fffb3b20000 - 0x00007fffb3cce000 	C:\Windows\System32\USER32.dll
0x00007fffb2ee0000 - 0x00007fffb2f06000 	C:\Windows\System32\win32u.dll
0x00007fffb3cd0000 - 0x00007fffb3cf9000 	C:\Windows\System32\GDI32.dll
0x00007fffb3030000 - 0x00007fffb3148000 	C:\Windows\System32\gdi32full.dll
0x00007fffb3150000 - 0x00007fffb31ea000 	C:\Windows\System32\msvcp_win.dll
0x00007fffa1280000 - 0x00007fffa1513000 	C:\Windows\WinSxS\amd64_microsoft.windows.common-controls_6595b64144ccf1df_6.0.22621.2506_none_270c5ae97388e100\COMCTL32.dll
0x00007fffaadd0000 - 0x00007fffaadda000 	C:\Windows\SYSTEM32\VERSION.dll
0x00007fffb3d10000 - 0x00007fffb3d41000 	C:\Windows\System32\IMM32.DLL
0x00007fff9e4d0000 - 0x00007fff9e4dc000 	C:\Program Files\Java\jdk-17\bin\vcruntime140_1.dll
0x00007fff7b3f0000 - 0x00007fff7b47e000 	C:\Program Files\Java\jdk-17\bin\msvcp140.dll
0x00007fff3f3b0000 - 0x00007fff3ff91000 	C:\Program Files\Java\jdk-17\bin\server\jvm.dll
0x00007fffb3ee0000 - 0x00007fffb3ee8000 	C:\Windows\System32\PSAPI.DLL
0x00007fffab080000 - 0x00007fffab0b4000 	C:\Windows\SYSTEM32\WINMM.dll
0x00007fff9fe60000 - 0x00007fff9fe69000 	C:\Windows\SYSTEM32\WSOCK32.dll
0x00007fffb4d50000 - 0x00007fffb4dc1000 	C:\Windows\System32\WS2_32.dll
0x00007fffb1eb0000 - 0x00007fffb1ec8000 	C:\Windows\SYSTEM32\kernel.appcore.dll
0x00007fff9c960000 - 0x00007fff9c96a000 	C:\Program Files\Java\jdk-17\bin\jimage.dll
0x00007fffa97d0000 - 0x00007fffa9a03000 	C:\Windows\SYSTEM32\DBGHELP.DLL
0x00007fffb5560000 - 0x00007fffb58e9000 	C:\Windows\System32\combase.dll
0x00007fffb39d0000 - 0x00007fffb3aa7000 	C:\Windows\System32\OLEAUT32.dll
0x00007fffa9790000 - 0x00007fffa97c2000 	C:\Windows\SYSTEM32\dbgcore.DLL
0x00007fffb3260000 - 0x00007fffb32da000 	C:\Windows\System32\bcryptPrimitives.dll
0x00007fff9c570000 - 0x00007fff9c595000 	C:\Program Files\Java\jdk-17\bin\java.dll
0x00007fff9bc50000 - 0x00007fff9bd27000 	C:\Program Files\Java\jdk-17\bin\jsvml.dll
0x00007fffb3ef0000 - 0x00007fffb474a000 	C:\Windows\System32\SHELL32.dll
0x00007fffb0db0000 - 0x00007fffb16a6000 	C:\Windows\SYSTEM32\windows.storage.dll
0x00007fffb0c70000 - 0x00007fffb0dae000 	C:\Windows\SYSTEM32\wintypes.dll
0x00007fffb3de0000 - 0x00007fffb3ed3000 	C:\Windows\System32\SHCORE.dll
0x00007fffb4b20000 - 0x00007fffb4b7e000 	C:\Windows\System32\shlwapi.dll
0x00007fffb2e10000 - 0x00007fffb2e36000 	C:\Windows\SYSTEM32\profapi.dll
0x00007fff9c550000 - 0x00007fff9c569000 	C:\Program Files\Java\jdk-17\bin\net.dll
0x00007fffad570000 - 0x00007fffad6a7000 	C:\Windows\SYSTEM32\WINHTTP.dll
0x00007fffb2340000 - 0x00007fffb23a9000 	C:\Windows\system32\mswsock.dll
0x00007fff9c480000 - 0x00007fff9c496000 	C:\Program Files\Java\jdk-17\bin\nio.dll
0x00007fff5d2c0000 - 0x00007fff5d451000 	C:\Program Files\Java\jdk-17\bin\awt.dll
0x00007fffb01e0000 - 0x00007fffb0277000 	C:\Windows\SYSTEM32\apphelp.dll
0x00007fffb0370000 - 0x00007fffb041b000 	C:\Windows\system32\uxtheme.dll
0x00007fffb5410000 - 0x00007fffb5560000 	C:\Windows\System32\MSCTF.dll
0x00007fffb4820000 - 0x00007fffb49c0000 	C:\Windows\System32\ole32.dll
0x00007fffb05e0000 - 0x00007fffb060b000 	C:\Windows\system32\DWMAPI.DLL
0x00007fff75c20000 - 0x00007fff75ca7000 	C:\Program Files\Java\jdk-17\bin\freetype.dll
0x00007fff60610000 - 0x00007fff606e3000 	C:\Program Files\Java\jdk-17\bin\fontmanager.dll
0x00007fff56e20000 - 0x00007fff56f20000 	C:\Windows\system32\opengl32.dll
0x00007fff59c10000 - 0x00007fff59c3d000 	C:\Windows\SYSTEM32\GLU32.dll
0x00007fffb0480000 - 0x00007fffb04b6000 	C:\Windows\SYSTEM32\dxcore.dll
0x00007fff9b9c0000 - 0x00007fff9bb69000 	C:\Windows\system32\d3d9.dll
0x00007fffa79d0000 - 0x00007fffa7b8b000 	C:\Windows\System32\DriverStore\FileRepository\u0385165.inf_amd64_21334d6e6df1a592\B383687\aticfx64.dll
0x00007fff6aa90000 - 0x00007fff6c85f000 	C:\Windows\System32\DriverStore\FileRepository\u0385165.inf_amd64_21334d6e6df1a592\B383687\amdxn64.dll
0x00007fffb4dd0000 - 0x00007fffb5244000 	C:\Windows\System32\SETUPAPI.dll
0x00007fffb04d0000 - 0x00007fffb05c8000 	C:\Windows\SYSTEM32\dxgi.dll
0x00007fffa5240000 - 0x00007fffa5275000 	C:\Windows\SYSTEM32\amdihk64.dll
0x00007fffad770000 - 0x00007fffad7ba000 	C:\Windows\SYSTEM32\directxdatabasehelper.dll
0x00007fffb4ca0000 - 0x00007fffb4d50000 	C:\Windows\System32\clbcatq.dll
0x00007fffae710000 - 0x00007fffae8c0000 	C:\Windows\SYSTEM32\WindowsCodecs.dll
0x00007fff9cb50000 - 0x00007fff9cbae000 	C:\Windows\system32\dataexchange.dll
0x00007fffaa9a0000 - 0x00007fffaac25000 	C:\Windows\system32\twinapi.appcore.dll
0x00007fff9bc30000 - 0x00007fff9bc48000 	C:\Program Files\Java\jdk-17\bin\zip.dll
0x00007fffa4dd0000 - 0x00007fffa4dfe000 	C:\Program Files\Java\jdk-17\bin\javajpeg.dll

dbghelp: loaded successfully - version: 4.0.5 - missing functions: none
symbol engine: initialized successfully - sym options: 0x614 - pdb path: .;C:\Program Files\Java\jdk-17\bin;C:\Windows\SYSTEM32;C:\Windows\WinSxS\amd64_microsoft.windows.common-controls_6595b64144ccf1df_6.0.22621.2506_none_270c5ae97388e100;C:\Program Files\Java\jdk-17\bin\server;C:\Windows\System32\DriverStore\FileRepository\u0385165.inf_amd64_21334d6e6df1a592\B383687

VM Arguments:
jvm_args: -Dfile.encoding=UTF-8 --module-path=C:\Users\bala2\Documents\NetBeansProjects\Cafe Managment\build\classes 
java_command: cafe.Dashboard
java_class_path (initial): C:\Users\bala2\Documents\NetBeansProjects\Cafe Managment\build\classes
Launcher Type: SUN_STANDARD

[Global flags]
     intx CICompilerCount                          = 12                                        {product} {ergonomic}
     uint ConcGCThreads                            = 3                                         {product} {ergonomic}
     uint G1ConcRefinementThreads                  = 13                                        {product} {ergonomic}
   size_t G1HeapRegionSize                         = 1048576                                   {product} {ergonomic}
    uintx GCDrainStackTargetSize                   = 64                                        {product} {ergonomic}
   size_t InitialHeapSize                          = 121634816                                 {product} {ergonomic}
   size_t MarkStackSize                            = 4194304                                   {product} {ergonomic}
   size_t MaxHeapSize                              = 1946157056                                {product} {ergonomic}
   size_t MaxNewSize                               = 1167065088                                {product} {ergonomic}
   size_t MinHeapDeltaBytes                        = 1048576                                   {product} {ergonomic}
   size_t MinHeapSize                              = 8388608                                   {product} {ergonomic}
    uintx NonNMethodCodeHeapSize                   = 7602480                                {pd product} {ergonomic}
    uintx NonProfiledCodeHeapSize                  = 122027880                              {pd product} {ergonomic}
    uintx ProfiledCodeHeapSize                     = 122027880                              {pd product} {ergonomic}
    uintx ReservedCodeCacheSize                    = 251658240                              {pd product} {ergonomic}
     bool SegmentedCodeCache                       = true                                      {product} {ergonomic}
   size_t SoftMaxHeapSize                          = 1946157056                             {manageable} {ergonomic}
     bool UseCompressedClassPointers               = true                           {product lp64_product} {ergonomic}
     bool UseCompressedOops                        = true                           {product lp64_product} {ergonomic}
     bool UseG1GC                                  = true                                      {product} {ergonomic}
     bool UseLargePagesIndividualAllocation        = false                                  {pd product} {ergonomic}

Logging:
Log output configuration:
 #0: stdout all=warning uptime,level,tags
 #1: stderr all=off uptime,level,tags

Environment Variables:
JAVA_HOME=C:\Program Files\Java\jdk-17
PATH=C:\Program Files\Common Files\Oracle\Java\javapath;C:\Windows\system32;C:\Windows;C:\Windows\System32\Wbem;C:\Windows\System32\WindowsPowerShell\v1.0\;C:\Windows\System32\OpenSSH\;C:\Program Files (x86)\NVIDIA Corporation\PhysX\Common;C:\Program Files\NVIDIA Corporation\NVIDIA NvDLISR;C:\Program Files\dotnet\;C:\Program Files\Java\jdk-17\bin;C:\Program Files\Git\cmd;C:\Users\bala2\AppData\Local\Microsoft\WindowsApps;;C:\Users\bala2\AppData\Local\Programs\Microsoft VS Code\bin
USERNAME=bala2
OS=Windows_NT
PROCESSOR_IDENTIFIER=AMD64 Family 25 Model 68 Stepping 1, AuthenticAMD



---------------  S Y S T E M  ---------------

OS:
 Windows 11 , 64 bit Build 22621 (10.0.22621.2506)
OS uptime: 1 days 0:10 hours
Hyper-V role detected

CPU: total 16 (initial active 16) (16 cores per cpu, 2 threads per core) family 25 model 68 stepping 1 microcode 0x0, cx8, cmov, fxsr, ht, mmx, 3dnowpref, sse, sse2, sse3, ssse3, sse4a, sse4.1, sse4.2, popcnt, lzcnt, tsc, tscinvbit, avx, avx2, aes, erms, clmul, bmi1, bmi2, adx, sha, fma, vzeroupper, clflush, clflushopt, hv

Memory: 4k page, system-wide physical 7418M (621M free)
TotalPageFile size 29946M (AvailPageFile size 190M)
current process WorkingSet (physical memory assigned to process): 284M, peak: 304M
current process commit charge ("private bytes"): 373M, peak: 575M

vm_info: Java HotSpot(TM) 64-Bit Server VM (17.0.9+11-LTS-201) for windows-amd64 JRE (17.0.9+11-LTS-201), built on Oct 10 2023 23:16:06 by "mach5one" with MS VC++ 17.1 (VS2022)

END.
